Log file open, 01/31/23 16:33:23
LogWindows: Failed to load 'aqProf.dll' (GetLastError=126)
LogWindows: File 'aqProf.dll' does not exist
LogWindows: Failed to load 'VtuneApi.dll' (GetLastError=126)
LogWindows: File 'VtuneApi.dll' does not exist
LogWindows: Failed to load 'VtuneApi32e.dll' (GetLastError=126)
LogWindows: File 'VtuneApi32e.dll' does not exist
LogConsoleResponse: Display: Failed to find resolution value strings in scalability ini. Falling back to default.
LogConsoleResponse: Display: Failed to find resolution value strings in scalability ini. Falling back to default.
LogInit: Display: Running engine for game: Project_One
LogPlatformFile: Not using cached read wrapper
LogTaskGraph: Started task graph with 5 named threads and 83 total threads with 3 sets of task threads.
LogStats: Stats thread started at 0.170780
LogICUInternationalization: ICU TimeZone Detection - Raw Offset: +3:00, Platform Override: ''
LogInit: Display: Loading text-based GConfig....
LogPluginManager: Mounting plugin MeshPainting
LogPluginManager: Mounting plugin XGEController
LogPluginManager: Mounting plugin Paper2D
LogPluginManager: Mounting plugin LiveLink
LogPluginManager: Mounting plugin AISupport
LogPluginManager: Mounting plugin EnvironmentQueryEditor
LogPluginManager: Mounting plugin CameraShakePreviewer
LogPluginManager: Mounting plugin AnimationSharing
LogPluginManager: Mounting plugin OodleData
LogPluginManager: Mounting plugin OodleNetwork
LogPluginManager: Mounting plugin GameplayCameras
LogPluginManager: Mounting plugin DatasmithContent
LogPluginManager: Mounting plugin VariantManagerContent
LogPluginManager: Mounting plugin BackChannel
LogPluginManager: Mounting plugin ChaosNiagara
LogPluginManager: Mounting plugin ChaosEditor
LogPluginManager: Mounting plugin ChaosSolverPlugin
LogPluginManager: Mounting plugin AutomationUtils
LogPluginManager: Mounting plugin ChaosCloth
LogPluginManager: Mounting plugin ChaosClothEditor
LogPluginManager: Mounting plugin AlembicImporter
LogPluginManager: Mounting plugin CharacterAI
LogPluginManager: Mounting plugin GeometryCache
LogPluginManager: Mounting plugin GeometryCollectionPlugin
LogPluginManager: Mounting plugin GeometryProcessing
LogPluginManager: Mounting plugin MotoSynth
LogPluginManager: Mounting plugin PlanarCut
LogPluginManager: Mounting plugin ProxyLODPlugin
LogPluginManager: Mounting plugin PythonScriptPlugin
LogPluginManager: Mounting plugin PlatformCrypto
LogPluginManager: Mounting plugin OpenImageDenoise
LogPluginManager: Mounting plugin SkeletalReduction
LogPluginManager: Mounting plugin LuminPlatformFeatures
LogPluginManager: Mounting plugin MagicLeap
LogPluginManager: Mounting plugin MagicLeapLightEstimation
LogPluginManager: Mounting plugin MagicLeapMedia
LogPluginManager: Mounting plugin Niagara
LogPluginManager: Mounting plugin MagicLeapPassableWorld
LogPluginManager: Mounting plugin AndroidMedia
LogPluginManager: Mounting plugin MLSDK
LogPluginManager: Mounting plugin AvfMedia
LogPluginManager: Mounting plugin MediaCompositing
LogPluginManager: Mounting plugin WebMMedia
LogPluginManager: Mounting plugin WmfMedia
LogPluginManager: Mounting plugin MediaPlayerEditor
LogPluginManager: Mounting plugin TcpMessaging
LogPluginManager: Mounting plugin UdpMessaging
LogPluginManager: Mounting plugin LevelSequenceEditor
LogPluginManager: Mounting plugin TemplateSequence
LogPluginManager: Mounting plugin MatineeToLevelSequence
LogPluginManager: Mounting plugin LauncherChunkInstaller
LogPluginManager: Mounting plugin ImgMedia
LogPluginManager: Mounting plugin OnlineSubsystem
LogPluginManager: Mounting plugin OnlineSubsystemNull
LogPluginManager: Mounting plugin ActorSequence
LogPluginManager: Mounting plugin ActorLayerUtilities
LogPluginManager: Mounting plugin OnlineSubsystemUtils
LogPluginManager: Mounting plugin AndroidMoviePlayer
LogPluginManager: Mounting plugin AppleImageUtils
LogPluginManager: Mounting plugin AndroidPermission
LogPluginManager: Mounting plugin AndroidDeviceProfileSelector
LogPluginManager: Mounting plugin AppleMoviePlayer
LogPluginManager: Mounting plugin ArchVisCharacter
LogPluginManager: Mounting plugin AssetTags
LogPluginManager: Mounting plugin AudioCapture
LogPluginManager: Mounting plugin AudioSynesthesia
LogPluginManager: Mounting plugin CableComponent
LogPluginManager: Mounting plugin ChunkDownloader
LogPluginManager: Mounting plugin ExampleDeviceProfileSelector
LogPluginManager: Mounting plugin CustomMeshComponent
LogPluginManager: Mounting plugin EditableMesh
LogPluginManager: Mounting plugin GooglePAD
LogPluginManager: Mounting plugin GoogleCloudMessaging
LogPluginManager: Mounting plugin IOSDeviceProfileSelector
LogPluginManager: Mounting plugin LinuxDeviceProfileSelector
LogPluginManager: Mounting plugin LocationServicesBPLibrary
LogPluginManager: Mounting plugin MobilePatchingUtils
LogPluginManager: Mounting plugin OpenXREyeTracker
LogPluginManager: Mounting plugin OpenXRHandTracking
LogPluginManager: Mounting plugin ScreenshotTools
LogPluginManager: Mounting plugin PostSplashScreen
LogPluginManager: Mounting plugin OpenXR
LogPluginManager: Mounting plugin ProceduralMeshComponent
LogPluginManager: Mounting plugin PhysXVehicles
LogPluginManager: Mounting plugin PropertyAccessEditor
LogPluginManager: Mounting plugin RuntimePhysXCooking
LogPluginManager: Mounting plugin SoundFields
LogPluginManager: Mounting plugin SignificanceManager
LogPluginManager: Mounting plugin WebMMoviePlayer
LogPluginManager: Mounting plugin WindowsMoviePlayer
LogPluginManager: Mounting plugin Synthesis
LogPluginManager: Mounting plugin CLionSourceCodeAccess
LogPluginManager: Mounting plugin Takes
LogPluginManager: Mounting plugin CodeLiteSourceCodeAccess
LogPluginManager: Mounting plugin KDevelopSourceCodeAccess
LogPluginManager: Mounting plugin GitSourceControl
LogPluginManager: Mounting plugin NullSourceCodeAccess
LogPluginManager: Mounting plugin PlasticSourceControl
LogPluginManager: Mounting plugin PropertyAccessNode
LogPluginManager: Mounting plugin PerforceSourceControl
LogPluginManager: Mounting plugin PluginUtils
LogPluginManager: Mounting plugin TextureFormatOodle
LogPluginManager: Mounting plugin SubversionSourceControl
LogPluginManager: Mounting plugin VisualStudioCodeSourceCodeAccess
LogPluginManager: Mounting plugin XCodeSourceCodeAccess
LogPluginManager: Mounting plugin VisualStudioSourceCodeAccess
LogPluginManager: Mounting plugin PixWinPlugin
LogPluginManager: Mounting plugin UObjectPlugin
LogPluginManager: Mounting plugin RiderSourceCodeAccess
LogPluginManager: Mounting plugin AssetManagerEditor
LogPluginManager: Mounting plugin CurveEditorTools
LogPluginManager: Mounting plugin DataValidation
LogPluginManager: Mounting plugin FacialAnimation
LogPluginManager: Mounting plugin MacGraphicsSwitching
LogPluginManager: Mounting plugin CryptoKeys
LogPluginManager: Mounting plugin GameplayTagsEditor
LogPluginManager: Mounting plugin MaterialAnalyzer
LogPluginManager: Mounting plugin GeometryMode
LogPluginManager: Mounting plugin MobileLauncherProfileWizard
LogPluginManager: Mounting plugin PluginBrowser
LogPluginManager: Mounting plugin LightPropagationVolume
LogPluginManager: Mounting plugin SpeedTreeImporter
LogPluginManager: Mounting plugin OnlineSubsystemGooglePlay
LogPluginManager: Mounting plugin OnlineSubsystemIOS
LogPluginManager: Mounting plugin OculusVR
LogPluginManager: Mounting plugin SteamVR
LogPluginManager: Mounting plugin ContentBrowserAssetDataSource
LogPluginManager: Mounting plugin ContentBrowserFileDataSource
LogPluginManager: Mounting plugin ContentBrowserClassDataSource
LogLuminAPIImpl: Warning: MLSDK not found.  This likely means the MLSDK environment variable is not set.
LogInit: Using libcurl 7.55.1-DEV
LogInit:  - built for x86_64-pc-win32
LogInit:  - supports SSL with OpenSSL/1.1.1
LogInit:  - supports HTTP deflate (compression) using libz 1.2.8
LogInit:  - other features:
LogInit:      CURL_VERSION_SSL
LogInit:      CURL_VERSION_LIBZ
LogInit:      CURL_VERSION_IPV6
LogInit:      CURL_VERSION_ASYNCHDNS
LogInit:      CURL_VERSION_LARGEFILE
LogInit:      CURL_VERSION_IDN
LogInit:  CurlRequestOptions (configurable via config and command line):
LogInit:  - bVerifyPeer = true  - Libcurl will verify peer certificate
LogInit:  - bUseHttpProxy = false  - Libcurl will NOT use HTTP proxy
LogInit:  - bDontReuseConnections = false  - Libcurl will reuse connections
LogInit:  - MaxHostConnections = 16  - Libcurl will limit the number of connections to a host
LogInit:  - LocalHostAddr = Default
LogInit:  - BufferSize = 65536
LogOnline: OSS: Creating online subsystem instance for: NULL
LogInit: WinSock: version 1.1 (2.2), MaxSocks=32767, MaxUdp=65467
LogOnline: OSS: TryLoadSubsystemAndSetDefault: Loaded subsystem for module [NULL]
PixWinPlugin: PIX capture plugin failed to initialize! Check that the process is launched from PIX.
LogOculusPluginWrapper: OculusPlugin initialized successfully
LogHMD: Failed initializing OVRPlugin 1.59.0
LogInit: Build: ++UE4+Release-4.27-CL-18319896
LogInit: Engine Version: 4.27.2-18319896+++UE4+Release-4.27
LogInit: Compatible Engine Version: 4.27.0-17155196+++UE4+Release-4.27
LogInit: Net CL: 17155196
LogInit: OS: Windows 10 (Release 2009) (), CPU: AMD Ryzen 9 5950X 16-Core Processor            , GPU: NVIDIA GeForce RTX 4080
LogInit: Compiled (64-bit): Nov 30 2021 07:12:08
LogInit: Compiled with Visual C++: 19.24.28315.00
LogInit: Build Configuration: Development
LogInit: Branch Name: ++UE4+Release-4.27
LogInit: Command Line: 
LogInit: Base Directory: C:/Program Files/Epic Games/UE_4.27/Engine/Binaries/Win64/
LogInit: Allocator: TBB
LogInit: Installed Engine Build: 1
LogDevObjectVersion: Number of dev versions registered: 29
LogDevObjectVersion:   Dev-Blueprints (B0D832E4-1F89-4F0D-ACCF-7EB736FD4AA2): 10
LogDevObjectVersion:   Dev-Build (E1C64328-A22C-4D53-A36C-8E866417BD8C): 0
LogDevObjectVersion:   Dev-Core (375EC13C-06E4-48FB-B500-84F0262A717E): 4
LogDevObjectVersion:   Dev-Editor (E4B068ED-F494-42E9-A231-DA0B2E46BB41): 40
LogDevObjectVersion:   Dev-Framework (CFFC743F-43B0-4480-9391-14DF171D2073): 37
LogDevObjectVersion:   Dev-Mobile (B02B49B5-BB20-44E9-A304-32B752E40360): 3
LogDevObjectVersion:   Dev-Networking (A4E4105C-59A1-49B5-A7C5-40C4547EDFEE): 0
LogDevObjectVersion:   Dev-Online (39C831C9-5AE6-47DC-9A44-9C173E1C8E7C): 0
LogDevObjectVersion:   Dev-Physics (78F01B33-EBEA-4F98-B9B4-84EACCB95AA2): 14
LogDevObjectVersion:   Dev-Platform (6631380F-2D4D-43E0-8009-CF276956A95A): 0
LogDevObjectVersion:   Dev-Rendering (12F88B9F-8875-4AFC-A67C-D90C383ABD29): 45
LogDevObjectVersion:   Dev-Sequencer (7B5AE74C-D270-4C10-A958-57980B212A5A): 13
LogDevObjectVersion:   Dev-VR (D7296918-1DD6-4BDD-9DE2-64A83CC13884): 3
LogDevObjectVersion:   Dev-LoadTimes (C2A15278-BFE7-4AFE-6C17-90FF531DF755): 1
LogDevObjectVersion:   Private-Geometry (6EACA3D4-40EC-4CC1-B786-8BED09428FC5): 3
LogDevObjectVersion:   Dev-AnimPhys (29E575DD-E0A3-4627-9D10-D276232CDCEA): 17
LogDevObjectVersion:   Dev-Anim (AF43A65D-7FD3-4947-9873-3E8ED9C1BB05): 15
LogDevObjectVersion:   Dev-ReflectionCapture (6B266CEC-1EC7-4B8F-A30B-E4D90942FC07): 1
LogDevObjectVersion:   Dev-Automation (0DF73D61-A23F-47EA-B727-89E90C41499A): 1
LogDevObjectVersion:   FortniteMain (601D1886-AC64-4F84-AA16-D3DE0DEAC7D6): 47
LogDevObjectVersion:   FortniteRelease (E7086368-6B23-4C58-8439-1B7016265E91): 1
LogDevObjectVersion:   Dev-Enterprise (9DFFBCD6-494F-0158-E221-12823C92A888): 10
LogDevObjectVersion:   Dev-Niagara (F2AED0AC-9AFE-416F-8664-AA7FFA26D6FC): 1
LogDevObjectVersion:   Dev-Destruction (174F1F0B-B4C6-45A5-B13F-2EE8D0FB917D): 10
LogDevObjectVersion:   Dev-Physics-Ext (35F94A83-E258-406C-A318-09F59610247C): 41
LogDevObjectVersion:   Dev-PhysicsMaterial-Chaos (B68FC16E-8B1B-42E2-B453-215C058844FE): 1
LogDevObjectVersion:   Dev-CineCamera (B2E18506-4273-CFC2-A54E-F4BB758BBA07): 1
LogDevObjectVersion:   Dev-VirtualProduction (64F58936-FD1B-42BA-BA96-7289D5D0FA4E): 1
LogDevObjectVersion:   Dev-MediaFramework (6F0ED827-A609-4895-9C91-998D90180EA4): 2
LogInit: Presizing for max 25165824 objects, including 0 objects not considered by GC, pre-allocating 0 bytes for permanent pool.
LogConfig: Applying CVar settings from Section [/Script/Engine.StreamingSettings] File [D:/UE_Projects/Unreal_Reposit/Project_One/Project_One/Saved/Config/Windows/Engine.ini]
LogConfig: Setting CVar [[s.MinBulkDataSizeForAsyncLoading:131072]]
LogConfig: Setting CVar [[s.AsyncLoadingThreadEnabled:0]]
LogConfig: Setting CVar [[s.EventDrivenLoaderEnabled:1]]
LogConfig: Setting CVar [[s.WarnIfTimeLimitExceeded:0]]
LogConfig: Setting CVar [[s.TimeLimitExceededMultiplier:1.5]]
LogConfig: Setting CVar [[s.TimeLimitExceededMinTime:0.005]]
LogConfig: Setting CVar [[s.UseBackgroundLevelStreaming:1]]
LogConfig: Setting CVar [[s.PriorityAsyncLoadingExtraTime:15.0]]
LogConfig: Setting CVar [[s.LevelStreamingActorsUpdateTimeLimit:5.0]]
LogConfig: Setting CVar [[s.PriorityLevelStreamingActorsUpdateExtraTime:5.0]]
LogConfig: Setting CVar [[s.LevelStreamingComponentsRegistrationGranularity:10]]
LogConfig: Setting CVar [[s.UnregisterComponentsTimeLimit:1.0]]
LogConfig: Setting CVar [[s.LevelStreamingComponentsUnregistrationGranularity:5]]
LogConfig: Setting CVar [[s.FlushStreamingOnExit:1]]
LogInit: Object subsystem initialized
LogConfig: Setting CVar [[con.DebugEarlyDefault:1]]
LogConfig: Setting CVar [[r.setres:1280x720]]
[2023.01.31-13.33.23:515][  0]LogConfig: Setting CVar [[r.VSync:0]]
[2023.01.31-13.33.23:515][  0]LogConfig: Setting CVar [[r.RHICmdBypass:0]]
[2023.01.31-13.33.23:515][  0]LogConfig: Applying CVar settings from Section [/Script/Engine.RendererSettings] File [D:/UE_Projects/Unreal_Reposit/Project_One/Project_One/Saved/Config/Windows/Engine.ini]
[2023.01.31-13.33.23:515][  0]LogConfig: Setting CVar [[r.GPUCrashDebugging:0]]
[2023.01.31-13.33.23:515][  0]LogConfig: Applying CVar settings from Section [/Script/Engine.RendererOverrideSettings] File [D:/UE_Projects/Unreal_Reposit/Project_One/Project_One/Saved/Config/Windows/Engine.ini]
[2023.01.31-13.33.23:515][  0]LogConfig: Applying CVar settings from Section [/Script/Engine.StreamingSettings] File [D:/UE_Projects/Unreal_Reposit/Project_One/Project_One/Saved/Config/Windows/Engine.ini]
[2023.01.31-13.33.23:515][  0]LogConfig: Setting CVar [[s.MinBulkDataSizeForAsyncLoading:131072]]
[2023.01.31-13.33.23:515][  0]LogConfig: Setting CVar [[s.AsyncLoadingThreadEnabled:0]]
[2023.01.31-13.33.23:515][  0]LogConfig: Setting CVar [[s.EventDrivenLoaderEnabled:1]]
[2023.01.31-13.33.23:515][  0]LogConfig: Setting CVar [[s.WarnIfTimeLimitExceeded:0]]
[2023.01.31-13.33.23:515][  0]LogConfig: Setting CVar [[s.TimeLimitExceededMultiplier:1.5]]
[2023.01.31-13.33.23:515][  0]LogConfig: Setting CVar [[s.TimeLimitExceededMinTime:0.005]]
[2023.01.31-13.33.23:515][  0]LogConfig: Setting CVar [[s.UseBackgroundLevelStreaming:1]]
[2023.01.31-13.33.23:515][  0]LogConfig: Setting CVar [[s.PriorityAsyncLoadingExtraTime:15.0]]
[2023.01.31-13.33.23:515][  0]LogConfig: Setting CVar [[s.LevelStreamingActorsUpdateTimeLimit:5.0]]
[2023.01.31-13.33.23:515][  0]LogConfig: Setting CVar [[s.PriorityLevelStreamingActorsUpdateExtraTime:5.0]]
[2023.01.31-13.33.23:515][  0]LogConfig: Setting CVar [[s.LevelStreamingComponentsRegistrationGranularity:10]]
[2023.01.31-13.33.23:515][  0]LogConfig: Setting CVar [[s.UnregisterComponentsTimeLimit:1.0]]
[2023.01.31-13.33.23:515][  0]LogConfig: Setting CVar [[s.LevelStreamingComponentsUnregistrationGranularity:5]]
[2023.01.31-13.33.23:515][  0]LogConfig: Setting CVar [[s.FlushStreamingOnExit:1]]
[2023.01.31-13.33.23:515][  0]LogConfig: Applying CVar settings from Section [/Script/Engine.GarbageCollectionSettings] File [D:/UE_Projects/Unreal_Reposit/Project_One/Project_One/Saved/Config/Windows/Engine.ini]
[2023.01.31-13.33.23:515][  0]LogConfig: Setting CVar [[gc.MaxObjectsNotConsideredByGC:1]]
[2023.01.31-13.33.23:515][  0]LogConfig: Setting CVar [[gc.SizeOfPermanentObjectPool:0]]
[2023.01.31-13.33.23:515][  0]LogConfig: Setting CVar [[gc.FlushStreamingOnGC:0]]
[2023.01.31-13.33.23:515][  0]LogConfig: Setting CVar [[gc.NumRetriesBeforeForcingGC:10]]
[2023.01.31-13.33.23:515][  0]LogConfig: Setting CVar [[gc.AllowParallelGC:1]]
[2023.01.31-13.33.23:515][  0]LogConfig: Setting CVar [[gc.TimeBetweenPurgingPendingKillObjects:61.1]]
[2023.01.31-13.33.23:515][  0]LogConfig: Setting CVar [[gc.MaxObjectsInEditor:25165824]]
[2023.01.31-13.33.23:515][  0]LogConfig: Setting CVar [[gc.IncrementalBeginDestroyEnabled:1]]
[2023.01.31-13.33.23:515][  0]LogConfig: Setting CVar [[gc.CreateGCClusters:1]]
[2023.01.31-13.33.23:515][  0]LogConfig: Setting CVar [[gc.MinGCClusterSize:5]]
[2023.01.31-13.33.23:515][  0]LogConfig: Setting CVar [[gc.ActorClusteringEnabled:0]]
[2023.01.31-13.33.23:516][  0]LogConfig: Setting CVar [[gc.BlueprintClusteringEnabled:0]]
[2023.01.31-13.33.23:516][  0]LogConfig: Setting CVar [[gc.UseDisregardForGCOnDedicatedServers:0]]
[2023.01.31-13.33.23:516][  0]LogConfig: Setting CVar [[gc.MultithreadedDestructionEnabled:1]]
[2023.01.31-13.33.23:516][  0]LogConfig: Applying CVar settings from Section [/Script/Engine.NetworkSettings] File [D:/UE_Projects/Unreal_Reposit/Project_One/Project_One/Saved/Config/Windows/Engine.ini]
[2023.01.31-13.33.23:516][  0]LogConfig: Applying CVar settings from Section [/Script/UnrealEd.CookerSettings] File [D:/UE_Projects/Unreal_Reposit/Project_One/Project_One/Saved/Config/Windows/Engine.ini]
[2023.01.31-13.33.23:525][  0]LogConfig: Applying CVar settings from Section [ViewDistanceQuality@3] File [D:/UE_Projects/Unreal_Reposit/Project_One/Project_One/Saved/Config/Windows/Scalability.ini]
[2023.01.31-13.33.23:525][  0]LogConfig: Setting CVar [[r.SkeletalMeshLODBias:0]]
[2023.01.31-13.33.23:525][  0]LogConfig: Setting CVar [[r.ViewDistanceScale:1.0]]
[2023.01.31-13.33.23:525][  0]LogConfig: Applying CVar settings from Section [AntiAliasingQuality@3] File [D:/UE_Projects/Unreal_Reposit/Project_One/Project_One/Saved/Config/Windows/Scalability.ini]
[2023.01.31-13.33.23:525][  0]LogConfig: Setting CVar [[r.PostProcessAAQuality:4]]
[2023.01.31-13.33.23:525][  0]LogConfig: Applying CVar settings from Section [ShadowQuality@3] File [D:/UE_Projects/Unreal_Reposit/Project_One/Project_One/Saved/Config/Windows/Scalability.ini]
[2023.01.31-13.33.23:525][  0]LogConfig: Setting CVar [[r.LightFunctionQuality:1]]
[2023.01.31-13.33.23:525][  0]LogConfig: Setting CVar [[r.ShadowQuality:5]]
[2023.01.31-13.33.23:525][  0]LogConfig: Setting CVar [[r.Shadow.CSM.MaxCascades:10]]
[2023.01.31-13.33.23:525][  0]LogConfig: Setting CVar [[r.Shadow.MaxResolution:2048]]
[2023.01.31-13.33.23:525][  0]LogConfig: Setting CVar [[r.Shadow.MaxCSMResolution:2048]]
[2023.01.31-13.33.23:525][  0]LogConfig: Setting CVar [[r.Shadow.RadiusThreshold:0.01]]
[2023.01.31-13.33.23:525][  0]LogConfig: Setting CVar [[r.Shadow.DistanceScale:1.0]]
[2023.01.31-13.33.23:525][  0]LogConfig: Setting CVar [[r.Shadow.CSM.TransitionScale:1.0]]
[2023.01.31-13.33.23:525][  0]LogConfig: Setting CVar [[r.Shadow.PreShadowResolutionFactor:1.0]]
[2023.01.31-13.33.23:525][  0]LogConfig: Setting CVar [[r.DistanceFieldShadowing:1]]
[2023.01.31-13.33.23:525][  0]LogConfig: Setting CVar [[r.DistanceFieldAO:1]]
[2023.01.31-13.33.23:526][  0]LogConfig: Setting CVar [[r.AOQuality:2]]
[2023.01.31-13.33.23:526][  0]LogConfig: Setting CVar [[r.VolumetricFog:1]]
[2023.01.31-13.33.23:526][  0]LogConfig: Setting CVar [[r.VolumetricFog.GridPixelSize:8]]
[2023.01.31-13.33.23:526][  0]LogConfig: Setting CVar [[r.VolumetricFog.GridSizeZ:128]]
[2023.01.31-13.33.23:526][  0]LogConfig: Setting CVar [[r.VolumetricFog.HistoryMissSupersampleCount:4]]
[2023.01.31-13.33.23:526][  0]LogConfig: Setting CVar [[r.LightMaxDrawDistanceScale:1]]
[2023.01.31-13.33.23:526][  0]LogConfig: Setting CVar [[r.CapsuleShadows:1]]
[2023.01.31-13.33.23:526][  0]LogConfig: Applying CVar settings from Section [PostProcessQuality@3] File [D:/UE_Projects/Unreal_Reposit/Project_One/Project_One/Saved/Config/Windows/Scalability.ini]
[2023.01.31-13.33.23:526][  0]LogConfig: Setting CVar [[r.MotionBlurQuality:4]]
[2023.01.31-13.33.23:526][  0]LogConfig: Setting CVar [[r.AmbientOcclusionMipLevelFactor:0.4]]
[2023.01.31-13.33.23:526][  0]LogConfig: Setting CVar [[r.AmbientOcclusionMaxQuality:100]]
[2023.01.31-13.33.23:526][  0]LogConfig: Setting CVar [[r.AmbientOcclusionLevels:-1]]
[2023.01.31-13.33.23:526][  0]LogConfig: Setting CVar [[r.AmbientOcclusionRadiusScale:1.0]]
[2023.01.31-13.33.23:526][  0]LogConfig: Setting CVar [[r.DepthOfFieldQuality:2]]
[2023.01.31-13.33.23:526][  0]LogConfig: Setting CVar [[r.RenderTargetPoolMin:400]]
[2023.01.31-13.33.23:526][  0]LogConfig: Setting CVar [[r.LensFlareQuality:2]]
[2023.01.31-13.33.23:526][  0]LogConfig: Setting CVar [[r.SceneColorFringeQuality:1]]
[2023.01.31-13.33.23:526][  0]LogConfig: Setting CVar [[r.EyeAdaptationQuality:2]]
[2023.01.31-13.33.23:526][  0]LogConfig: Setting CVar [[r.BloomQuality:5]]
[2023.01.31-13.33.23:526][  0]LogConfig: Setting CVar [[r.FastBlurThreshold:100]]
[2023.01.31-13.33.23:526][  0]LogConfig: Setting CVar [[r.Upscale.Quality:3]]
[2023.01.31-13.33.23:526][  0]LogConfig: Setting CVar [[r.Tonemapper.GrainQuantization:1]]
[2023.01.31-13.33.23:526][  0]LogConfig: Setting CVar [[r.LightShaftQuality:1]]
[2023.01.31-13.33.23:526][  0]LogConfig: Setting CVar [[r.Filter.SizeScale:1]]
[2023.01.31-13.33.23:526][  0]LogConfig: Setting CVar [[r.Tonemapper.Quality:5]]
[2023.01.31-13.33.23:526][  0]LogConfig: Setting CVar [[r.DOF.Gather.AccumulatorQuality:1        ; higher gathering accumulator quality]]
[2023.01.31-13.33.23:526][  0]LogConfig: Setting CVar [[r.DOF.Gather.PostfilterMethod:1          ; Median3x3 postfilering method]]
[2023.01.31-13.33.23:526][  0]LogConfig: Setting CVar [[r.DOF.Gather.EnableBokehSettings:0       ; no bokeh simulation when gathering]]
[2023.01.31-13.33.23:526][  0]LogConfig: Setting CVar [[r.DOF.Gather.RingCount:4                 ; medium number of samples when gathering]]
[2023.01.31-13.33.23:526][  0]LogConfig: Setting CVar [[r.DOF.Scatter.ForegroundCompositing:1    ; additive foreground scattering]]
[2023.01.31-13.33.23:526][  0]LogConfig: Setting CVar [[r.DOF.Scatter.BackgroundCompositing:2    ; additive background scattering]]
[2023.01.31-13.33.23:526][  0]LogConfig: Setting CVar [[r.DOF.Scatter.EnableBokehSettings:1      ; bokeh simulation when scattering]]
[2023.01.31-13.33.23:526][  0]LogConfig: Setting CVar [[r.DOF.Scatter.MaxSpriteRatio:0.1         ; only a maximum of 10% of scattered bokeh]]
[2023.01.31-13.33.23:526][  0]LogConfig: Setting CVar [[r.DOF.Recombine.Quality:1                ; cheap slight out of focus]]
[2023.01.31-13.33.23:526][  0]LogConfig: Setting CVar [[r.DOF.Recombine.EnableBokehSettings:0    ; no bokeh simulation on slight out of focus]]
[2023.01.31-13.33.23:526][  0]LogConfig: Setting CVar [[r.DOF.TemporalAAQuality:1                ; more stable temporal accumulation]]
[2023.01.31-13.33.23:526][  0]LogConfig: Setting CVar [[r.DOF.Kernel.MaxForegroundRadius:0.025]]
[2023.01.31-13.33.23:526][  0]LogConfig: Setting CVar [[r.DOF.Kernel.MaxBackgroundRadius:0.025]]
[2023.01.31-13.33.23:526][  0]LogConfig: Applying CVar settings from Section [TextureQuality@3] File [D:/UE_Projects/Unreal_Reposit/Project_One/Project_One/Saved/Config/Windows/Scalability.ini]
[2023.01.31-13.33.23:526][  0]LogConfig: Setting CVar [[r.Streaming.MipBias:0]]
[2023.01.31-13.33.23:526][  0]LogConfig: Setting CVar [[r.Streaming.AmortizeCPUToGPUCopy:0]]
[2023.01.31-13.33.23:526][  0]LogConfig: Setting CVar [[r.Streaming.MaxNumTexturesToStreamPerFrame:0]]
[2023.01.31-13.33.23:526][  0]LogConfig: Setting CVar [[r.Streaming.Boost:1]]
[2023.01.31-13.33.23:526][  0]LogConfig: Setting CVar [[r.MaxAnisotropy:8]]
[2023.01.31-13.33.23:526][  0]LogConfig: Setting CVar [[r.VT.MaxAnisotropy:8]]
[2023.01.31-13.33.23:526][  0]LogConfig: Setting CVar [[r.Streaming.LimitPoolSizeToVRAM:0]]
[2023.01.31-13.33.23:526][  0]LogConfig: Setting CVar [[r.Streaming.PoolSize:1000]]
[2023.01.31-13.33.23:526][  0]LogConfig: Setting CVar [[r.Streaming.MaxEffectiveScreenSize:0]]
[2023.01.31-13.33.23:526][  0]LogConfig: Applying CVar settings from Section [EffectsQuality@3] File [D:/UE_Projects/Unreal_Reposit/Project_One/Project_One/Saved/Config/Windows/Scalability.ini]
[2023.01.31-13.33.23:526][  0]LogConfig: Setting CVar [[r.TranslucencyLightingVolumeDim:64]]
[2023.01.31-13.33.23:526][  0]LogConfig: Setting CVar [[r.RefractionQuality:2]]
[2023.01.31-13.33.23:526][  0]LogConfig: Setting CVar [[r.SSR.Quality:3]]
[2023.01.31-13.33.23:526][  0]LogConfig: Setting CVar [[r.SSR.HalfResSceneColor:0]]
[2023.01.31-13.33.23:526][  0]LogConfig: Setting CVar [[r.SceneColorFormat:4]]
[2023.01.31-13.33.23:526][  0]LogConfig: Setting CVar [[r.DetailMode:2]]
[2023.01.31-13.33.23:526][  0]LogConfig: Setting CVar [[r.TranslucencyVolumeBlur:1]]
[2023.01.31-13.33.23:526][  0]LogConfig: Setting CVar [[r.MaterialQualityLevel:1 ; High quality]]
[2023.01.31-13.33.23:526][  0]LogConfig: Setting CVar [[r.AnisotropicMaterials:1]]
[2023.01.31-13.33.23:526][  0]LogConfig: Setting CVar [[r.SSS.Scale:1]]
[2023.01.31-13.33.23:526][  0]LogConfig: Setting CVar [[r.SSS.SampleSet:2]]
[2023.01.31-13.33.23:526][  0]LogConfig: Setting CVar [[r.SSS.Quality:1]]
[2023.01.31-13.33.23:526][  0]LogConfig: Setting CVar [[r.SSS.HalfRes:0]]
[2023.01.31-13.33.23:526][  0]LogConfig: Setting CVar [[r.SSGI.Quality:3]]
[2023.01.31-13.33.23:526][  0]LogConfig: Setting CVar [[r.EmitterSpawnRateScale:1.0]]
[2023.01.31-13.33.23:526][  0]LogConfig: Setting CVar [[r.ParticleLightQuality:2]]
[2023.01.31-13.33.23:526][  0]LogConfig: Setting CVar [[r.SkyAtmosphere.AerialPerspectiveLUT.FastApplyOnOpaque:1 ; Always have FastSkyLUT 1 in this case to avoid wrong sky]]
[2023.01.31-13.33.23:526][  0]LogConfig: Setting CVar [[r.SkyAtmosphere.AerialPerspectiveLUT.SampleCountMaxPerSlice:4]]
[2023.01.31-13.33.23:526][  0]LogConfig: Setting CVar [[r.SkyAtmosphere.AerialPerspectiveLUT.DepthResolution:16.0]]
[2023.01.31-13.33.23:526][  0]LogConfig: Setting CVar [[r.SkyAtmosphere.FastSkyLUT:1]]
[2023.01.31-13.33.23:526][  0]LogConfig: Setting CVar [[r.SkyAtmosphere.FastSkyLUT.SampleCountMin:4.0]]
[2023.01.31-13.33.23:526][  0]LogConfig: Setting CVar [[r.SkyAtmosphere.FastSkyLUT.SampleCountMax:128.0]]
[2023.01.31-13.33.23:526][  0]LogConfig: Setting CVar [[r.SkyAtmosphere.SampleCountMin:4.0]]
[2023.01.31-13.33.23:526][  0]LogConfig: Setting CVar [[r.SkyAtmosphere.SampleCountMax:128.0]]
[2023.01.31-13.33.23:526][  0]LogConfig: Setting CVar [[r.SkyAtmosphere.TransmittanceLUT.UseSmallFormat:0]]
[2023.01.31-13.33.23:526][  0]LogConfig: Setting CVar [[r.SkyAtmosphere.TransmittanceLUT.SampleCount:10.0]]
[2023.01.31-13.33.23:526][  0]LogConfig: Setting CVar [[r.SkyAtmosphere.MultiScatteringLUT.SampleCount:15.0]]
[2023.01.31-13.33.23:526][  0]LogConfig: Setting CVar [[r.SkyLight.RealTimeReflectionCapture:1]]
[2023.01.31-13.33.23:526][  0]LogConfig: Applying CVar settings from Section [FoliageQuality@3] File [D:/UE_Projects/Unreal_Reposit/Project_One/Project_One/Saved/Config/Windows/Scalability.ini]
[2023.01.31-13.33.23:526][  0]LogConfig: Setting CVar [[foliage.DensityScale:1.0]]
[2023.01.31-13.33.23:526][  0]LogConfig: Setting CVar [[grass.DensityScale:1.0]]
[2023.01.31-13.33.23:526][  0]LogConfig: Applying CVar settings from Section [ShadingQuality@3] File [D:/UE_Projects/Unreal_Reposit/Project_One/Project_One/Saved/Config/Windows/Scalability.ini]
[2023.01.31-13.33.23:526][  0]LogConfig: Setting CVar [[r.HairStrands.SkyLighting.IntegrationType:2]]
[2023.01.31-13.33.23:526][  0]LogConfig: Setting CVar [[r.HairStrands.SkyAO.SampleCount:4]]
[2023.01.31-13.33.23:526][  0]LogConfig: Setting CVar [[r.HairStrands.Visibility.MSAA.SamplePerPixel:4]]
[2023.01.31-13.33.23:526][  0]LogInit: Selected Device Profile: [Windows]
[2023.01.31-13.33.23:526][  0]LogInit: Applying CVar settings loaded from the selected device profile: [Windows]
[2023.01.31-13.33.23:526][  0]LogHAL: Display: Platform has ~ 128 GB [137355800576 / 137438953472 / 128], which maps to Largest [LargestMinGB=32, LargerMinGB=12, DefaultMinGB=8, SmallerMinGB=6, SmallestMinGB=0)
[2023.01.31-13.33.23:526][  0]LogInit: Going up to parent DeviceProfile []
[2023.01.31-13.33.23:526][  0]LogConfig: Applying CVar settings from Section [ViewDistanceQuality@3] File [D:/UE_Projects/Unreal_Reposit/Project_One/Project_One/Saved/Config/Windows/Scalability.ini]
[2023.01.31-13.33.23:526][  0]LogConfig: Setting CVar [[r.SkeletalMeshLODBias:0]]
[2023.01.31-13.33.23:526][  0]LogConfig: Setting CVar [[r.ViewDistanceScale:1.0]]
[2023.01.31-13.33.23:526][  0]LogConfig: Applying CVar settings from Section [AntiAliasingQuality@3] File [D:/UE_Projects/Unreal_Reposit/Project_One/Project_One/Saved/Config/Windows/Scalability.ini]
[2023.01.31-13.33.23:526][  0]LogConfig: Setting CVar [[r.PostProcessAAQuality:4]]
[2023.01.31-13.33.23:526][  0]LogConfig: Applying CVar settings from Section [ShadowQuality@3] File [D:/UE_Projects/Unreal_Reposit/Project_One/Project_One/Saved/Config/Windows/Scalability.ini]
[2023.01.31-13.33.23:526][  0]LogConfig: Setting CVar [[r.LightFunctionQuality:1]]
[2023.01.31-13.33.23:526][  0]LogConfig: Setting CVar [[r.ShadowQuality:5]]
[2023.01.31-13.33.23:526][  0]LogConfig: Setting CVar [[r.Shadow.CSM.MaxCascades:10]]
[2023.01.31-13.33.23:526][  0]LogConfig: Setting CVar [[r.Shadow.MaxResolution:2048]]
[2023.01.31-13.33.23:526][  0]LogConfig: Setting CVar [[r.Shadow.MaxCSMResolution:2048]]
[2023.01.31-13.33.23:526][  0]LogConfig: Setting CVar [[r.Shadow.RadiusThreshold:0.01]]
[2023.01.31-13.33.23:526][  0]LogConfig: Setting CVar [[r.Shadow.DistanceScale:1.0]]
[2023.01.31-13.33.23:526][  0]LogConfig: Setting CVar [[r.Shadow.CSM.TransitionScale:1.0]]
[2023.01.31-13.33.23:526][  0]LogConfig: Setting CVar [[r.Shadow.PreShadowResolutionFactor:1.0]]
[2023.01.31-13.33.23:526][  0]LogConfig: Setting CVar [[r.DistanceFieldShadowing:1]]
[2023.01.31-13.33.23:526][  0]LogConfig: Setting CVar [[r.DistanceFieldAO:1]]
[2023.01.31-13.33.23:526][  0]LogConfig: Setting CVar [[r.AOQuality:2]]
[2023.01.31-13.33.23:526][  0]LogConfig: Setting CVar [[r.VolumetricFog:1]]
[2023.01.31-13.33.23:526][  0]LogConfig: Setting CVar [[r.VolumetricFog.GridPixelSize:8]]
[2023.01.31-13.33.23:526][  0]LogConfig: Setting CVar [[r.VolumetricFog.GridSizeZ:128]]
[2023.01.31-13.33.23:526][  0]LogConfig: Setting CVar [[r.VolumetricFog.HistoryMissSupersampleCount:4]]
[2023.01.31-13.33.23:526][  0]LogConfig: Setting CVar [[r.LightMaxDrawDistanceScale:1]]
[2023.01.31-13.33.23:526][  0]LogConfig: Setting CVar [[r.CapsuleShadows:1]]
[2023.01.31-13.33.23:526][  0]LogConfig: Applying CVar settings from Section [PostProcessQuality@3] File [D:/UE_Projects/Unreal_Reposit/Project_One/Project_One/Saved/Config/Windows/Scalability.ini]
[2023.01.31-13.33.23:526][  0]LogConfig: Setting CVar [[r.MotionBlurQuality:4]]
[2023.01.31-13.33.23:526][  0]LogConfig: Setting CVar [[r.AmbientOcclusionMipLevelFactor:0.4]]
[2023.01.31-13.33.23:526][  0]LogConfig: Setting CVar [[r.AmbientOcclusionMaxQuality:100]]
[2023.01.31-13.33.23:526][  0]LogConfig: Setting CVar [[r.AmbientOcclusionLevels:-1]]
[2023.01.31-13.33.23:526][  0]LogConfig: Setting CVar [[r.AmbientOcclusionRadiusScale:1.0]]
[2023.01.31-13.33.23:526][  0]LogConfig: Setting CVar [[r.DepthOfFieldQuality:2]]
[2023.01.31-13.33.23:526][  0]LogConfig: Setting CVar [[r.RenderTargetPoolMin:400]]
[2023.01.31-13.33.23:526][  0]LogConfig: Setting CVar [[r.LensFlareQuality:2]]
[2023.01.31-13.33.23:526][  0]LogConfig: Setting CVar [[r.SceneColorFringeQuality:1]]
[2023.01.31-13.33.23:526][  0]LogConfig: Setting CVar [[r.EyeAdaptationQuality:2]]
[2023.01.31-13.33.23:526][  0]LogConfig: Setting CVar [[r.BloomQuality:5]]
[2023.01.31-13.33.23:526][  0]LogConfig: Setting CVar [[r.FastBlurThreshold:100]]
[2023.01.31-13.33.23:526][  0]LogConfig: Setting CVar [[r.Upscale.Quality:3]]
[2023.01.31-13.33.23:526][  0]LogConfig: Setting CVar [[r.Tonemapper.GrainQuantization:1]]
[2023.01.31-13.33.23:526][  0]LogConfig: Setting CVar [[r.LightShaftQuality:1]]
[2023.01.31-13.33.23:526][  0]LogConfig: Setting CVar [[r.Filter.SizeScale:1]]
[2023.01.31-13.33.23:526][  0]LogConfig: Setting CVar [[r.Tonemapper.Quality:5]]
[2023.01.31-13.33.23:526][  0]LogConfig: Setting CVar [[r.DOF.Gather.AccumulatorQuality:1        ; higher gathering accumulator quality]]
[2023.01.31-13.33.23:526][  0]LogConfig: Setting CVar [[r.DOF.Gather.PostfilterMethod:1          ; Median3x3 postfilering method]]
[2023.01.31-13.33.23:527][  0]LogConfig: Setting CVar [[r.DOF.Gather.EnableBokehSettings:0       ; no bokeh simulation when gathering]]
[2023.01.31-13.33.23:527][  0]LogConfig: Setting CVar [[r.DOF.Gather.RingCount:4                 ; medium number of samples when gathering]]
[2023.01.31-13.33.23:527][  0]LogConfig: Setting CVar [[r.DOF.Scatter.ForegroundCompositing:1    ; additive foreground scattering]]
[2023.01.31-13.33.23:527][  0]LogConfig: Setting CVar [[r.DOF.Scatter.BackgroundCompositing:2    ; additive background scattering]]
[2023.01.31-13.33.23:527][  0]LogConfig: Setting CVar [[r.DOF.Scatter.EnableBokehSettings:1      ; bokeh simulation when scattering]]
[2023.01.31-13.33.23:527][  0]LogConfig: Setting CVar [[r.DOF.Scatter.MaxSpriteRatio:0.1         ; only a maximum of 10% of scattered bokeh]]
[2023.01.31-13.33.23:527][  0]LogConfig: Setting CVar [[r.DOF.Recombine.Quality:1                ; cheap slight out of focus]]
[2023.01.31-13.33.23:527][  0]LogConfig: Setting CVar [[r.DOF.Recombine.EnableBokehSettings:0    ; no bokeh simulation on slight out of focus]]
[2023.01.31-13.33.23:527][  0]LogConfig: Setting CVar [[r.DOF.TemporalAAQuality:1                ; more stable temporal accumulation]]
[2023.01.31-13.33.23:527][  0]LogConfig: Setting CVar [[r.DOF.Kernel.MaxForegroundRadius:0.025]]
[2023.01.31-13.33.23:527][  0]LogConfig: Setting CVar [[r.DOF.Kernel.MaxBackgroundRadius:0.025]]
[2023.01.31-13.33.23:527][  0]LogConfig: Applying CVar settings from Section [TextureQuality@3] File [D:/UE_Projects/Unreal_Reposit/Project_One/Project_One/Saved/Config/Windows/Scalability.ini]
[2023.01.31-13.33.23:527][  0]LogConfig: Setting CVar [[r.Streaming.MipBias:0]]
[2023.01.31-13.33.23:527][  0]LogConfig: Setting CVar [[r.Streaming.AmortizeCPUToGPUCopy:0]]
[2023.01.31-13.33.23:527][  0]LogConfig: Setting CVar [[r.Streaming.MaxNumTexturesToStreamPerFrame:0]]
[2023.01.31-13.33.23:527][  0]LogConfig: Setting CVar [[r.Streaming.Boost:1]]
[2023.01.31-13.33.23:527][  0]LogConfig: Setting CVar [[r.MaxAnisotropy:8]]
[2023.01.31-13.33.23:527][  0]LogConfig: Setting CVar [[r.VT.MaxAnisotropy:8]]
[2023.01.31-13.33.23:527][  0]LogConfig: Setting CVar [[r.Streaming.LimitPoolSizeToVRAM:0]]
[2023.01.31-13.33.23:527][  0]LogConfig: Setting CVar [[r.Streaming.PoolSize:1000]]
[2023.01.31-13.33.23:527][  0]LogConfig: Setting CVar [[r.Streaming.MaxEffectiveScreenSize:0]]
[2023.01.31-13.33.23:527][  0]LogConfig: Applying CVar settings from Section [EffectsQuality@3] File [D:/UE_Projects/Unreal_Reposit/Project_One/Project_One/Saved/Config/Windows/Scalability.ini]
[2023.01.31-13.33.23:527][  0]LogConfig: Setting CVar [[r.TranslucencyLightingVolumeDim:64]]
[2023.01.31-13.33.23:527][  0]LogConfig: Setting CVar [[r.RefractionQuality:2]]
[2023.01.31-13.33.23:527][  0]LogConfig: Setting CVar [[r.SSR.Quality:3]]
[2023.01.31-13.33.23:527][  0]LogConfig: Setting CVar [[r.SSR.HalfResSceneColor:0]]
[2023.01.31-13.33.23:527][  0]LogConfig: Setting CVar [[r.SceneColorFormat:4]]
[2023.01.31-13.33.23:527][  0]LogConfig: Setting CVar [[r.DetailMode:2]]
[2023.01.31-13.33.23:527][  0]LogConfig: Setting CVar [[r.TranslucencyVolumeBlur:1]]
[2023.01.31-13.33.23:527][  0]LogConfig: Setting CVar [[r.MaterialQualityLevel:1 ; High quality]]
[2023.01.31-13.33.23:527][  0]LogConfig: Setting CVar [[r.AnisotropicMaterials:1]]
[2023.01.31-13.33.23:527][  0]LogConfig: Setting CVar [[r.SSS.Scale:1]]
[2023.01.31-13.33.23:527][  0]LogConfig: Setting CVar [[r.SSS.SampleSet:2]]
[2023.01.31-13.33.23:527][  0]LogConfig: Setting CVar [[r.SSS.Quality:1]]
[2023.01.31-13.33.23:527][  0]LogConfig: Setting CVar [[r.SSS.HalfRes:0]]
[2023.01.31-13.33.23:527][  0]LogConfig: Setting CVar [[r.SSGI.Quality:3]]
[2023.01.31-13.33.23:527][  0]LogConfig: Setting CVar [[r.EmitterSpawnRateScale:1.0]]
[2023.01.31-13.33.23:527][  0]LogConfig: Setting CVar [[r.ParticleLightQuality:2]]
[2023.01.31-13.33.23:527][  0]LogConfig: Setting CVar [[r.SkyAtmosphere.AerialPerspectiveLUT.FastApplyOnOpaque:1 ; Always have FastSkyLUT 1 in this case to avoid wrong sky]]
[2023.01.31-13.33.23:527][  0]LogConfig: Setting CVar [[r.SkyAtmosphere.AerialPerspectiveLUT.SampleCountMaxPerSlice:4]]
[2023.01.31-13.33.23:527][  0]LogConfig: Setting CVar [[r.SkyAtmosphere.AerialPerspectiveLUT.DepthResolution:16.0]]
[2023.01.31-13.33.23:527][  0]LogConfig: Setting CVar [[r.SkyAtmosphere.FastSkyLUT:1]]
[2023.01.31-13.33.23:527][  0]LogConfig: Setting CVar [[r.SkyAtmosphere.FastSkyLUT.SampleCountMin:4.0]]
[2023.01.31-13.33.23:527][  0]LogConfig: Setting CVar [[r.SkyAtmosphere.FastSkyLUT.SampleCountMax:128.0]]
[2023.01.31-13.33.23:527][  0]LogConfig: Setting CVar [[r.SkyAtmosphere.SampleCountMin:4.0]]
[2023.01.31-13.33.23:527][  0]LogConfig: Setting CVar [[r.SkyAtmosphere.SampleCountMax:128.0]]
[2023.01.31-13.33.23:527][  0]LogConfig: Setting CVar [[r.SkyAtmosphere.TransmittanceLUT.UseSmallFormat:0]]
[2023.01.31-13.33.23:527][  0]LogConfig: Setting CVar [[r.SkyAtmosphere.TransmittanceLUT.SampleCount:10.0]]
[2023.01.31-13.33.23:527][  0]LogConfig: Setting CVar [[r.SkyAtmosphere.MultiScatteringLUT.SampleCount:15.0]]
[2023.01.31-13.33.23:527][  0]LogConfig: Setting CVar [[r.SkyLight.RealTimeReflectionCapture:1]]
[2023.01.31-13.33.23:527][  0]LogConfig: Applying CVar settings from Section [FoliageQuality@3] File [D:/UE_Projects/Unreal_Reposit/Project_One/Project_One/Saved/Config/Windows/Scalability.ini]
[2023.01.31-13.33.23:527][  0]LogConfig: Setting CVar [[foliage.DensityScale:1.0]]
[2023.01.31-13.33.23:527][  0]LogConfig: Setting CVar [[grass.DensityScale:1.0]]
[2023.01.31-13.33.23:527][  0]LogConfig: Applying CVar settings from Section [ShadingQuality@3] File [D:/UE_Projects/Unreal_Reposit/Project_One/Project_One/Saved/Config/Windows/Scalability.ini]
[2023.01.31-13.33.23:527][  0]LogConfig: Setting CVar [[r.HairStrands.SkyLighting.IntegrationType:2]]
[2023.01.31-13.33.23:527][  0]LogConfig: Setting CVar [[r.HairStrands.SkyAO.SampleCount:4]]
[2023.01.31-13.33.23:527][  0]LogConfig: Setting CVar [[r.HairStrands.Visibility.MSAA.SamplePerPixel:4]]
[2023.01.31-13.33.23:527][  0]LogConfig: Applying CVar settings from Section [Startup] File [../../../Engine/Config/ConsoleVariables.ini]
[2023.01.31-13.33.23:527][  0]LogConfig: Setting CVar [[net.UseAdaptiveNetUpdateFrequency:0]]
[2023.01.31-13.33.23:527][  0]LogConfig: Setting CVar [[p.chaos.AllowCreatePhysxBodies:1]]
[2023.01.31-13.33.23:527][  0]LogConfig: Setting CVar [[fx.SkipVectorVMBackendOptimizations:1]]
[2023.01.31-13.33.23:527][  0]LogConfig: Applying CVar settings from Section [ConsoleVariables] File [D:/UE_Projects/Unreal_Reposit/Project_One/Project_One/Saved/Config/Windows/Engine.ini]
[2023.01.31-13.33.23:527][  0]LogConfig: Applying CVar settings from Section [ConsoleVariables] File [D:/UE_Projects/Unreal_Reposit/Project_One/Project_One/Saved/Config/Windows/Editor.ini]
[2023.01.31-13.33.23:527][  0]LogInit: Computer: DESKTOP-T1RPGN9
[2023.01.31-13.33.23:527][  0]LogInit: User: User
[2023.01.31-13.33.23:527][  0]LogInit: CPU Page size=4096, Cores=16
[2023.01.31-13.33.23:527][  0]LogInit: High frequency timer resolution =10.000000 MHz
[2023.01.31-13.33.23:527][  0]LogMemory: Memory total: Physical=127.9GB (128GB approx)
[2023.01.31-13.33.23:527][  0]LogMemory: Platform Memory Stats for Windows
[2023.01.31-13.33.23:527][  0]LogMemory: Process Physical Memory: 152.41 MB used, 152.41 MB peak
[2023.01.31-13.33.23:527][  0]LogMemory: Process Virtual Memory: 141.63 MB used, 141.63 MB peak
[2023.01.31-13.33.23:527][  0]LogMemory: Physical Memory: 8385.48 MB used,  122607.22 MB free, 130992.70 MB total
[2023.01.31-13.33.23:527][  0]LogMemory: Virtual Memory: 134079056.00 MB used,  138673.00 MB free, 134217728.00 MB total
[2023.01.31-13.33.23:531][  0]LogWindows: WindowsPlatformFeatures enabled
[2023.01.31-13.33.23:544][  0]LogInit: Physics initialised using underlying interface: PhysX
[2023.01.31-13.33.23:545][  0]LogInit: Using OS detected language (ru-RU).
[2023.01.31-13.33.23:545][  0]LogInit: Using OS detected locale (ru-RU).
[2023.01.31-13.33.23:550][  0]LogTextLocalizationManager: No specific localization for 'ru-RU' exists, so the 'ru' localization will be used.
[2023.01.31-13.33.23:550][  0]LogTextLocalizationResource: LocRes '../../../Engine/Content/Localization/Editor/ru/Editor.locres' could not be opened for reading!
[2023.01.31-13.33.23:550][  0]LogTextLocalizationResource: LocRes '../../../Engine/Content/Localization/EditorTutorials/ru/EditorTutorials.locres' could not be opened for reading!
[2023.01.31-13.33.23:550][  0]LogTextLocalizationResource: LocRes '../../../Engine/Content/Localization/Keywords/ru/Keywords.locres' could not be opened for reading!
[2023.01.31-13.33.23:550][  0]LogTextLocalizationResource: LocRes '../../../Engine/Content/Localization/Category/ru/Category.locres' could not be opened for reading!
[2023.01.31-13.33.23:550][  0]LogTextLocalizationResource: LocRes '../../../Engine/Content/Localization/ToolTips/ru/ToolTips.locres' could not be opened for reading!
[2023.01.31-13.33.23:550][  0]LogTextLocalizationResource: LocRes '../../../Engine/Content/Localization/PropertyNames/ru/PropertyNames.locres' could not be opened for reading!
[2023.01.31-13.33.23:550][  0]LogTextLocalizationResource: LocRes '../../../Engine/Content/Localization/Engine/ru/Engine.locres' could not be opened for reading!
[2023.01.31-13.33.23:551][  0]LogInit: Setting process to per monitor DPI aware
[2023.01.31-13.33.23:559][  0]LogWindowsTextInputMethodSystem: Display: IME system deactivated.
[2023.01.31-13.33.23:568][  0]LogSlate: New Slate User Created.  User Index 0, Is Virtual User: 0
[2023.01.31-13.33.23:568][  0]LogSlate: Slate User Registered.  User Index 0, Is Virtual User: 0
[2023.01.31-13.33.23:655][  0]LogD3D11RHI: Loaded GFSDK_Aftermath_Lib.x64.dll
[2023.01.31-13.33.23:657][  0]LogHMD: Failed to initialize OpenVR with code 110
[2023.01.31-13.33.23:657][  0]LogD3D11RHI: D3D11 min allowed feature level: 11_0
[2023.01.31-13.33.23:657][  0]LogD3D11RHI: D3D11 max allowed feature level: 11_0
[2023.01.31-13.33.23:657][  0]LogD3D11RHI: D3D11 adapters:
[2023.01.31-13.33.23:742][  0]LogD3D11RHI:    0. 'NVIDIA GeForce RTX 4080' (Feature Level 11_0)
[2023.01.31-13.33.23:742][  0]LogD3D11RHI:       16064/0/65496 MB DedicatedVideo/DedicatedSystem/SharedSystem, Outputs:2, VendorId:0x10de
[2023.01.31-13.33.23:744][  0]LogD3D11RHI:    1. 'Microsoft Basic Render Driver' (Feature Level 11_0)
[2023.01.31-13.33.23:744][  0]LogD3D11RHI:       0/0/65496 MB DedicatedVideo/DedicatedSystem/SharedSystem, Outputs:0, VendorId:0x1414
[2023.01.31-13.33.23:744][  0]LogD3D11RHI: Chosen D3D11 Adapter:
[2023.01.31-13.33.23:744][  0]LogD3D11RHI:     Description : NVIDIA GeForce RTX 4080
[2023.01.31-13.33.23:744][  0]LogD3D11RHI:     VendorId    : 10de
[2023.01.31-13.33.23:744][  0]LogD3D11RHI:     DeviceId    : 2704
[2023.01.31-13.33.23:744][  0]LogD3D11RHI:     SubSysId    : f2961569
[2023.01.31-13.33.23:744][  0]LogD3D11RHI:     Revision    : 00a1
[2023.01.31-13.33.23:744][  0]LogD3D11RHI:     DedicatedVideoMemory : 16844324864 bytes
[2023.01.31-13.33.23:744][  0]LogD3D11RHI:     DedicatedSystemMemory : 0 bytes
[2023.01.31-13.33.23:744][  0]LogD3D11RHI:     SharedSystemMemory : 68677900288 bytes
[2023.01.31-13.33.23:744][  0]LogD3D11RHI:     AdapterLuid : 0 47004
[2023.01.31-13.33.23:750][  0]LogD3D11RHI: Creating new Direct3DDevice
[2023.01.31-13.33.23:750][  0]LogD3D11RHI:     GPU DeviceId: 0x2704 (for the marketing name, search the web for "GPU Device Id")
[2023.01.31-13.33.23:750][  0]LogWindows: EnumDisplayDevices:
[2023.01.31-13.33.23:750][  0]LogWindows:    0. 'NVIDIA GeForce RTX 4080' (P:1 D:1)
[2023.01.31-13.33.23:751][  0]LogWindows:    1. 'NVIDIA GeForce RTX 4080' (P:0 D:1)
[2023.01.31-13.33.23:751][  0]LogWindows:    2. 'NVIDIA GeForce RTX 4080' (P:0 D:0)
[2023.01.31-13.33.23:751][  0]LogWindows:    3. 'NVIDIA GeForce RTX 4080' (P:0 D:0)
[2023.01.31-13.33.23:751][  0]LogWindows: DebugString: FoundDriverCount:4 
[2023.01.31-13.33.23:751][  0]LogD3D11RHI:     Adapter Name: NVIDIA GeForce RTX 4080
[2023.01.31-13.33.23:751][  0]LogD3D11RHI:   Driver Version: 527.56 (internal:31.0.15.2756, unified:527.56)
[2023.01.31-13.33.23:751][  0]LogD3D11RHI:      Driver Date: 12-5-2022
[2023.01.31-13.33.23:751][  0]LogRHI: Texture pool is 11244 MB (70% of 16064 MB)
[2023.01.31-13.33.23:751][  0]LogD3D11RHI: Creating D3DDevice using adapter:
[2023.01.31-13.33.23:751][  0]LogD3D11RHI:     Description : NVIDIA GeForce RTX 4080
[2023.01.31-13.33.23:751][  0]LogD3D11RHI:     VendorId    : 10de
[2023.01.31-13.33.23:751][  0]LogD3D11RHI:     DeviceId    : 2704
[2023.01.31-13.33.23:751][  0]LogD3D11RHI:     SubSysId    : f2961569
[2023.01.31-13.33.23:751][  0]LogD3D11RHI:     Revision    : 00a1
[2023.01.31-13.33.23:751][  0]LogD3D11RHI:     DedicatedVideoMemory : 16844324864 bytes
[2023.01.31-13.33.23:751][  0]LogD3D11RHI:     DedicatedSystemMemory : 0 bytes
[2023.01.31-13.33.23:751][  0]LogD3D11RHI:     SharedSystemMemory : 68677900288 bytes
[2023.01.31-13.33.23:751][  0]LogD3D11RHI:     AdapterLuid : 0 47004
[2023.01.31-13.33.23:801][  0]LogD3D11RHI: RHI has support for 64 bit atomics
[2023.01.31-13.33.23:801][  0]LogD3D11RHI: Async texture creation enabled
[2023.01.31-13.33.23:801][  0]LogD3D11RHI: Array index from any shader is supported
[2023.01.31-13.33.23:815][  0]LogD3D11RHI: GPU Timing Frequency: 1000.000000 (Debug: 2 1)
[2023.01.31-13.33.23:832][  0]LogRHI: GeForceNow SDK initialized: 1
[2023.01.31-13.33.24:034][  0]LogTargetPlatformManager: Display: Loaded TargetPlatform 'AllDesktop'
[2023.01.31-13.33.24:051][  0]LogTargetPlatformManager: Display: Loaded TargetPlatform 'Android'
[2023.01.31-13.33.24:051][  0]LogTargetPlatformManager: Display: Loaded TargetPlatform 'Android_ASTC'
[2023.01.31-13.33.24:051][  0]LogTargetPlatformManager: Display: Loaded TargetPlatform 'Android_DXT'
[2023.01.31-13.33.24:051][  0]LogTargetPlatformManager: Display: Loaded TargetPlatform 'Android_ETC2'
[2023.01.31-13.33.24:051][  0]LogTargetPlatformManager: Display: Loaded TargetPlatform 'AndroidClient'
[2023.01.31-13.33.24:051][  0]LogTargetPlatformManager: Display: Loaded TargetPlatform 'Android_ASTCClient'
[2023.01.31-13.33.24:051][  0]LogTargetPlatformManager: Display: Loaded TargetPlatform 'Android_DXTClient'
[2023.01.31-13.33.24:051][  0]LogTargetPlatformManager: Display: Loaded TargetPlatform 'Android_ETC2Client'
[2023.01.31-13.33.24:051][  0]LogTargetPlatformManager: Display: Loaded TargetPlatform 'Android_Multi'
[2023.01.31-13.33.24:051][  0]LogTargetPlatformManager: Display: Loaded TargetPlatform 'Android_MultiClient'
[2023.01.31-13.33.24:064][  0]LogTargetPlatformManager: Display: Loaded TargetPlatform 'IOSClient'
[2023.01.31-13.33.24:064][  0]LogTargetPlatformManager: Display: Loaded TargetPlatform 'IOS'
[2023.01.31-13.33.24:072][  0]LogTargetPlatformManager: Display: Loaded TargetPlatform 'Linux'
[2023.01.31-13.33.24:075][  0]LogTargetPlatformManager: Display: Loaded TargetPlatform 'LinuxNoEditor'
[2023.01.31-13.33.24:078][  0]LogTargetPlatformManager: Display: Loaded TargetPlatform 'LinuxClient'
[2023.01.31-13.33.24:081][  0]LogTargetPlatformManager: Display: Loaded TargetPlatform 'LinuxServer'
[2023.01.31-13.33.24:088][  0]LogTargetPlatformManager: Display: Loaded TargetPlatform 'LinuxAArch64NoEditor'
[2023.01.31-13.33.24:091][  0]LogTargetPlatformManager: Display: Loaded TargetPlatform 'LinuxAArch64Client'
[2023.01.31-13.33.24:094][  0]LogTargetPlatformManager: Display: Loaded TargetPlatform 'LinuxAArch64Server'
[2023.01.31-13.33.24:112][  0]LogTargetPlatformManager: Display: Loaded TargetPlatform 'Lumin'
[2023.01.31-13.33.24:112][  0]LogTargetPlatformManager: Display: Loaded TargetPlatform 'LuminClient'
[2023.01.31-13.33.24:118][  0]LogTargetPlatformManager: Display: Loaded TargetPlatform 'MacNoEditor'
[2023.01.31-13.33.24:121][  0]LogTargetPlatformManager: Display: Loaded TargetPlatform 'Mac'
[2023.01.31-13.33.24:124][  0]LogTargetPlatformManager: Display: Loaded TargetPlatform 'MacClient'
[2023.01.31-13.33.24:127][  0]LogTargetPlatformManager: Display: Loaded TargetPlatform 'MacServer'
[2023.01.31-13.33.24:134][  0]LogTargetPlatformManager: Display: Loaded TargetPlatform 'TVOSClient'
[2023.01.31-13.33.24:134][  0]LogTargetPlatformManager: Display: Loaded TargetPlatform 'TVOS'
[2023.01.31-13.33.24:141][  0]LogTargetPlatformManager: Display: Loaded TargetPlatform 'WindowsNoEditor'
[2023.01.31-13.33.24:144][  0]LogTargetPlatformManager: Display: Loaded TargetPlatform 'Windows'
[2023.01.31-13.33.24:148][  0]LogTargetPlatformManager: Display: Loaded TargetPlatform 'WindowsClient'
[2023.01.31-13.33.24:151][  0]LogTargetPlatformManager: Display: Loaded TargetPlatform 'WindowsServer'
[2023.01.31-13.33.24:151][  0]LogTargetPlatformManager: Display: Building Assets For Windows
[2023.01.31-13.33.24:155][  0]LogAudioDebug: Display: Lib vorbis DLL was dynamically loaded.
[2023.01.31-13.33.24:177][  0]LogTextureFormatOodle: Display: Oodle Texture 2.9.0 init RDO Off
[2023.01.31-13.33.24:196][  0]LogRendererCore: Ray tracing is disabled. Reason: r.RayTracing=0.
[2023.01.31-13.33.24:196][  0]LogShaderCompilers: Guid format shader working directory is -8 characters bigger than the processId version (D:/UE_Projects/Unreal_Reposit/Project_One/Project_One/Intermediate/Shaders/WorkingDirectory/4300/).
[2023.01.31-13.33.24:197][  0]LogShaderCompilers: Cleaned the shader compiler working directory 'C:/Users/User/AppData/Local/Temp/UnrealShaderWorkingDir/C5402BB44A8E3C0279453582E97DD7D1/'.
[2023.01.31-13.33.24:197][  0]LogXGEController: Cannot use XGE Controller as Incredibuild is not installed on this machine.
[2023.01.31-13.33.24:197][  0]LogShaderCompilers: Cannot use XGE Shader Compiler as Incredibuild is not installed on this machine.
[2023.01.31-13.33.24:197][  0]LogShaderCompilers: Display: Using Local Shader Compiler.
[2023.01.31-13.33.24:700][  0]LogDerivedDataCache: Display: Max Cache Size: 512 MB
[2023.01.31-13.33.24:742][  0]LogDerivedDataCache: Loaded boot cache 0.04s 94MB C:/Users/User/AppData/Local/UnrealEngine/4.27/DerivedDataCache/Boot.ddc.
[2023.01.31-13.33.24:742][  0]LogDerivedDataCache: Display: Loaded Boot cache: C:/Users/User/AppData/Local/UnrealEngine/4.27/DerivedDataCache/Boot.ddc
[2023.01.31-13.33.24:742][  0]LogDerivedDataCache: FDerivedDataBackendGraph:  Pak pak cache file D:/UE_Projects/Unreal_Reposit/Project_One/Project_One/DerivedDataCache/DDC.ddp not found, will not use a pak cache.
[2023.01.31-13.33.24:742][  0]LogDerivedDataCache: Unable to find inner node Pak for hierarchical cache Hierarchy.
[2023.01.31-13.33.24:742][  0]LogDerivedDataCache: FDerivedDataBackendGraph:  CompressedPak pak cache file D:/UE_Projects/Unreal_Reposit/Project_One/Project_One/DerivedDataCache/Compressed.ddp not found, will not use a pak cache.
[2023.01.31-13.33.24:742][  0]LogDerivedDataCache: Unable to find inner node CompressedPak for hierarchical cache Hierarchy.
[2023.01.31-13.33.24:756][  0]LogDerivedDataCache: Display: Pak cache opened for reading ../../../Engine/DerivedDataCache/Compressed.ddp.
[2023.01.31-13.33.24:756][  0]LogDerivedDataCache: FDerivedDataBackendGraph:  EnterprisePak pak cache file ../../../Enterprise/DerivedDataCache/Compressed.ddp not found, will not use a pak cache.
[2023.01.31-13.33.24:756][  0]LogDerivedDataCache: Unable to find inner node EnterprisePak for hierarchical cache Hierarchy.
[2023.01.31-13.33.24:763][  0]LogDerivedDataCache: Speed tests for C:/Users/User/AppData/Local/UnrealEngine/Common/DerivedDataCache took 0.01 seconds
[2023.01.31-13.33.24:763][  0]LogDerivedDataCache: Display: Performance to C:/Users/User/AppData/Local/UnrealEngine/Common/DerivedDataCache: Latency=0.02ms. RandomReadSpeed=479.10MBs, RandomWriteSpeed=212.92MBs. Assigned SpeedClass 'Local'
[2023.01.31-13.33.24:763][  0]LogDerivedDataCache: Using Local data cache path C:/Users/User/AppData/Local/UnrealEngine/Common/DerivedDataCache: Writable
[2023.01.31-13.33.24:763][  0]LogDerivedDataCache: Shared data cache path not found in *engine.ini, will not use an Shared cache.
[2023.01.31-13.33.24:763][  0]LogDerivedDataCache: Unable to find inner node Shared for hierarchical cache Hierarchy.
[2023.01.31-13.33.24:796][  0]LogSlate: Using FreeType 2.10.0
[2023.01.31-13.33.24:797][  0]LogSlate: SlateFontServices - WITH_FREETYPE: 1, WITH_HARFBUZZ: 1
[2023.01.31-13.33.24:812][  0]LogAssetRegistry: FAssetRegistry took 0.0021 seconds to start up
[2023.01.31-13.33.24:977][  0]LogInit: Selected Device Profile: [Windows]
[2023.01.31-13.33.24:977][  0]LogInit: Active device profile: [000001FDEA754900][000001FDD7974B80 49] Windows
[2023.01.31-13.33.24:977][  0]LogInit: Profiles: [000001FDEA754900][000001FDD7974B80 49] Windows, [000001FDEA723800][000001FDE472ED00 49] WindowsNoEditor, [000001FDEA757500][000001FDE4732E80 49] WindowsServer, [000001FDEA720E00][000001FDE4737000 49] WindowsClient, [000001FDEA757800][000001FDE473B180 49] IOS, [000001FDEA722800][000001FDEA471300 49] iPadAir, [000001FDEA756000][000001FDEA475480 49] iPadAir2, [000001FDEA6D8A00][000001FDEA47D740 49] IPadPro, [000001FDEA6D8B00][000001FDEA479780 49] iPadAir3, [000001FDEA721900][000001FDEA481900 49] iPadAir4, [000001FDEA6DB400][000001FDEA485A80 49] iPadMini2, [000001FDEA722A00][000001FDEA489C00 49] iPadMini3, [000001FDEA6D9700][000001FDEA48C200 49] iPadMini4, [000001FDEA755100][000001FDEA490380 49] iPadMini5, [000001FDEA6EC300][000001FDD7978600 49] iPhone6, [000001FDEA6EC400][000001FDEA494640 49] iPodTouch6, [000001FDEA6CBF00][000001FDEA49C880 49] iPhone7, [000001FDEA6CBE00][000001FDEA4988C0 49] iPodTouch7, [000001FDEA722000][000001FDEA4A4A40 49] iPhone5S, [000001FDEA6C9A00][000001FDEA4A8BC0 49] iPhone6Plus, [000001FDEA6EC200][000001FDEA4ACD40 49] iPhone6S, [000001FDEA6C8600][000001FDEA4B0EC0 49] iPhone6SPlus, [000001FDEA6EE900][000001FDEA4B5040 49] iPhone7Plus, [000001FDEA6CB100][000001FDEA4BD1C0 49] iPhoneSE, [000001FDEA6EE200][000001FDEA4C1340 49] iPhone8, [000001FDEA6CBB00][000001FDEA4C54C0 49] iPhone8Plus, [000001FDEA6ECA00][000001FDEA4C9640 49] iPhoneX, [000001FDEA6C9400][000001FDEA4CD7C0 49] iPhoneXS, [000001FDEA6EF900][000001FDEA513940 49] iPhoneXSMax, [000001FDEA6C8900][000001FDEA517AC0 49] iPhoneXR, [000001FDEA6EEF00][000001FDEA51A0C0 49] iPhone11, [000001FDEA6C9300][000001FDEA51E240 49] iPhone11Pro, [000001FDEA6ED000][000001FDEA5223C0 49] iPhone11ProMax, [000001FDEA6CAA00][000001FDEA526540 49] iPhoneSE2, [000001FDEA6ED400][000001FDEA52A6C0 49] iPhone12Mini, [000001FDEA6CA400][000001FDEA4A0800 49] iPhone12, [000001FDEA6ECD00][000001FDEB540940 49] iPhone12Pro, [000001FDEA6CAB00][000001FDEB544A80 49] iPhone12ProMax, [000001FDEA6EF000][000001FDEB548BC0 49] iPadPro105, [000001FDEA6C8700][000001FDEB550D40 49] iPadPro129, [000001FDEA6EE800][000001FDEB554EC0 49] iPadPro97, [000001FDEA6CA600][000001FDEB559040 49] iPadPro2_129, [000001FDEA6EFC00][000001FDEB55D1C0 49] iPad5, [000001FDEA6CA200][000001FDEB561340 49] iPad6, [000001FDEA6ECF00][000001FDEB56D4C0 49] iPad7, [000001FDEA6CAD00][000001FDEB571640 49] iPad8, [000001FDEA6ED100][000001FDEB5757C0 49] iPadPro11, [000001FDEA6C9600][000001FDEB579940 49] iPadPro2_11, [000001FDEA6EF400][000001FDEB57DAC0 49] iPadPro3_129, [000001FDEA6CA800][000001FDEB5800C0 49] iPadPro4_129, [000001FDEA6EFA00][000001FDEB584240 49] AppleTV, [000001FDEA6CA100][000001FDEB5883C0 49] AppleTV4K, [000001FDEA6EDF00][000001FDEB58C540 49] TVOS, [000001FDEA6CB400][000001FDEB5906C0 49] Mac, [000001FDEA6EF800][000001FDEB594840 49] MacClient, [000001FDEA6C9E00][000001FDEB54C980 49] MacNoEditor, [000001FDEA6EFF00][000001FDEB598AC0 49] MacServer, [000001FDEA6CB500][000001FDEB59CC00 49] Linux, [000001FDEA6ECC00][000001FDEB5A0D40 49] LinuxAArch64, [000001FDEA6CAF00][000001FDEB5A8EC0 49] LinuxNoEditor, [000001FDEA6ECB00][000001FDEB5AD040 49] LinuxAArch64NoEditor, [000001FDEA6CB700][000001FDEB5B11C0 49] LinuxClient, [000001FDEA6EDA00][000001FDEB5B5340 49] LinuxAArch64Client, [000001FDEA6C9000][000001FDEB5B94C0 49] LinuxServer, [000001FDEA6EE500][000001FDEB5BD640 49] LinuxAArch64Server, [000001FDEA6C9900][000001FDEB5C17C0 49] Android, [000001FDEA6ED300][000001FDEB5C5940 49] Android_Low, [000001FDEA6CA700][000001FDEB5C9AC0 49] Android_Mid, [000001FDEA6EEB00][000001FDEB5CC0C0 49] Android_High, [000001FDEA6CB800][000001FDEB5D0240 49] Android_Default, [000001FDEA6ED600][000001FDEB5D43C0 49] Android_Adreno4xx, [000001FDEA6C9500][000001FDEB5D8540 49] Android_Adreno5xx_Low, [000001FDEA6DB600][000001FDEB5DC6C0 49] Android_Adreno5xx, [000001FDEA721800][000001FDEB5E0840 49] Android_Adreno6xx, [000001FDEA6D9200][000001FDEB5E49C0 49] Android_Adreno6xx_Vulkan, [000001FDEA723C00][000001FDEB5E8B40 49] Android_Mali_T6xx, [000001FDEA6D9100][000001FDEB5A4C80 49] Android_Mali_T7xx, [000001FDEA721600][000001FDEB5ECDC0 49] Android_Mali_T8xx, [000001FDEA6D9E00][000001FDEB5F0F00 49] Android_Mali_G71, [000001FDEA720500][000001FDEB5F9080 49] Android_Mali_G72, [000001FDEA6D8800][000001FDEB5FD200 49] Android_Mali_G72_Vulkan, [000001FDEA721300][000001FDEB601380 49] Android_Mali_G76, [000001FDEA6D8100][000001FDEB605500 49] Android_Mali_G76_Vulkan, [000001FDEA721F00][000001FDEB609680 49] Android_Mali_G77, [000001FDEA6D9000][000001FDEB635800 49] Android_Mali_G77_Vulkan, [000001FDEA720A00][000001FDEB639980 49] Android_Mali_G78, [000001FDEA6DAC00][000001FDEB665B00 49] Android_Mali_G78_Vulkan, [000001FDEA723600][000001FDEB668100 49] Android_Mali_G710, [000001FDEA6DAA00][000001FDEB66C280 49] Android_Mali_G710_Vulkan, [000001FDEA723F00][000001FDEB670400 49] Android_Vulkan_SM5, [000001FDEA6DBB00][000001FDEB674580 49] Android_PowerVR_G6xxx, [000001FDEA723B00][000001FDEB678700 49] Android_PowerVR_GT7xxx, [000001FDEA6DB900][000001FDEB67C880 49] Android_PowerVR_GE8xxx, [000001FDEA720C00][000001FDEB680A00 49] Android_PowerVR_GM9xxx, [000001FDEA6DA700][000001FDEB684B80 49] Android_PowerVR_GM9xxx_Vulkan, [000001FDEA722700][000001FDEB688D00 49] Android_TegraK1, [000001FDEA6D8900][000001FDEB5F4E40 49] Android_Unknown_Vulkan, [000001FDEA721D00][000001FDEB68CF80 49] Lumin, [000001FDEA6D8500][000001FDEB6910C0 49] Lumin_Desktop, [000001FDEA723300][000001FDEB699240 49] HoloLens, 
[2023.01.31-13.33.25:090][  0]LogMeshReduction: Using QuadricMeshReduction for automatic static mesh reduction
[2023.01.31-13.33.25:090][  0]LogMeshReduction: Using SimplygonMeshReduction for automatic skeletal mesh reduction
[2023.01.31-13.33.25:090][  0]LogMeshReduction: Using ProxyLODMeshReduction for automatic mesh merging
[2023.01.31-13.33.25:090][  0]LogMeshReduction: No distributed automatic mesh merging module available
[2023.01.31-13.33.25:090][  0]LogMeshMerging: No distributed automatic mesh merging module available
[2023.01.31-13.33.25:104][  0]LogNetVersion: Project_One 1.0.0, NetCL: 17155196, EngineNetVer: 17, GameNetVer: 0 (Checksum: 4110150846)
[2023.01.31-13.33.25:376][  0]LogTexture: Default maximum texture size for cubemaps generated from long-lat sources has been changed from 512 to unlimited. In order to preserve old behaiour for '/Engine/MapTemplates/Sky/DaylightAmbientCubemap.DaylightAmbientCubemap', its maximum texture size has been explicitly set to 512.
[2023.01.31-13.33.25:419][  0]LogHMD: PokeAHoleMaterial loaded successfully
[2023.01.31-13.33.25:424][  0]LogUObjectArray: 17178 objects as part of root set at end of initial load.
[2023.01.31-13.33.25:424][  0]LogUObjectAllocator: 4302048 out of 0 bytes used by permanent object pool.
[2023.01.31-13.33.25:424][  0]LogUObjectArray: CloseDisregardForGC: 0/0 objects in disregard for GC pool
[2023.01.31-13.33.25:542][  0]LogPython: Using Python 3.7.7
[2023.01.31-13.33.26:002][  0]LogNiagaraDebuggerClient: Niagara Debugger Client Initialized | Session: 83C7EE7A472CF2BF7B2F68AC02625AA0 | Instance: 8AE123584EFB904D39BE96BF5F5BAACA (DESKTOP-T1RPGN9-4300).
[2023.01.31-13.33.26:043][  0]LogTcpMessaging: Initializing TcpMessaging bridge
[2023.01.31-13.33.26:052][  0]LogUdpMessaging: Initializing bridge on interface 0.0.0.0:0 to multicast group 230.0.0.1:6666.
[2023.01.31-13.33.26:310][  0]LogOpenImageDenoise: OIDN starting up
[2023.01.31-13.33.26:344][  0]LogAndroidPermission: UAndroidPermissionCallbackProxy::GetInstance
[2023.01.31-13.33.26:354][  0]LogAudioCaptureCore: Display: No Audio Capture implementations found. Audio input will be silent.
[2023.01.31-13.33.26:354][  0]LogAudioCaptureCore: Display: No Audio Capture implementations found. Audio input will be silent.
[2023.01.31-13.33.26:435][  0]SourceControl: Source control is disabled
[2023.01.31-13.33.26:435][  0]SourceControl: Source control is disabled
[2023.01.31-13.33.26:437][  0]SourceControl: Source control is disabled
[2023.01.31-13.33.26:440][  0]SourceControl: Source control is disabled
[2023.01.31-13.33.26:443][  0]SourceControl: Source control is disabled
[2023.01.31-13.33.26:445][  0]LogUProjectInfo: Found projects:
[2023.01.31-13.33.26:450][  0]LogVSAccessor: Display: Unable to create Visual Studio setup instance: 80040154
[2023.01.31-13.33.26:451][  0]LogVSAccessor: Display: Unable to create Visual Studio setup instance: 80040154
[2023.01.31-13.33.26:451][  0]LogVSAccessor: Display: Unable to create Visual Studio setup instance: 80040154
[2023.01.31-13.33.26:508][  0]LogOcInput: OculusInput pre-init called
[2023.01.31-13.33.26:626][  0]LogCollectionManager: Loaded 0 collections in 0.001235 seconds
[2023.01.31-13.33.26:675][  0]LogFileCache: Scanning file cache for directory 'D:/UE_Projects/Unreal_Reposit/Project_One/Project_One/Saved/Collections/' took 0.00s
[2023.01.31-13.33.26:675][  0]LogFileCache: Scanning file cache for directory 'D:/UE_Projects/Unreal_Reposit/Project_One/Project_One/Content/Developers/User/Collections/' took 0.00s
[2023.01.31-13.33.26:675][  0]LogFileCache: Scanning file cache for directory 'D:/UE_Projects/Unreal_Reposit/Project_One/Project_One/Content/Collections/' took 0.00s
[2023.01.31-13.33.26:675][  0]LogEngine: Initializing Engine...
[2023.01.31-13.33.26:714][  0]LogHMD: Failed to enumerate extensions. Please check that you have a valid OpenXR runtime installed.
[2023.01.31-13.33.26:714][  0]LogHMD: Failed to initialize OpenVR with code 110
[2023.01.31-13.33.26:714][  0]LogMagicLeap: Warning: VR disabled because ZI is not enabled.  To enable, in the editor, Edit -> Project Settings -> Plugins -> Magic Leap Plugin -> Enable Zero Iteration
[2023.01.31-13.33.26:715][  0]LogStats: UGameplayTagsManager::InitializeManager -  0.000 s
[2023.01.31-13.33.26:788][  0]LogInit: Initializing FReadOnlyCVARCache
[2023.01.31-13.33.26:794][  0]LogAIModule: Creating AISystem for world Untitled
[2023.01.31-13.33.26:799][  0]LogAudio: Display: Initializing Audio Device Manager...
[2023.01.31-13.33.26:802][  0]LogAudio: Display: Loading Default Audio Settings Objects...
[2023.01.31-13.33.26:802][  0]LogAudio: Display: No default SoundConcurrencyObject specified (or failed to load).
[2023.01.31-13.33.26:802][  0]LogAudio: Display: Audio Device Manager Initialized
[2023.01.31-13.33.26:802][  0]LogAudio: Display: Creating Audio Device:                 Id: 1, Scope: Shared, Realtime: True
[2023.01.31-13.33.26:802][  0]LogAudioMixer: Display: Audio Mixer Platform Settings:
[2023.01.31-13.33.26:802][  0]LogAudioMixer: Display: 	Sample Rate:						  48000
[2023.01.31-13.33.26:802][  0]LogAudioMixer: Display: 	Callback Buffer Frame Size Requested: 1024
[2023.01.31-13.33.26:802][  0]LogAudioMixer: Display: 	Callback Buffer Frame Size To Use:	  1024
[2023.01.31-13.33.26:802][  0]LogAudioMixer: Display: 	Number of buffers to queue:			  2
[2023.01.31-13.33.26:802][  0]LogAudioMixer: Display: 	Max Channels (voices):				  32
[2023.01.31-13.33.26:802][  0]LogAudioMixer: Display: 	Number of Async Source Workers:		  0
[2023.01.31-13.33.26:802][  0]LogAudio: Display: AudioDevice MaxSources: 32
[2023.01.31-13.33.26:803][  0]LogAudio: Display: Audio Spatialization Plugin: None (built-in).
[2023.01.31-13.33.26:803][  0]LogAudio: Display: Audio Reverb Plugin: None (built-in).
[2023.01.31-13.33.26:803][  0]LogAudio: Display: Audio Occlusion Plugin: None (built-in).
[2023.01.31-13.33.26:803][  0]LogAudioMixer: Display: Initializing audio mixer.
[2023.01.31-13.33.26:810][  0]LogAudioMixer: Display: 0: FrontLeft
[2023.01.31-13.33.26:810][  0]LogAudioMixer: Display: 1: FrontRight
[2023.01.31-13.33.26:828][  0]LogAudioMixer: Display: Using Audio Device PHL 288E2 (NVIDIA High Definition Audio)
[2023.01.31-13.33.26:829][  0]LogAudioMixer: Display: Initializing Sound Submixes...
[2023.01.31-13.33.26:830][  0]LogAudioMixer: Display: Creating Master Submix 'MasterSubmixDefault'
[2023.01.31-13.33.26:830][  0]LogAudioMixer: Display: Creating Master Submix 'MasterReverbSubmixDefault'
[2023.01.31-13.33.26:831][  0]LogAudioMixer: Display: Creating Master Submix 'MasterEQSubmixDefault'
[2023.01.31-13.33.26:831][  0]LogAudioMixer: FMixerPlatformXAudio2::StartAudioStream() called
[2023.01.31-13.33.26:831][  0]LogAudioMixer: Display: Output buffers initialized: Frames=1024, Channels=2, Samples=2048
[2023.01.31-13.33.26:831][  0]LogAudioMixer: Display: Starting AudioMixerPlatformInterface::RunInternal()
[2023.01.31-13.33.26:831][  0]LogAudioMixer: Display: FMixerPlatformXAudio2::SubmitBuffer() called for the first time
[2023.01.31-13.33.26:831][  0]LogInit: FAudioDevice initialized.
[2023.01.31-13.33.26:831][  0]LogAudio: Display: Audio Device (ID: 1) registered with world 'Untitled'.
[2023.01.31-13.33.26:831][  0]LogNetVersion: Set ProjectVersion to 1.0.0.0. Version Checksum will be recalculated on next use.
[2023.01.31-13.33.26:967][  0]LogDerivedDataCache: Saved boot cache 0.14s 94MB C:/Users/User/AppData/Local/UnrealEngine/4.27/DerivedDataCache/Boot.ddc.
[2023.01.31-13.33.26:967][  0]LogInit: Texture streaming: Enabled
[2023.01.31-13.33.26:977][  0]LogAnalytics: Display: [UEEditor.Rocket.Release] APIServer = https://datarouter.ol.epicgames.com/. AppVersion = 4.27.2-18319896+++UE4+Release-4.27
[2023.01.31-13.33.26:980][  0]LogEngineSessionManager: EngineSessionManager initialized
[2023.01.31-13.33.26:980][  0]LogEditorSessionSummary: Verbose: Initializing EditorSessionSummaryWriter for editor session tracking
[2023.01.31-13.33.26:981][  0]LogEditorSessionSummary: EditorSessionSummaryWriter initialized
[2023.01.31-13.33.26:993][  0]LogInit: Transaction tracking system initialized
[2023.01.31-13.33.27:007][  0]BlueprintLog: New page: Editor Load
[2023.01.31-13.33.27:071][  0]LocalizationService: Localization service is disabled
[2023.01.31-13.33.27:086][  0]TimingProfiler: Initialize
[2023.01.31-13.33.27:086][  0]TimingProfiler: OnSessionChanged
[2023.01.31-13.33.27:086][  0]LoadingProfiler: Initialize
[2023.01.31-13.33.27:086][  0]LoadingProfiler: OnSessionChanged
[2023.01.31-13.33.27:086][  0]NetworkingProfiler: Initialize
[2023.01.31-13.33.27:086][  0]NetworkingProfiler: OnSessionChanged
[2023.01.31-13.33.27:086][  0]MemoryProfiler: Initialize
[2023.01.31-13.33.27:086][  0]MemoryProfiler: OnSessionChanged
[2023.01.31-13.33.27:144][  0]LogVSAccessor: Display: Unable to create Visual Studio setup instance: 80040154
[2023.01.31-13.33.27:145][  0]LogVSAccessor: Display: Unable to create Visual Studio setup instance: 80040154
[2023.01.31-13.33.27:145][  0]LogVSAccessor: Display: Unable to create Visual Studio setup instance: 80040154
[2023.01.31-13.33.27:201][  0]LogCook: Display: CookSettings for Memory: MemoryMaxUsedVirtual 0MiB, MemoryMaxUsedPhysical 16384MiB, MemoryMinFreeVirtual 0MiB, MemoryMinFreePhysical 1024MiB
[2023.01.31-13.33.27:201][  0]LogCook: Display: Mobile HDR setting 1
[2023.01.31-13.33.27:329][  0]LogFileCache: Scanning file cache for directory 'D:/UE_Projects/Unreal_Reposit/Project_One/Project_One/Content/' took 0.00s
[2023.01.31-13.33.27:430][  0]LogInit: Display: Engine is initialized. Leaving FEngineLoop::Init()
[2023.01.31-13.33.27:433][  0]SourceControl: Source control is disabled
[2023.01.31-13.33.27:433][  0]LogUnrealEdMisc: Loading editor; pre map load, took 4.596
[2023.01.31-13.33.27:433][  0]Cmd: MAP LOAD FILE="D:/UE_Projects/Unreal_Reposit/Project_One/Project_One/Content/ThirdPersonBP/Maps/ThirdPersonExampleMap.umap" TEMPLATE=0 SHOWPROGRESS=1 FEATURELEVEL=3
[2023.01.31-13.33.27:433][  0]LightingResults: New page: Lighting Build
[2023.01.31-13.33.27:434][  0]LogWorld: UWorld::CleanupWorld for Untitled, bSessionEnded=true, bCleanupResources=true
[2023.01.31-13.33.27:434][  0]LogSlate: InvalidateAllWidgets triggered.  All widgets were invalidated
[2023.01.31-13.33.27:434][  0]MapCheck: New page: Map Check
[2023.01.31-13.33.27:434][  0]LightingResults: New page: Lighting Build
[2023.01.31-13.33.27:445][  0]LogAudio: Display: Audio Device unregistered from world 'None'.
[2023.01.31-13.33.27:447][  0]LogUObjectHash: Compacting FUObjectHashTables data took   0.60ms
[2023.01.31-13.33.27:625][  0]LogAudio: Display: Audio Device (ID: 1) registered with world 'ThirdPersonExampleMap'.
[2023.01.31-13.33.27:625][  0]LogAIModule: Creating AISystem for world ThirdPersonExampleMap
[2023.01.31-13.33.27:636][  0]LogEditorServer: Finished looking for orphan Actors (0.000 secs)
[2023.01.31-13.33.27:642][  0]LogUObjectHash: Compacting FUObjectHashTables data took   0.66ms
[2023.01.31-13.33.27:642][  0]Cmd: MAP CHECKDEP NOCLEARLOG
[2023.01.31-13.33.27:643][  0]MapCheck: Map check complete: 0 Error(s), 0 Warning(s), took 0,062ms to complete.
[2023.01.31-13.33.27:643][  0]LogFileHelpers: Loading map 'ThirdPersonExampleMap' took 0.209
[2023.01.31-13.33.27:644][  0]LogUnrealEdMisc: Total Editor Startup Time, took 4.806
[2023.01.31-13.33.27:780][  0]LogSlate: Updating window title bar state: overlay mode, drag disabled, window buttons hidden, title bar hidden
[2023.01.31-13.33.27:784][  0]LogSlate: Updating window title bar state: overlay mode, drag disabled, window buttons hidden, title bar hidden
[2023.01.31-13.33.27:787][  0]LogSlate: Updating window title bar state: overlay mode, drag disabled, window buttons hidden, title bar hidden
[2023.01.31-13.33.27:790][  0]LogSlate: Updating window title bar state: overlay mode, drag disabled, window buttons hidden, title bar hidden
[2023.01.31-13.33.27:818][  0]LogNativeClassHierarchy: Verbose: Native class hierarchy populated in 0.0071 seconds. Added 3822 classes and 928 folders.
[2023.01.31-13.33.27:822][  0]LogNativeClassHierarchy: Verbose: Native class hierarchy updated for 'WidgetCarousel' in 0.0002 seconds. Added 0 classes and 0 folders.
[2023.01.31-13.33.27:823][  0]LogPakFile: PakFile PrimaryIndexSize=187
[2023.01.31-13.33.27:823][  0]LogPakFile: PakFile PathHashIndexSize=101
[2023.01.31-13.33.27:823][  0]LogPakFile: PakFile FullDirectoryIndexSize=148
[2023.01.31-13.33.27:823][  0]LogShaderLibrary: Display: ShaderCodeLibraryPakFileMountedCallback: PakFile 'C:/Program Files/Epic Games/UE_4.27/FeaturePacks/FP_FirstPerson.upack' (chunk index -1, root 'root:/') mounted
[2023.01.31-13.33.27:823][  0]LogShaderLibrary: Display: ShaderCodeLibraryPakFileMountedCallback: pending pak file info (ChunkID:-1 Root:root:/ File:C:/Program Files/Epic Games/UE_4.27/FeaturePacks/FP_FirstPerson.upack)
[2023.01.31-13.33.27:823][  0]LogPakFile: OnPakFileMounted2Time == 0.000037
[2023.01.31-13.33.27:823][  0]LogPakFile: PakFile PrimaryIndexSize=189
[2023.01.31-13.33.27:823][  0]LogPakFile: PakFile PathHashIndexSize=101
[2023.01.31-13.33.27:823][  0]LogPakFile: PakFile FullDirectoryIndexSize=152
[2023.01.31-13.33.27:823][  0]LogShaderLibrary: Display: ShaderCodeLibraryPakFileMountedCallback: PakFile 'C:/Program Files/Epic Games/UE_4.27/FeaturePacks/FP_FirstPersonBP.upack' (chunk index -1, root 'root:/') mounted
[2023.01.31-13.33.27:823][  0]LogShaderLibrary: Display: ShaderCodeLibraryPakFileMountedCallback: pending pak file info (ChunkID:-1 Root:root:/ File:C:/Program Files/Epic Games/UE_4.27/FeaturePacks/FP_FirstPersonBP.upack)
[2023.01.31-13.33.27:823][  0]LogPakFile: OnPakFileMounted2Time == 0.000024
[2023.01.31-13.33.27:824][  0]LogPakFile: PakFile PrimaryIndexSize=191
[2023.01.31-13.33.27:824][  0]LogPakFile: PakFile PathHashIndexSize=101
[2023.01.31-13.33.27:824][  0]LogPakFile: PakFile FullDirectoryIndexSize=160
[2023.01.31-13.33.27:824][  0]LogShaderLibrary: Display: ShaderCodeLibraryPakFileMountedCallback: PakFile 'C:/Program Files/Epic Games/UE_4.27/FeaturePacks/MobileStarterContent.upack' (chunk index -1, root 'root:/') mounted
[2023.01.31-13.33.27:824][  0]LogShaderLibrary: Display: ShaderCodeLibraryPakFileMountedCallback: pending pak file info (ChunkID:-1 Root:root:/ File:C:/Program Files/Epic Games/UE_4.27/FeaturePacks/MobileStarterContent.upack)
[2023.01.31-13.33.27:824][  0]LogPakFile: OnPakFileMounted2Time == 0.000021
[2023.01.31-13.33.27:824][  0]LogPakFile: PakFile PrimaryIndexSize=185
[2023.01.31-13.33.27:824][  0]LogPakFile: PakFile PathHashIndexSize=101
[2023.01.31-13.33.27:824][  0]LogPakFile: PakFile FullDirectoryIndexSize=148
[2023.01.31-13.33.27:824][  0]LogShaderLibrary: Display: ShaderCodeLibraryPakFileMountedCallback: PakFile 'C:/Program Files/Epic Games/UE_4.27/FeaturePacks/StarterContent.upack' (chunk index -1, root 'root:/') mounted
[2023.01.31-13.33.27:824][  0]LogShaderLibrary: Display: ShaderCodeLibraryPakFileMountedCallback: pending pak file info (ChunkID:-1 Root:root:/ File:C:/Program Files/Epic Games/UE_4.27/FeaturePacks/StarterContent.upack)
[2023.01.31-13.33.27:824][  0]LogPakFile: OnPakFileMounted2Time == 0.000022
[2023.01.31-13.33.27:824][  0]LogPakFile: PakFile PrimaryIndexSize=190
[2023.01.31-13.33.27:824][  0]LogPakFile: PakFile PathHashIndexSize=101
[2023.01.31-13.33.27:824][  0]LogPakFile: PakFile FullDirectoryIndexSize=154
[2023.01.31-13.33.27:824][  0]LogShaderLibrary: Display: ShaderCodeLibraryPakFileMountedCallback: PakFile 'C:/Program Files/Epic Games/UE_4.27/FeaturePacks/TP_2DSideScroller.upack' (chunk index -1, root 'root:/') mounted
[2023.01.31-13.33.27:824][  0]LogShaderLibrary: Display: ShaderCodeLibraryPakFileMountedCallback: pending pak file info (ChunkID:-1 Root:root:/ File:C:/Program Files/Epic Games/UE_4.27/FeaturePacks/TP_2DSideScroller.upack)
[2023.01.31-13.33.27:824][  0]LogPakFile: OnPakFileMounted2Time == 0.000021
[2023.01.31-13.33.27:825][  0]LogPakFile: PakFile PrimaryIndexSize=192
[2023.01.31-13.33.27:825][  0]LogPakFile: PakFile PathHashIndexSize=101
[2023.01.31-13.33.27:825][  0]LogPakFile: PakFile FullDirectoryIndexSize=158
[2023.01.31-13.33.27:825][  0]LogShaderLibrary: Display: ShaderCodeLibraryPakFileMountedCallback: PakFile 'C:/Program Files/Epic Games/UE_4.27/FeaturePacks/TP_2DSideScrollerBP.upack' (chunk index -1, root 'root:/') mounted
[2023.01.31-13.33.27:825][  0]LogShaderLibrary: Display: ShaderCodeLibraryPakFileMountedCallback: pending pak file info (ChunkID:-1 Root:root:/ File:C:/Program Files/Epic Games/UE_4.27/FeaturePacks/TP_2DSideScrollerBP.upack)
[2023.01.31-13.33.27:825][  0]LogPakFile: OnPakFileMounted2Time == 0.000020
[2023.01.31-13.33.27:825][  0]LogPakFile: PakFile PrimaryIndexSize=182
[2023.01.31-13.33.27:825][  0]LogPakFile: PakFile PathHashIndexSize=101
[2023.01.31-13.33.27:825][  0]LogPakFile: PakFile FullDirectoryIndexSize=138
[2023.01.31-13.33.27:825][  0]LogShaderLibrary: Display: ShaderCodeLibraryPakFileMountedCallback: PakFile 'C:/Program Files/Epic Games/UE_4.27/FeaturePacks/TP_Flying.upack' (chunk index -1, root 'root:/') mounted
[2023.01.31-13.33.27:825][  0]LogShaderLibrary: Display: ShaderCodeLibraryPakFileMountedCallback: pending pak file info (ChunkID:-1 Root:root:/ File:C:/Program Files/Epic Games/UE_4.27/FeaturePacks/TP_Flying.upack)
[2023.01.31-13.33.27:825][  0]LogPakFile: OnPakFileMounted2Time == 0.000021
[2023.01.31-13.33.27:825][  0]LogPakFile: PakFile PrimaryIndexSize=184
[2023.01.31-13.33.27:825][  0]LogPakFile: PakFile PathHashIndexSize=101
[2023.01.31-13.33.27:825][  0]LogPakFile: PakFile FullDirectoryIndexSize=142
[2023.01.31-13.33.27:825][  0]LogShaderLibrary: Display: ShaderCodeLibraryPakFileMountedCallback: PakFile 'C:/Program Files/Epic Games/UE_4.27/FeaturePacks/TP_FlyingBP.upack' (chunk index -1, root 'root:/') mounted
[2023.01.31-13.33.27:825][  0]LogShaderLibrary: Display: ShaderCodeLibraryPakFileMountedCallback: pending pak file info (ChunkID:-1 Root:root:/ File:C:/Program Files/Epic Games/UE_4.27/FeaturePacks/TP_FlyingBP.upack)
[2023.01.31-13.33.27:825][  0]LogPakFile: OnPakFileMounted2Time == 0.000020
[2023.01.31-13.33.27:826][  0]LogPakFile: PakFile PrimaryIndexSize=188
[2023.01.31-13.33.27:826][  0]LogPakFile: PakFile PathHashIndexSize=101
[2023.01.31-13.33.27:826][  0]LogPakFile: PakFile FullDirectoryIndexSize=150
[2023.01.31-13.33.27:826][  0]LogShaderLibrary: Display: ShaderCodeLibraryPakFileMountedCallback: PakFile 'C:/Program Files/Epic Games/UE_4.27/FeaturePacks/TP_HandheldARBP.upack' (chunk index -1, root 'root:/') mounted
[2023.01.31-13.33.27:826][  0]LogShaderLibrary: Display: ShaderCodeLibraryPakFileMountedCallback: pending pak file info (ChunkID:-1 Root:root:/ File:C:/Program Files/Epic Games/UE_4.27/FeaturePacks/TP_HandheldARBP.upack)
[2023.01.31-13.33.27:826][  0]LogPakFile: OnPakFileMounted2Time == 0.000020
[2023.01.31-13.33.27:826][  0]LogPakFile: PakFile PrimaryIndexSize=182
[2023.01.31-13.33.27:826][  0]LogPakFile: PakFile PathHashIndexSize=101
[2023.01.31-13.33.27:826][  0]LogPakFile: PakFile FullDirectoryIndexSize=138
[2023.01.31-13.33.27:826][  0]LogShaderLibrary: Display: ShaderCodeLibraryPakFileMountedCallback: PakFile 'C:/Program Files/Epic Games/UE_4.27/FeaturePacks/TP_Puzzle.upack' (chunk index -1, root 'root:/') mounted
[2023.01.31-13.33.27:826][  0]LogShaderLibrary: Display: ShaderCodeLibraryPakFileMountedCallback: pending pak file info (ChunkID:-1 Root:root:/ File:C:/Program Files/Epic Games/UE_4.27/FeaturePacks/TP_Puzzle.upack)
[2023.01.31-13.33.27:826][  0]LogPakFile: OnPakFileMounted2Time == 0.000021
[2023.01.31-13.33.27:826][  0]LogPakFile: PakFile PrimaryIndexSize=184
[2023.01.31-13.33.27:826][  0]LogPakFile: PakFile PathHashIndexSize=101
[2023.01.31-13.33.27:826][  0]LogPakFile: PakFile FullDirectoryIndexSize=142
[2023.01.31-13.33.27:826][  0]LogShaderLibrary: Display: ShaderCodeLibraryPakFileMountedCallback: PakFile 'C:/Program Files/Epic Games/UE_4.27/FeaturePacks/TP_PuzzleBP.upack' (chunk index -1, root 'root:/') mounted
[2023.01.31-13.33.27:826][  0]LogShaderLibrary: Display: ShaderCodeLibraryPakFileMountedCallback: pending pak file info (ChunkID:-1 Root:root:/ File:C:/Program Files/Epic Games/UE_4.27/FeaturePacks/TP_PuzzleBP.upack)
[2023.01.31-13.33.27:826][  0]LogPakFile: OnPakFileMounted2Time == 0.000020
[2023.01.31-13.33.27:827][  0]LogPakFile: PakFile PrimaryIndexSize=183
[2023.01.31-13.33.27:827][  0]LogPakFile: PakFile PathHashIndexSize=101
[2023.01.31-13.33.27:827][  0]LogPakFile: PakFile FullDirectoryIndexSize=140
[2023.01.31-13.33.27:827][  0]LogShaderLibrary: Display: ShaderCodeLibraryPakFileMountedCallback: PakFile 'C:/Program Files/Epic Games/UE_4.27/FeaturePacks/TP_Rolling.upack' (chunk index -1, root 'root:/') mounted
[2023.01.31-13.33.27:827][  0]LogShaderLibrary: Display: ShaderCodeLibraryPakFileMountedCallback: pending pak file info (ChunkID:-1 Root:root:/ File:C:/Program Files/Epic Games/UE_4.27/FeaturePacks/TP_Rolling.upack)
[2023.01.31-13.33.27:827][  0]LogPakFile: OnPakFileMounted2Time == 0.000021
[2023.01.31-13.33.27:827][  0]LogPakFile: PakFile PrimaryIndexSize=185
[2023.01.31-13.33.27:827][  0]LogPakFile: PakFile PathHashIndexSize=101
[2023.01.31-13.33.27:827][  0]LogPakFile: PakFile FullDirectoryIndexSize=144
[2023.01.31-13.33.27:827][  0]LogShaderLibrary: Display: ShaderCodeLibraryPakFileMountedCallback: PakFile 'C:/Program Files/Epic Games/UE_4.27/FeaturePacks/TP_RollingBP.upack' (chunk index -1, root 'root:/') mounted
[2023.01.31-13.33.27:827][  0]LogShaderLibrary: Display: ShaderCodeLibraryPakFileMountedCallback: pending pak file info (ChunkID:-1 Root:root:/ File:C:/Program Files/Epic Games/UE_4.27/FeaturePacks/TP_RollingBP.upack)
[2023.01.31-13.33.27:827][  0]LogPakFile: OnPakFileMounted2Time == 0.000021
[2023.01.31-13.33.27:827][  0]LogPakFile: PakFile PrimaryIndexSize=188
[2023.01.31-13.33.27:827][  0]LogPakFile: PakFile PathHashIndexSize=101
[2023.01.31-13.33.27:828][  0]LogPakFile: PakFile FullDirectoryIndexSize=150
[2023.01.31-13.33.27:828][  0]LogShaderLibrary: Display: ShaderCodeLibraryPakFileMountedCallback: PakFile 'C:/Program Files/Epic Games/UE_4.27/FeaturePacks/TP_SideScroller.upack' (chunk index -1, root 'root:/') mounted
[2023.01.31-13.33.27:828][  0]LogShaderLibrary: Display: ShaderCodeLibraryPakFileMountedCallback: pending pak file info (ChunkID:-1 Root:root:/ File:C:/Program Files/Epic Games/UE_4.27/FeaturePacks/TP_SideScroller.upack)
[2023.01.31-13.33.27:828][  0]LogPakFile: OnPakFileMounted2Time == 0.000020
[2023.01.31-13.33.27:828][  0]LogPakFile: PakFile PrimaryIndexSize=190
[2023.01.31-13.33.27:828][  0]LogPakFile: PakFile PathHashIndexSize=101
[2023.01.31-13.33.27:828][  0]LogPakFile: PakFile FullDirectoryIndexSize=154
[2023.01.31-13.33.27:828][  0]LogShaderLibrary: Display: ShaderCodeLibraryPakFileMountedCallback: PakFile 'C:/Program Files/Epic Games/UE_4.27/FeaturePacks/TP_SideScrollerBP.upack' (chunk index -1, root 'root:/') mounted
[2023.01.31-13.33.27:828][  0]LogShaderLibrary: Display: ShaderCodeLibraryPakFileMountedCallback: pending pak file info (ChunkID:-1 Root:root:/ File:C:/Program Files/Epic Games/UE_4.27/FeaturePacks/TP_SideScrollerBP.upack)
[2023.01.31-13.33.27:828][  0]LogPakFile: OnPakFileMounted2Time == 0.000021
[2023.01.31-13.33.27:828][  0]LogPakFile: PakFile PrimaryIndexSize=187
[2023.01.31-13.33.27:828][  0]LogPakFile: PakFile PathHashIndexSize=101
[2023.01.31-13.33.27:828][  0]LogPakFile: PakFile FullDirectoryIndexSize=148
[2023.01.31-13.33.27:828][  0]LogShaderLibrary: Display: ShaderCodeLibraryPakFileMountedCallback: PakFile 'C:/Program Files/Epic Games/UE_4.27/FeaturePacks/TP_ThirdPerson.upack' (chunk index -1, root 'root:/') mounted
[2023.01.31-13.33.27:828][  0]LogShaderLibrary: Display: ShaderCodeLibraryPakFileMountedCallback: pending pak file info (ChunkID:-1 Root:root:/ File:C:/Program Files/Epic Games/UE_4.27/FeaturePacks/TP_ThirdPerson.upack)
[2023.01.31-13.33.27:828][  0]LogPakFile: OnPakFileMounted2Time == 0.000021
[2023.01.31-13.33.27:828][  0]LogPakFile: PakFile PrimaryIndexSize=189
[2023.01.31-13.33.27:829][  0]LogPakFile: PakFile PathHashIndexSize=101
[2023.01.31-13.33.27:829][  0]LogPakFile: PakFile FullDirectoryIndexSize=152
[2023.01.31-13.33.27:829][  0]LogShaderLibrary: Display: ShaderCodeLibraryPakFileMountedCallback: PakFile 'C:/Program Files/Epic Games/UE_4.27/FeaturePacks/TP_ThirdPersonBP.upack' (chunk index -1, root 'root:/') mounted
[2023.01.31-13.33.27:829][  0]LogShaderLibrary: Display: ShaderCodeLibraryPakFileMountedCallback: pending pak file info (ChunkID:-1 Root:root:/ File:C:/Program Files/Epic Games/UE_4.27/FeaturePacks/TP_ThirdPersonBP.upack)
[2023.01.31-13.33.27:829][  0]LogPakFile: OnPakFileMounted2Time == 0.000021
[2023.01.31-13.33.27:829][  0]LogPakFile: PakFile PrimaryIndexSize=183
[2023.01.31-13.33.27:829][  0]LogPakFile: PakFile PathHashIndexSize=101
[2023.01.31-13.33.27:829][  0]LogPakFile: PakFile FullDirectoryIndexSize=140
[2023.01.31-13.33.27:829][  0]LogShaderLibrary: Display: ShaderCodeLibraryPakFileMountedCallback: PakFile 'C:/Program Files/Epic Games/UE_4.27/FeaturePacks/TP_TopDown.upack' (chunk index -1, root 'root:/') mounted
[2023.01.31-13.33.27:829][  0]LogShaderLibrary: Display: ShaderCodeLibraryPakFileMountedCallback: pending pak file info (ChunkID:-1 Root:root:/ File:C:/Program Files/Epic Games/UE_4.27/FeaturePacks/TP_TopDown.upack)
[2023.01.31-13.33.27:829][  0]LogPakFile: OnPakFileMounted2Time == 0.000026
[2023.01.31-13.33.27:829][  0]LogPakFile: PakFile PrimaryIndexSize=185
[2023.01.31-13.33.27:829][  0]LogPakFile: PakFile PathHashIndexSize=101
[2023.01.31-13.33.27:829][  0]LogPakFile: PakFile FullDirectoryIndexSize=144
[2023.01.31-13.33.27:829][  0]LogShaderLibrary: Display: ShaderCodeLibraryPakFileMountedCallback: PakFile 'C:/Program Files/Epic Games/UE_4.27/FeaturePacks/TP_TopDownBP.upack' (chunk index -1, root 'root:/') mounted
[2023.01.31-13.33.27:829][  0]LogShaderLibrary: Display: ShaderCodeLibraryPakFileMountedCallback: pending pak file info (ChunkID:-1 Root:root:/ File:C:/Program Files/Epic Games/UE_4.27/FeaturePacks/TP_TopDownBP.upack)
[2023.01.31-13.33.27:829][  0]LogPakFile: OnPakFileMounted2Time == 0.000021
[2023.01.31-13.33.27:829][  0]LogPakFile: PakFile PrimaryIndexSize=185
[2023.01.31-13.33.27:830][  0]LogPakFile: PakFile PathHashIndexSize=101
[2023.01.31-13.33.27:830][  0]LogPakFile: PakFile FullDirectoryIndexSize=144
[2023.01.31-13.33.27:830][  0]LogShaderLibrary: Display: ShaderCodeLibraryPakFileMountedCallback: PakFile 'C:/Program Files/Epic Games/UE_4.27/FeaturePacks/TP_TwinStick.upack' (chunk index -1, root 'root:/') mounted
[2023.01.31-13.33.27:830][  0]LogShaderLibrary: Display: ShaderCodeLibraryPakFileMountedCallback: pending pak file info (ChunkID:-1 Root:root:/ File:C:/Program Files/Epic Games/UE_4.27/FeaturePacks/TP_TwinStick.upack)
[2023.01.31-13.33.27:830][  0]LogPakFile: OnPakFileMounted2Time == 0.000023
[2023.01.31-13.33.27:830][  0]LogPakFile: PakFile PrimaryIndexSize=187
[2023.01.31-13.33.27:830][  0]LogPakFile: PakFile PathHashIndexSize=101
[2023.01.31-13.33.27:830][  0]LogPakFile: PakFile FullDirectoryIndexSize=148
[2023.01.31-13.33.27:830][  0]LogShaderLibrary: Display: ShaderCodeLibraryPakFileMountedCallback: PakFile 'C:/Program Files/Epic Games/UE_4.27/FeaturePacks/TP_TwinStickBP.upack' (chunk index -1, root 'root:/') mounted
[2023.01.31-13.33.27:830][  0]LogShaderLibrary: Display: ShaderCodeLibraryPakFileMountedCallback: pending pak file info (ChunkID:-1 Root:root:/ File:C:/Program Files/Epic Games/UE_4.27/FeaturePacks/TP_TwinStickBP.upack)
[2023.01.31-13.33.27:830][  0]LogPakFile: OnPakFileMounted2Time == 0.000027
[2023.01.31-13.33.27:830][  0]LogPakFile: PakFile PrimaryIndexSize=183
[2023.01.31-13.33.27:830][  0]LogPakFile: PakFile PathHashIndexSize=101
[2023.01.31-13.33.27:830][  0]LogPakFile: PakFile FullDirectoryIndexSize=140
[2023.01.31-13.33.27:830][  0]LogShaderLibrary: Display: ShaderCodeLibraryPakFileMountedCallback: PakFile 'C:/Program Files/Epic Games/UE_4.27/FeaturePacks/TP_Vehicle.upack' (chunk index -1, root 'root:/') mounted
[2023.01.31-13.33.27:830][  0]LogShaderLibrary: Display: ShaderCodeLibraryPakFileMountedCallback: pending pak file info (ChunkID:-1 Root:root:/ File:C:/Program Files/Epic Games/UE_4.27/FeaturePacks/TP_Vehicle.upack)
[2023.01.31-13.33.27:830][  0]LogPakFile: OnPakFileMounted2Time == 0.000021
[2023.01.31-13.33.27:831][  0]LogPakFile: PakFile PrimaryIndexSize=186
[2023.01.31-13.33.27:831][  0]LogPakFile: PakFile PathHashIndexSize=101
[2023.01.31-13.33.27:831][  0]LogPakFile: PakFile FullDirectoryIndexSize=146
[2023.01.31-13.33.27:831][  0]LogShaderLibrary: Display: ShaderCodeLibraryPakFileMountedCallback: PakFile 'C:/Program Files/Epic Games/UE_4.27/FeaturePacks/TP_VehicleAdv.upack' (chunk index -1, root 'root:/') mounted
[2023.01.31-13.33.27:831][  0]LogShaderLibrary: Display: ShaderCodeLibraryPakFileMountedCallback: pending pak file info (ChunkID:-1 Root:root:/ File:C:/Program Files/Epic Games/UE_4.27/FeaturePacks/TP_VehicleAdv.upack)
[2023.01.31-13.33.27:831][  0]LogPakFile: OnPakFileMounted2Time == 0.000022
[2023.01.31-13.33.27:831][  0]LogPakFile: PakFile PrimaryIndexSize=188
[2023.01.31-13.33.27:831][  0]LogPakFile: PakFile PathHashIndexSize=101
[2023.01.31-13.33.27:831][  0]LogPakFile: PakFile FullDirectoryIndexSize=150
[2023.01.31-13.33.27:831][  0]LogShaderLibrary: Display: ShaderCodeLibraryPakFileMountedCallback: PakFile 'C:/Program Files/Epic Games/UE_4.27/FeaturePacks/TP_VehicleAdvBP.upack' (chunk index -1, root 'root:/') mounted
[2023.01.31-13.33.27:831][  0]LogShaderLibrary: Display: ShaderCodeLibraryPakFileMountedCallback: pending pak file info (ChunkID:-1 Root:root:/ File:C:/Program Files/Epic Games/UE_4.27/FeaturePacks/TP_VehicleAdvBP.upack)
[2023.01.31-13.33.27:831][  0]LogPakFile: OnPakFileMounted2Time == 0.000021
[2023.01.31-13.33.27:831][  0]LogPakFile: PakFile PrimaryIndexSize=185
[2023.01.31-13.33.27:831][  0]LogPakFile: PakFile PathHashIndexSize=101
[2023.01.31-13.33.27:831][  0]LogPakFile: PakFile FullDirectoryIndexSize=144
[2023.01.31-13.33.27:831][  0]LogShaderLibrary: Display: ShaderCodeLibraryPakFileMountedCallback: PakFile 'C:/Program Files/Epic Games/UE_4.27/FeaturePacks/TP_VehicleBP.upack' (chunk index -1, root 'root:/') mounted
[2023.01.31-13.33.27:831][  0]LogShaderLibrary: Display: ShaderCodeLibraryPakFileMountedCallback: pending pak file info (ChunkID:-1 Root:root:/ File:C:/Program Files/Epic Games/UE_4.27/FeaturePacks/TP_VehicleBP.upack)
[2023.01.31-13.33.27:831][  0]LogPakFile: OnPakFileMounted2Time == 0.000021
[2023.01.31-13.33.27:832][  0]LogPakFile: PakFile PrimaryIndexSize=192
[2023.01.31-13.33.27:832][  0]LogPakFile: PakFile PathHashIndexSize=101
[2023.01.31-13.33.27:832][  0]LogPakFile: PakFile FullDirectoryIndexSize=158
[2023.01.31-13.33.27:832][  0]LogShaderLibrary: Display: ShaderCodeLibraryPakFileMountedCallback: PakFile 'C:/Program Files/Epic Games/UE_4.27/FeaturePacks/TP_VirtualRealityBP.upack' (chunk index -1, root 'root:/') mounted
[2023.01.31-13.33.27:832][  0]LogShaderLibrary: Display: ShaderCodeLibraryPakFileMountedCallback: pending pak file info (ChunkID:-1 Root:root:/ File:C:/Program Files/Epic Games/UE_4.27/FeaturePacks/TP_VirtualRealityBP.upack)
[2023.01.31-13.33.27:832][  0]LogPakFile: OnPakFileMounted2Time == 0.000021
[2023.01.31-13.33.27:860][  0]LogNativeClassHierarchy: Verbose: Native class hierarchy updated for 'AddContentDialog' in 0.0002 seconds. Added 0 classes and 0 folders.
[2023.01.31-13.33.27:864][  0]LogNativeClassHierarchy: Verbose: Native class hierarchy updated for 'SceneOutliner' in 0.0002 seconds. Added 2 classes and 0 folders.
[2023.01.31-13.33.28:018][  0]LogSlate: Took 0.000100 seconds to synchronously load lazily loaded font '../../../Engine/Content/Slate/Fonts/Roboto-Regular.ttf' (155K)
[2023.01.31-13.33.28:023][  0]LogSlate: Took 0.003979 seconds to synchronously load lazily loaded font '../../../Engine/Content/Editor/Slate/Fonts/FontAwesome.ttf' (139K)
[2023.01.31-13.33.28:024][  0]LogSlate: Took 0.000068 seconds to synchronously load lazily loaded font '../../../Engine/Content/Slate/Fonts/Roboto-Bold.ttf' (160K)
[2023.01.31-13.33.28:108][  0]LogRenderer: Reallocating scene render targets to support 1708x996 Format 10 NumSamples 1 (Frame:1).
[2023.01.31-13.33.28:225][  0]LogNativeClassHierarchy: Verbose: Native class hierarchy updated for 'HierarchicalLODOutliner' in 0.0002 seconds. Added 0 classes and 0 folders.
[2023.01.31-13.33.28:225][  0]LogInput: Warning: Action Jump uses invalid key OculusGo_Left_Trigger_Click.
[2023.01.31-13.33.28:225][  0]LogInput: Warning: Action ResetVR uses invalid key OculusGo_Left_Trackpad_Click.
[2023.01.31-13.33.28:225][  0]LogInput: Warning: Use -RemoveInvalidKeys to remove instances of these keys from the action mapping.
[2023.01.31-13.33.28:225][  0]LogLoad: (Engine Initialization) Total time: 5.39 seconds
[2023.01.31-13.33.28:225][  0]LogLoad: (Engine Initialization) Total Blueprint compile time: 0.00 seconds
[2023.01.31-13.33.28:291][  0]LogAssetRegistry: Asset discovery search completed in 3.4809 seconds
[2023.01.31-13.33.28:295][  0]LogCollectionManager: Fixed up redirectors for 0 collections in 0.000003 seconds (updated 0 objects)
[2023.01.31-13.33.28:296][  0]LogContentStreaming: Texture pool size now 1000 MB
[2023.01.31-13.33.29:708][108]LogSlate: Took 0.003995 seconds to synchronously load lazily loaded font '../../../Engine/Content/Slate/Fonts/Roboto-Italic.ttf' (157K)
