Log file open, 02/16/23 16:47:28
LogWindows: Failed to load 'aqProf.dll' (GetLastError=126)
LogWindows: File 'aqProf.dll' does not exist
LogWindows: Failed to load 'VtuneApi.dll' (GetLastError=126)
LogWindows: File 'VtuneApi.dll' does not exist
LogWindows: Failed to load 'VtuneApi32e.dll' (GetLastError=126)
LogWindows: File 'VtuneApi32e.dll' does not exist
LogConsoleResponse: Display: Failed to find resolution value strings in scalability ini. Falling back to default.
LogConsoleResponse: Display: Failed to find resolution value strings in scalability ini. Falling back to default.
LogInit: Display: Running engine for game: First_Project
LogPlatformFile: Not using cached read wrapper
LogTaskGraph: Started task graph with 5 named threads and 83 total threads with 3 sets of task threads.
LogStats: Stats thread started at 0.173059
LogICUInternationalization: ICU TimeZone Detection - Raw Offset: +3:00, Platform Override: ''
LogInit: Display: Loading text-based GConfig....
LogPluginManager: Mounting plugin MeshPainting
LogPluginManager: Mounting plugin XGEController
LogPluginManager: Mounting plugin Paper2D
LogPluginManager: Mounting plugin LiveLink
LogPluginManager: Mounting plugin AISupport
LogPluginManager: Mounting plugin EnvironmentQueryEditor
LogPluginManager: Mounting plugin GameplayCameras
LogPluginManager: Mounting plugin LightPropagationVolume
LogPluginManager: Mounting plugin CameraShakePreviewer
LogPluginManager: Mounting plugin AnimationSharing
LogPluginManager: Mounting plugin KDevelopSourceCodeAccess
LogPluginManager: Mounting plugin GitSourceControl
LogPluginManager: Mounting plugin CodeLiteSourceCodeAccess
LogPluginManager: Mounting plugin NullSourceCodeAccess
LogPluginManager: Mounting plugin CLionSourceCodeAccess
LogPluginManager: Mounting plugin PixWinPlugin
LogPluginManager: Mounting plugin PluginUtils
LogPluginManager: Mounting plugin PerforceSourceControl
LogPluginManager: Mounting plugin SubversionSourceControl
LogPluginManager: Mounting plugin UObjectPlugin
LogPluginManager: Mounting plugin PropertyAccessNode
LogPluginManager: Mounting plugin RiderSourceCodeAccess
LogPluginManager: Mounting plugin VisualStudioCodeSourceCodeAccess
LogPluginManager: Mounting plugin TextureFormatOodle
LogPluginManager: Mounting plugin AssetManagerEditor
LogPluginManager: Mounting plugin XCodeSourceCodeAccess
LogPluginManager: Mounting plugin CurveEditorTools
LogPluginManager: Mounting plugin DataValidation
LogPluginManager: Mounting plugin PlasticSourceControl
LogPluginManager: Mounting plugin CryptoKeys
LogPluginManager: Mounting plugin VisualStudioSourceCodeAccess
LogPluginManager: Mounting plugin GeometryMode
LogPluginManager: Mounting plugin FacialAnimation
LogPluginManager: Mounting plugin MacGraphicsSwitching
LogPluginManager: Mounting plugin MaterialAnalyzer
LogPluginManager: Mounting plugin MobileLauncherProfileWizard
LogPluginManager: Mounting plugin GameplayTagsEditor
LogPluginManager: Mounting plugin PluginBrowser
LogPluginManager: Mounting plugin SpeedTreeImporter
LogPluginManager: Mounting plugin Niagara
LogPluginManager: Mounting plugin DatasmithContent
LogPluginManager: Mounting plugin AlembicImporter
LogPluginManager: Mounting plugin BackChannel
LogPluginManager: Mounting plugin AutomationUtils
LogPluginManager: Mounting plugin VariantManagerContent
LogPluginManager: Mounting plugin ChaosCloth
LogPluginManager: Mounting plugin ChaosSolverPlugin
LogPluginManager: Mounting plugin ChaosClothEditor
LogPluginManager: Mounting plugin ChaosNiagara
LogPluginManager: Mounting plugin ChaosEditor
LogPluginManager: Mounting plugin CharacterAI
LogPluginManager: Mounting plugin GeometryCollectionPlugin
LogPluginManager: Mounting plugin LuminPlatformFeatures
LogPluginManager: Mounting plugin MagicLeap
LogPluginManager: Mounting plugin GeometryCache
LogPluginManager: Mounting plugin MagicLeapMedia
LogPluginManager: Mounting plugin MagicLeapLightEstimation
LogPluginManager: Mounting plugin MagicLeapPassableWorld
LogPluginManager: Mounting plugin MLSDK
LogPluginManager: Mounting plugin GeometryProcessing
LogPluginManager: Mounting plugin MotoSynth
LogPluginManager: Mounting plugin AndroidMedia
LogPluginManager: Mounting plugin OpenImageDenoise
LogPluginManager: Mounting plugin AvfMedia
LogPluginManager: Mounting plugin PlatformCrypto
LogPluginManager: Mounting plugin PlanarCut
LogPluginManager: Mounting plugin ProxyLODPlugin
LogPluginManager: Mounting plugin PythonScriptPlugin
LogPluginManager: Mounting plugin MediaCompositing
LogPluginManager: Mounting plugin ImgMedia
LogPluginManager: Mounting plugin MediaPlayerEditor
LogPluginManager: Mounting plugin WebMMedia
LogPluginManager: Mounting plugin WmfMedia
LogPluginManager: Mounting plugin SkeletalReduction
LogPluginManager: Mounting plugin TcpMessaging
LogPluginManager: Mounting plugin ActorSequence
LogPluginManager: Mounting plugin MatineeToLevelSequence
LogPluginManager: Mounting plugin UdpMessaging
LogPluginManager: Mounting plugin LevelSequenceEditor
LogPluginManager: Mounting plugin LauncherChunkInstaller
LogPluginManager: Mounting plugin TemplateSequence
LogPluginManager: Mounting plugin OnlineSubsystem
LogPluginManager: Mounting plugin OnlineSubsystemNull
LogPluginManager: Mounting plugin OnlineSubsystemUtils
LogPluginManager: Mounting plugin AndroidMoviePlayer
LogPluginManager: Mounting plugin ScreenshotTools
LogPluginManager: Mounting plugin ActorLayerUtilities
LogPluginManager: Mounting plugin AndroidDeviceProfileSelector
LogPluginManager: Mounting plugin AndroidPermission
LogPluginManager: Mounting plugin AppleImageUtils
LogPluginManager: Mounting plugin ArchVisCharacter
LogPluginManager: Mounting plugin AudioCapture
LogPluginManager: Mounting plugin AppleMoviePlayer
LogPluginManager: Mounting plugin CableComponent
LogPluginManager: Mounting plugin AssetTags
LogPluginManager: Mounting plugin CustomMeshComponent
LogPluginManager: Mounting plugin ChunkDownloader
LogPluginManager: Mounting plugin AudioSynesthesia
LogPluginManager: Mounting plugin EditableMesh
LogPluginManager: Mounting plugin ExampleDeviceProfileSelector
LogPluginManager: Mounting plugin GoogleCloudMessaging
LogPluginManager: Mounting plugin GooglePAD
LogPluginManager: Mounting plugin Takes
LogPluginManager: Mounting plugin IOSDeviceProfileSelector
LogPluginManager: Mounting plugin LinuxDeviceProfileSelector
LogPluginManager: Mounting plugin LocationServicesBPLibrary
LogPluginManager: Mounting plugin MobilePatchingUtils
LogPluginManager: Mounting plugin OpenXR
LogPluginManager: Mounting plugin OpenXREyeTracker
LogPluginManager: Mounting plugin OpenXRHandTracking
LogPluginManager: Mounting plugin ProceduralMeshComponent
LogPluginManager: Mounting plugin PostSplashScreen
LogPluginManager: Mounting plugin PhysXVehicles
LogPluginManager: Mounting plugin RuntimePhysXCooking
LogPluginManager: Mounting plugin PropertyAccessEditor
LogPluginManager: Mounting plugin SignificanceManager
LogPluginManager: Mounting plugin SoundFields
LogPluginManager: Mounting plugin Synthesis
LogPluginManager: Mounting plugin WindowsMoviePlayer
LogPluginManager: Mounting plugin WebMMoviePlayer
LogPluginManager: Mounting plugin OodleData
LogPluginManager: Mounting plugin OodleNetwork
LogPluginManager: Mounting plugin ContentBrowserAssetDataSource
LogPluginManager: Mounting plugin ContentBrowserClassDataSource
LogPluginManager: Mounting plugin ContentBrowserFileDataSource
LogPluginManager: Mounting plugin OnlineSubsystemGooglePlay
LogPluginManager: Mounting plugin OnlineSubsystemIOS
LogPluginManager: Mounting plugin OculusVR
LogPluginManager: Mounting plugin SteamVR
PixWinPlugin: PIX capture plugin failed to initialize! Check that the process is launched from PIX.
LogInit: Using libcurl 7.55.1-DEV
LogInit:  - built for x86_64-pc-win32
LogInit:  - supports SSL with OpenSSL/1.1.1
LogInit:  - supports HTTP deflate (compression) using libz 1.2.8
LogInit:  - other features:
LogInit:      CURL_VERSION_SSL
LogInit:      CURL_VERSION_LIBZ
LogInit:      CURL_VERSION_IPV6
LogInit:      CURL_VERSION_ASYNCHDNS
LogInit:      CURL_VERSION_LARGEFILE
LogInit:      CURL_VERSION_IDN
LogInit:  CurlRequestOptions (configurable via config and command line):
LogInit:  - bVerifyPeer = true  - Libcurl will verify peer certificate
LogInit:  - bUseHttpProxy = false  - Libcurl will NOT use HTTP proxy
LogInit:  - bDontReuseConnections = false  - Libcurl will reuse connections
LogInit:  - MaxHostConnections = 16  - Libcurl will limit the number of connections to a host
LogInit:  - LocalHostAddr = Default
LogInit:  - BufferSize = 65536
LogOnline: OSS: Creating online subsystem instance for: NULL
LogInit: WinSock: version 1.1 (2.2), MaxSocks=32767, MaxUdp=65467
LogOnline: OSS: TryLoadSubsystemAndSetDefault: Loaded subsystem for module [NULL]
LogOculusPluginWrapper: OculusPlugin initialized successfully
LogHMD: Failed initializing OVRPlugin 1.59.0
LogInit: Build: ++UE4+Release-4.27-CL-18319896
LogInit: Engine Version: 4.27.2-18319896+++UE4+Release-4.27
LogInit: Compatible Engine Version: 4.27.0-17155196+++UE4+Release-4.27
LogInit: Net CL: 17155196
LogInit: OS: Windows 10 (Release 2009) (), CPU: AMD Ryzen 9 5950X 16-Core Processor            , GPU: NVIDIA GeForce RTX 4080
LogInit: Compiled (64-bit): Nov 30 2021 07:12:08
LogInit: Compiled with Visual C++: 19.24.28315.00
LogInit: Build Configuration: Development
LogInit: Branch Name: ++UE4+Release-4.27
LogInit: Command Line: 
LogInit: Base Directory: C:/Program Files/Epic Games/UE_4.27/Engine/Binaries/Win64/
LogInit: Allocator: TBB
LogInit: Installed Engine Build: 1
LogDevObjectVersion: Number of dev versions registered: 29
LogDevObjectVersion:   Dev-Blueprints (B0D832E4-1F89-4F0D-ACCF-7EB736FD4AA2): 10
LogDevObjectVersion:   Dev-Build (E1C64328-A22C-4D53-A36C-8E866417BD8C): 0
LogDevObjectVersion:   Dev-Core (375EC13C-06E4-48FB-B500-84F0262A717E): 4
LogDevObjectVersion:   Dev-Editor (E4B068ED-F494-42E9-A231-DA0B2E46BB41): 40
LogDevObjectVersion:   Dev-Framework (CFFC743F-43B0-4480-9391-14DF171D2073): 37
LogDevObjectVersion:   Dev-Mobile (B02B49B5-BB20-44E9-A304-32B752E40360): 3
LogDevObjectVersion:   Dev-Networking (A4E4105C-59A1-49B5-A7C5-40C4547EDFEE): 0
LogDevObjectVersion:   Dev-Online (39C831C9-5AE6-47DC-9A44-9C173E1C8E7C): 0
LogDevObjectVersion:   Dev-Physics (78F01B33-EBEA-4F98-B9B4-84EACCB95AA2): 14
LogDevObjectVersion:   Dev-Platform (6631380F-2D4D-43E0-8009-CF276956A95A): 0
LogDevObjectVersion:   Dev-Rendering (12F88B9F-8875-4AFC-A67C-D90C383ABD29): 45
LogDevObjectVersion:   Dev-Sequencer (7B5AE74C-D270-4C10-A958-57980B212A5A): 13
LogDevObjectVersion:   Dev-VR (D7296918-1DD6-4BDD-9DE2-64A83CC13884): 3
LogDevObjectVersion:   Dev-LoadTimes (C2A15278-BFE7-4AFE-6C17-90FF531DF755): 1
LogDevObjectVersion:   Private-Geometry (6EACA3D4-40EC-4CC1-B786-8BED09428FC5): 3
LogDevObjectVersion:   Dev-AnimPhys (29E575DD-E0A3-4627-9D10-D276232CDCEA): 17
LogDevObjectVersion:   Dev-Anim (AF43A65D-7FD3-4947-9873-3E8ED9C1BB05): 15
LogDevObjectVersion:   Dev-ReflectionCapture (6B266CEC-1EC7-4B8F-A30B-E4D90942FC07): 1
LogDevObjectVersion:   Dev-Automation (0DF73D61-A23F-47EA-B727-89E90C41499A): 1
LogDevObjectVersion:   FortniteMain (601D1886-AC64-4F84-AA16-D3DE0DEAC7D6): 47
LogDevObjectVersion:   FortniteRelease (E7086368-6B23-4C58-8439-1B7016265E91): 1
LogDevObjectVersion:   Dev-Enterprise (9DFFBCD6-494F-0158-E221-12823C92A888): 10
LogDevObjectVersion:   Dev-Niagara (F2AED0AC-9AFE-416F-8664-AA7FFA26D6FC): 1
LogDevObjectVersion:   Dev-Destruction (174F1F0B-B4C6-45A5-B13F-2EE8D0FB917D): 10
LogDevObjectVersion:   Dev-Physics-Ext (35F94A83-E258-406C-A318-09F59610247C): 41
LogDevObjectVersion:   Dev-PhysicsMaterial-Chaos (B68FC16E-8B1B-42E2-B453-215C058844FE): 1
LogDevObjectVersion:   Dev-CineCamera (B2E18506-4273-CFC2-A54E-F4BB758BBA07): 1
LogDevObjectVersion:   Dev-VirtualProduction (64F58936-FD1B-42BA-BA96-7289D5D0FA4E): 1
LogDevObjectVersion:   Dev-MediaFramework (6F0ED827-A609-4895-9C91-998D90180EA4): 2
LogInit: Presizing for max 25165824 objects, including 0 objects not considered by GC, pre-allocating 0 bytes for permanent pool.
LogConfig: Applying CVar settings from Section [/Script/Engine.StreamingSettings] File [D:/UE_Projects/Unreal_Reposit/Project_One/Saved/Config/Windows/Engine.ini]
LogConfig: Setting CVar [[s.MinBulkDataSizeForAsyncLoading:131072]]
LogConfig: Setting CVar [[s.AsyncLoadingThreadEnabled:0]]
LogConfig: Setting CVar [[s.EventDrivenLoaderEnabled:1]]
LogConfig: Setting CVar [[s.WarnIfTimeLimitExceeded:0]]
LogConfig: Setting CVar [[s.TimeLimitExceededMultiplier:1.5]]
LogConfig: Setting CVar [[s.TimeLimitExceededMinTime:0.005]]
LogConfig: Setting CVar [[s.UseBackgroundLevelStreaming:1]]
LogConfig: Setting CVar [[s.PriorityAsyncLoadingExtraTime:15.0]]
LogConfig: Setting CVar [[s.LevelStreamingActorsUpdateTimeLimit:5.0]]
LogConfig: Setting CVar [[s.PriorityLevelStreamingActorsUpdateExtraTime:5.0]]
LogConfig: Setting CVar [[s.LevelStreamingComponentsRegistrationGranularity:10]]
LogConfig: Setting CVar [[s.UnregisterComponentsTimeLimit:1.0]]
LogConfig: Setting CVar [[s.LevelStreamingComponentsUnregistrationGranularity:5]]
LogConfig: Setting CVar [[s.FlushStreamingOnExit:1]]
LogInit: Object subsystem initialized
LogConfig: Setting CVar [[con.DebugEarlyDefault:1]]
LogConfig: Setting CVar [[r.setres:1280x720]]
[2023.02.16-13.47.29:113][  0]LogConfig: Setting CVar [[r.VSync:0]]
[2023.02.16-13.47.29:113][  0]LogConfig: Setting CVar [[r.RHICmdBypass:0]]
[2023.02.16-13.47.29:113][  0]LogConfig: Applying CVar settings from Section [/Script/Engine.RendererSettings] File [D:/UE_Projects/Unreal_Reposit/Project_One/Saved/Config/Windows/Engine.ini]
[2023.02.16-13.47.29:113][  0]LogConfig: Setting CVar [[r.GPUCrashDebugging:0]]
[2023.02.16-13.47.29:113][  0]LogConfig: Setting CVar [[r.SkinCache.CompileShaders:1]]
[2023.02.16-13.47.29:113][  0]LogConfig: Setting CVar [[r.RayTracing:1]]
[2023.02.16-13.47.29:113][  0]LogConfig: Applying CVar settings from Section [/Script/Engine.RendererOverrideSettings] File [D:/UE_Projects/Unreal_Reposit/Project_One/Saved/Config/Windows/Engine.ini]
[2023.02.16-13.47.29:113][  0]LogConfig: Applying CVar settings from Section [/Script/Engine.StreamingSettings] File [D:/UE_Projects/Unreal_Reposit/Project_One/Saved/Config/Windows/Engine.ini]
[2023.02.16-13.47.29:113][  0]LogConfig: Setting CVar [[s.MinBulkDataSizeForAsyncLoading:131072]]
[2023.02.16-13.47.29:113][  0]LogConfig: Setting CVar [[s.AsyncLoadingThreadEnabled:0]]
[2023.02.16-13.47.29:113][  0]LogConfig: Setting CVar [[s.EventDrivenLoaderEnabled:1]]
[2023.02.16-13.47.29:113][  0]LogConfig: Setting CVar [[s.WarnIfTimeLimitExceeded:0]]
[2023.02.16-13.47.29:113][  0]LogConfig: Setting CVar [[s.TimeLimitExceededMultiplier:1.5]]
[2023.02.16-13.47.29:113][  0]LogConfig: Setting CVar [[s.TimeLimitExceededMinTime:0.005]]
[2023.02.16-13.47.29:113][  0]LogConfig: Setting CVar [[s.UseBackgroundLevelStreaming:1]]
[2023.02.16-13.47.29:113][  0]LogConfig: Setting CVar [[s.PriorityAsyncLoadingExtraTime:15.0]]
[2023.02.16-13.47.29:113][  0]LogConfig: Setting CVar [[s.LevelStreamingActorsUpdateTimeLimit:5.0]]
[2023.02.16-13.47.29:113][  0]LogConfig: Setting CVar [[s.PriorityLevelStreamingActorsUpdateExtraTime:5.0]]
[2023.02.16-13.47.29:113][  0]LogConfig: Setting CVar [[s.LevelStreamingComponentsRegistrationGranularity:10]]
[2023.02.16-13.47.29:113][  0]LogConfig: Setting CVar [[s.UnregisterComponentsTimeLimit:1.0]]
[2023.02.16-13.47.29:113][  0]LogConfig: Setting CVar [[s.LevelStreamingComponentsUnregistrationGranularity:5]]
[2023.02.16-13.47.29:113][  0]LogConfig: Setting CVar [[s.FlushStreamingOnExit:1]]
[2023.02.16-13.47.29:113][  0]LogConfig: Applying CVar settings from Section [/Script/Engine.GarbageCollectionSettings] File [D:/UE_Projects/Unreal_Reposit/Project_One/Saved/Config/Windows/Engine.ini]
[2023.02.16-13.47.29:113][  0]LogConfig: Setting CVar [[gc.MaxObjectsNotConsideredByGC:1]]
[2023.02.16-13.47.29:113][  0]LogConfig: Setting CVar [[gc.SizeOfPermanentObjectPool:0]]
[2023.02.16-13.47.29:113][  0]LogConfig: Setting CVar [[gc.FlushStreamingOnGC:0]]
[2023.02.16-13.47.29:113][  0]LogConfig: Setting CVar [[gc.NumRetriesBeforeForcingGC:10]]
[2023.02.16-13.47.29:113][  0]LogConfig: Setting CVar [[gc.AllowParallelGC:1]]
[2023.02.16-13.47.29:113][  0]LogConfig: Setting CVar [[gc.TimeBetweenPurgingPendingKillObjects:61.1]]
[2023.02.16-13.47.29:113][  0]LogConfig: Setting CVar [[gc.MaxObjectsInEditor:25165824]]
[2023.02.16-13.47.29:113][  0]LogConfig: Setting CVar [[gc.IncrementalBeginDestroyEnabled:1]]
[2023.02.16-13.47.29:113][  0]LogConfig: Setting CVar [[gc.CreateGCClusters:1]]
[2023.02.16-13.47.29:113][  0]LogConfig: Setting CVar [[gc.MinGCClusterSize:5]]
[2023.02.16-13.47.29:113][  0]LogConfig: Setting CVar [[gc.ActorClusteringEnabled:0]]
[2023.02.16-13.47.29:113][  0]LogConfig: Setting CVar [[gc.BlueprintClusteringEnabled:0]]
[2023.02.16-13.47.29:113][  0]LogConfig: Setting CVar [[gc.UseDisregardForGCOnDedicatedServers:0]]
[2023.02.16-13.47.29:113][  0]LogConfig: Setting CVar [[gc.MultithreadedDestructionEnabled:1]]
[2023.02.16-13.47.29:113][  0]LogConfig: Applying CVar settings from Section [/Script/Engine.NetworkSettings] File [D:/UE_Projects/Unreal_Reposit/Project_One/Saved/Config/Windows/Engine.ini]
[2023.02.16-13.47.29:113][  0]LogConfig: Applying CVar settings from Section [/Script/UnrealEd.CookerSettings] File [D:/UE_Projects/Unreal_Reposit/Project_One/Saved/Config/Windows/Engine.ini]
[2023.02.16-13.47.29:123][  0]LogConfig: Applying CVar settings from Section [ViewDistanceQuality@3] File [D:/UE_Projects/Unreal_Reposit/Project_One/Saved/Config/Windows/Scalability.ini]
[2023.02.16-13.47.29:123][  0]LogConfig: Setting CVar [[r.SkeletalMeshLODBias:0]]
[2023.02.16-13.47.29:123][  0]LogConfig: Setting CVar [[r.ViewDistanceScale:1.0]]
[2023.02.16-13.47.29:123][  0]LogConfig: Applying CVar settings from Section [AntiAliasingQuality@3] File [D:/UE_Projects/Unreal_Reposit/Project_One/Saved/Config/Windows/Scalability.ini]
[2023.02.16-13.47.29:123][  0]LogConfig: Setting CVar [[r.PostProcessAAQuality:4]]
[2023.02.16-13.47.29:123][  0]LogConfig: Applying CVar settings from Section [ShadowQuality@3] File [D:/UE_Projects/Unreal_Reposit/Project_One/Saved/Config/Windows/Scalability.ini]
[2023.02.16-13.47.29:123][  0]LogConfig: Setting CVar [[r.LightFunctionQuality:1]]
[2023.02.16-13.47.29:123][  0]LogConfig: Setting CVar [[r.ShadowQuality:5]]
[2023.02.16-13.47.29:123][  0]LogConfig: Setting CVar [[r.Shadow.CSM.MaxCascades:10]]
[2023.02.16-13.47.29:123][  0]LogConfig: Setting CVar [[r.Shadow.MaxResolution:2048]]
[2023.02.16-13.47.29:123][  0]LogConfig: Setting CVar [[r.Shadow.MaxCSMResolution:2048]]
[2023.02.16-13.47.29:123][  0]LogConfig: Setting CVar [[r.Shadow.RadiusThreshold:0.01]]
[2023.02.16-13.47.29:123][  0]LogConfig: Setting CVar [[r.Shadow.DistanceScale:1.0]]
[2023.02.16-13.47.29:123][  0]LogConfig: Setting CVar [[r.Shadow.CSM.TransitionScale:1.0]]
[2023.02.16-13.47.29:123][  0]LogConfig: Setting CVar [[r.Shadow.PreShadowResolutionFactor:1.0]]
[2023.02.16-13.47.29:123][  0]LogConfig: Setting CVar [[r.DistanceFieldShadowing:1]]
[2023.02.16-13.47.29:123][  0]LogConfig: Setting CVar [[r.DistanceFieldAO:1]]
[2023.02.16-13.47.29:123][  0]LogConfig: Setting CVar [[r.AOQuality:2]]
[2023.02.16-13.47.29:123][  0]LogConfig: Setting CVar [[r.VolumetricFog:1]]
[2023.02.16-13.47.29:123][  0]LogConfig: Setting CVar [[r.VolumetricFog.GridPixelSize:8]]
[2023.02.16-13.47.29:123][  0]LogConfig: Setting CVar [[r.VolumetricFog.GridSizeZ:128]]
[2023.02.16-13.47.29:123][  0]LogConfig: Setting CVar [[r.VolumetricFog.HistoryMissSupersampleCount:4]]
[2023.02.16-13.47.29:123][  0]LogConfig: Setting CVar [[r.LightMaxDrawDistanceScale:1]]
[2023.02.16-13.47.29:123][  0]LogConfig: Setting CVar [[r.CapsuleShadows:1]]
[2023.02.16-13.47.29:123][  0]LogConfig: Applying CVar settings from Section [PostProcessQuality@3] File [D:/UE_Projects/Unreal_Reposit/Project_One/Saved/Config/Windows/Scalability.ini]
[2023.02.16-13.47.29:123][  0]LogConfig: Setting CVar [[r.MotionBlurQuality:4]]
[2023.02.16-13.47.29:123][  0]LogConfig: Setting CVar [[r.AmbientOcclusionMipLevelFactor:0.4]]
[2023.02.16-13.47.29:123][  0]LogConfig: Setting CVar [[r.AmbientOcclusionMaxQuality:100]]
[2023.02.16-13.47.29:123][  0]LogConfig: Setting CVar [[r.AmbientOcclusionLevels:-1]]
[2023.02.16-13.47.29:123][  0]LogConfig: Setting CVar [[r.AmbientOcclusionRadiusScale:1.0]]
[2023.02.16-13.47.29:123][  0]LogConfig: Setting CVar [[r.DepthOfFieldQuality:2]]
[2023.02.16-13.47.29:123][  0]LogConfig: Setting CVar [[r.RenderTargetPoolMin:400]]
[2023.02.16-13.47.29:123][  0]LogConfig: Setting CVar [[r.LensFlareQuality:2]]
[2023.02.16-13.47.29:123][  0]LogConfig: Setting CVar [[r.SceneColorFringeQuality:1]]
[2023.02.16-13.47.29:123][  0]LogConfig: Setting CVar [[r.EyeAdaptationQuality:2]]
[2023.02.16-13.47.29:123][  0]LogConfig: Setting CVar [[r.BloomQuality:5]]
[2023.02.16-13.47.29:123][  0]LogConfig: Setting CVar [[r.FastBlurThreshold:100]]
[2023.02.16-13.47.29:123][  0]LogConfig: Setting CVar [[r.Upscale.Quality:3]]
[2023.02.16-13.47.29:123][  0]LogConfig: Setting CVar [[r.Tonemapper.GrainQuantization:1]]
[2023.02.16-13.47.29:123][  0]LogConfig: Setting CVar [[r.LightShaftQuality:1]]
[2023.02.16-13.47.29:123][  0]LogConfig: Setting CVar [[r.Filter.SizeScale:1]]
[2023.02.16-13.47.29:123][  0]LogConfig: Setting CVar [[r.Tonemapper.Quality:5]]
[2023.02.16-13.47.29:123][  0]LogConfig: Setting CVar [[r.DOF.Gather.AccumulatorQuality:1        ; higher gathering accumulator quality]]
[2023.02.16-13.47.29:123][  0]LogConfig: Setting CVar [[r.DOF.Gather.PostfilterMethod:1          ; Median3x3 postfilering method]]
[2023.02.16-13.47.29:123][  0]LogConfig: Setting CVar [[r.DOF.Gather.EnableBokehSettings:0       ; no bokeh simulation when gathering]]
[2023.02.16-13.47.29:123][  0]LogConfig: Setting CVar [[r.DOF.Gather.RingCount:4                 ; medium number of samples when gathering]]
[2023.02.16-13.47.29:123][  0]LogConfig: Setting CVar [[r.DOF.Scatter.ForegroundCompositing:1    ; additive foreground scattering]]
[2023.02.16-13.47.29:123][  0]LogConfig: Setting CVar [[r.DOF.Scatter.BackgroundCompositing:2    ; additive background scattering]]
[2023.02.16-13.47.29:123][  0]LogConfig: Setting CVar [[r.DOF.Scatter.EnableBokehSettings:1      ; bokeh simulation when scattering]]
[2023.02.16-13.47.29:123][  0]LogConfig: Setting CVar [[r.DOF.Scatter.MaxSpriteRatio:0.1         ; only a maximum of 10% of scattered bokeh]]
[2023.02.16-13.47.29:123][  0]LogConfig: Setting CVar [[r.DOF.Recombine.Quality:1                ; cheap slight out of focus]]
[2023.02.16-13.47.29:123][  0]LogConfig: Setting CVar [[r.DOF.Recombine.EnableBokehSettings:0    ; no bokeh simulation on slight out of focus]]
[2023.02.16-13.47.29:123][  0]LogConfig: Setting CVar [[r.DOF.TemporalAAQuality:1                ; more stable temporal accumulation]]
[2023.02.16-13.47.29:123][  0]LogConfig: Setting CVar [[r.DOF.Kernel.MaxForegroundRadius:0.025]]
[2023.02.16-13.47.29:123][  0]LogConfig: Setting CVar [[r.DOF.Kernel.MaxBackgroundRadius:0.025]]
[2023.02.16-13.47.29:123][  0]LogConfig: Applying CVar settings from Section [TextureQuality@3] File [D:/UE_Projects/Unreal_Reposit/Project_One/Saved/Config/Windows/Scalability.ini]
[2023.02.16-13.47.29:123][  0]LogConfig: Setting CVar [[r.Streaming.MipBias:0]]
[2023.02.16-13.47.29:123][  0]LogConfig: Setting CVar [[r.Streaming.AmortizeCPUToGPUCopy:0]]
[2023.02.16-13.47.29:123][  0]LogConfig: Setting CVar [[r.Streaming.MaxNumTexturesToStreamPerFrame:0]]
[2023.02.16-13.47.29:123][  0]LogConfig: Setting CVar [[r.Streaming.Boost:1]]
[2023.02.16-13.47.29:123][  0]LogConfig: Setting CVar [[r.MaxAnisotropy:8]]
[2023.02.16-13.47.29:123][  0]LogConfig: Setting CVar [[r.VT.MaxAnisotropy:8]]
[2023.02.16-13.47.29:123][  0]LogConfig: Setting CVar [[r.Streaming.LimitPoolSizeToVRAM:0]]
[2023.02.16-13.47.29:123][  0]LogConfig: Setting CVar [[r.Streaming.PoolSize:1000]]
[2023.02.16-13.47.29:123][  0]LogConfig: Setting CVar [[r.Streaming.MaxEffectiveScreenSize:0]]
[2023.02.16-13.47.29:123][  0]LogConfig: Applying CVar settings from Section [EffectsQuality@3] File [D:/UE_Projects/Unreal_Reposit/Project_One/Saved/Config/Windows/Scalability.ini]
[2023.02.16-13.47.29:123][  0]LogConfig: Setting CVar [[r.TranslucencyLightingVolumeDim:64]]
[2023.02.16-13.47.29:123][  0]LogConfig: Setting CVar [[r.RefractionQuality:2]]
[2023.02.16-13.47.29:123][  0]LogConfig: Setting CVar [[r.SSR.Quality:3]]
[2023.02.16-13.47.29:123][  0]LogConfig: Setting CVar [[r.SSR.HalfResSceneColor:0]]
[2023.02.16-13.47.29:123][  0]LogConfig: Setting CVar [[r.SceneColorFormat:4]]
[2023.02.16-13.47.29:123][  0]LogConfig: Setting CVar [[r.DetailMode:2]]
[2023.02.16-13.47.29:123][  0]LogConfig: Setting CVar [[r.TranslucencyVolumeBlur:1]]
[2023.02.16-13.47.29:123][  0]LogConfig: Setting CVar [[r.MaterialQualityLevel:1 ; High quality]]
[2023.02.16-13.47.29:123][  0]LogConfig: Setting CVar [[r.AnisotropicMaterials:1]]
[2023.02.16-13.47.29:123][  0]LogConfig: Setting CVar [[r.SSS.Scale:1]]
[2023.02.16-13.47.29:123][  0]LogConfig: Setting CVar [[r.SSS.SampleSet:2]]
[2023.02.16-13.47.29:123][  0]LogConfig: Setting CVar [[r.SSS.Quality:1]]
[2023.02.16-13.47.29:123][  0]LogConfig: Setting CVar [[r.SSS.HalfRes:0]]
[2023.02.16-13.47.29:123][  0]LogConfig: Setting CVar [[r.SSGI.Quality:3]]
[2023.02.16-13.47.29:123][  0]LogConfig: Setting CVar [[r.EmitterSpawnRateScale:1.0]]
[2023.02.16-13.47.29:123][  0]LogConfig: Setting CVar [[r.ParticleLightQuality:2]]
[2023.02.16-13.47.29:123][  0]LogConfig: Setting CVar [[r.SkyAtmosphere.AerialPerspectiveLUT.FastApplyOnOpaque:1 ; Always have FastSkyLUT 1 in this case to avoid wrong sky]]
[2023.02.16-13.47.29:123][  0]LogConfig: Setting CVar [[r.SkyAtmosphere.AerialPerspectiveLUT.SampleCountMaxPerSlice:4]]
[2023.02.16-13.47.29:123][  0]LogConfig: Setting CVar [[r.SkyAtmosphere.AerialPerspectiveLUT.DepthResolution:16.0]]
[2023.02.16-13.47.29:123][  0]LogConfig: Setting CVar [[r.SkyAtmosphere.FastSkyLUT:1]]
[2023.02.16-13.47.29:123][  0]LogConfig: Setting CVar [[r.SkyAtmosphere.FastSkyLUT.SampleCountMin:4.0]]
[2023.02.16-13.47.29:123][  0]LogConfig: Setting CVar [[r.SkyAtmosphere.FastSkyLUT.SampleCountMax:128.0]]
[2023.02.16-13.47.29:123][  0]LogConfig: Setting CVar [[r.SkyAtmosphere.SampleCountMin:4.0]]
[2023.02.16-13.47.29:123][  0]LogConfig: Setting CVar [[r.SkyAtmosphere.SampleCountMax:128.0]]
[2023.02.16-13.47.29:123][  0]LogConfig: Setting CVar [[r.SkyAtmosphere.TransmittanceLUT.UseSmallFormat:0]]
[2023.02.16-13.47.29:123][  0]LogConfig: Setting CVar [[r.SkyAtmosphere.TransmittanceLUT.SampleCount:10.0]]
[2023.02.16-13.47.29:123][  0]LogConfig: Setting CVar [[r.SkyAtmosphere.MultiScatteringLUT.SampleCount:15.0]]
[2023.02.16-13.47.29:123][  0]LogConfig: Setting CVar [[r.SkyLight.RealTimeReflectionCapture:1]]
[2023.02.16-13.47.29:123][  0]LogConfig: Applying CVar settings from Section [FoliageQuality@3] File [D:/UE_Projects/Unreal_Reposit/Project_One/Saved/Config/Windows/Scalability.ini]
[2023.02.16-13.47.29:123][  0]LogConfig: Setting CVar [[foliage.DensityScale:1.0]]
[2023.02.16-13.47.29:124][  0]LogConfig: Setting CVar [[grass.DensityScale:1.0]]
[2023.02.16-13.47.29:124][  0]LogConfig: Applying CVar settings from Section [ShadingQuality@3] File [D:/UE_Projects/Unreal_Reposit/Project_One/Saved/Config/Windows/Scalability.ini]
[2023.02.16-13.47.29:124][  0]LogConfig: Setting CVar [[r.HairStrands.SkyLighting.IntegrationType:2]]
[2023.02.16-13.47.29:124][  0]LogConfig: Setting CVar [[r.HairStrands.SkyAO.SampleCount:4]]
[2023.02.16-13.47.29:124][  0]LogConfig: Setting CVar [[r.HairStrands.Visibility.MSAA.SamplePerPixel:4]]
[2023.02.16-13.47.29:124][  0]LogInit: Selected Device Profile: [Windows]
[2023.02.16-13.47.29:124][  0]LogInit: Applying CVar settings loaded from the selected device profile: [Windows]
[2023.02.16-13.47.29:124][  0]LogHAL: Display: Platform has ~ 128 GB [137355800576 / 137438953472 / 128], which maps to Largest [LargestMinGB=32, LargerMinGB=12, DefaultMinGB=8, SmallerMinGB=6, SmallestMinGB=0)
[2023.02.16-13.47.29:124][  0]LogInit: Going up to parent DeviceProfile []
[2023.02.16-13.47.29:124][  0]LogConfig: Applying CVar settings from Section [ViewDistanceQuality@3] File [D:/UE_Projects/Unreal_Reposit/Project_One/Saved/Config/Windows/Scalability.ini]
[2023.02.16-13.47.29:124][  0]LogConfig: Setting CVar [[r.SkeletalMeshLODBias:0]]
[2023.02.16-13.47.29:124][  0]LogConfig: Setting CVar [[r.ViewDistanceScale:1.0]]
[2023.02.16-13.47.29:124][  0]LogConfig: Applying CVar settings from Section [AntiAliasingQuality@3] File [D:/UE_Projects/Unreal_Reposit/Project_One/Saved/Config/Windows/Scalability.ini]
[2023.02.16-13.47.29:124][  0]LogConfig: Setting CVar [[r.PostProcessAAQuality:4]]
[2023.02.16-13.47.29:124][  0]LogConfig: Applying CVar settings from Section [ShadowQuality@3] File [D:/UE_Projects/Unreal_Reposit/Project_One/Saved/Config/Windows/Scalability.ini]
[2023.02.16-13.47.29:124][  0]LogConfig: Setting CVar [[r.LightFunctionQuality:1]]
[2023.02.16-13.47.29:124][  0]LogConfig: Setting CVar [[r.ShadowQuality:5]]
[2023.02.16-13.47.29:124][  0]LogConfig: Setting CVar [[r.Shadow.CSM.MaxCascades:10]]
[2023.02.16-13.47.29:124][  0]LogConfig: Setting CVar [[r.Shadow.MaxResolution:2048]]
[2023.02.16-13.47.29:124][  0]LogConfig: Setting CVar [[r.Shadow.MaxCSMResolution:2048]]
[2023.02.16-13.47.29:124][  0]LogConfig: Setting CVar [[r.Shadow.RadiusThreshold:0.01]]
[2023.02.16-13.47.29:124][  0]LogConfig: Setting CVar [[r.Shadow.DistanceScale:1.0]]
[2023.02.16-13.47.29:124][  0]LogConfig: Setting CVar [[r.Shadow.CSM.TransitionScale:1.0]]
[2023.02.16-13.47.29:124][  0]LogConfig: Setting CVar [[r.Shadow.PreShadowResolutionFactor:1.0]]
[2023.02.16-13.47.29:124][  0]LogConfig: Setting CVar [[r.DistanceFieldShadowing:1]]
[2023.02.16-13.47.29:124][  0]LogConfig: Setting CVar [[r.DistanceFieldAO:1]]
[2023.02.16-13.47.29:124][  0]LogConfig: Setting CVar [[r.AOQuality:2]]
[2023.02.16-13.47.29:124][  0]LogConfig: Setting CVar [[r.VolumetricFog:1]]
[2023.02.16-13.47.29:124][  0]LogConfig: Setting CVar [[r.VolumetricFog.GridPixelSize:8]]
[2023.02.16-13.47.29:124][  0]LogConfig: Setting CVar [[r.VolumetricFog.GridSizeZ:128]]
[2023.02.16-13.47.29:124][  0]LogConfig: Setting CVar [[r.VolumetricFog.HistoryMissSupersampleCount:4]]
[2023.02.16-13.47.29:124][  0]LogConfig: Setting CVar [[r.LightMaxDrawDistanceScale:1]]
[2023.02.16-13.47.29:124][  0]LogConfig: Setting CVar [[r.CapsuleShadows:1]]
[2023.02.16-13.47.29:124][  0]LogConfig: Applying CVar settings from Section [PostProcessQuality@3] File [D:/UE_Projects/Unreal_Reposit/Project_One/Saved/Config/Windows/Scalability.ini]
[2023.02.16-13.47.29:124][  0]LogConfig: Setting CVar [[r.MotionBlurQuality:4]]
[2023.02.16-13.47.29:124][  0]LogConfig: Setting CVar [[r.AmbientOcclusionMipLevelFactor:0.4]]
[2023.02.16-13.47.29:124][  0]LogConfig: Setting CVar [[r.AmbientOcclusionMaxQuality:100]]
[2023.02.16-13.47.29:124][  0]LogConfig: Setting CVar [[r.AmbientOcclusionLevels:-1]]
[2023.02.16-13.47.29:124][  0]LogConfig: Setting CVar [[r.AmbientOcclusionRadiusScale:1.0]]
[2023.02.16-13.47.29:124][  0]LogConfig: Setting CVar [[r.DepthOfFieldQuality:2]]
[2023.02.16-13.47.29:124][  0]LogConfig: Setting CVar [[r.RenderTargetPoolMin:400]]
[2023.02.16-13.47.29:124][  0]LogConfig: Setting CVar [[r.LensFlareQuality:2]]
[2023.02.16-13.47.29:124][  0]LogConfig: Setting CVar [[r.SceneColorFringeQuality:1]]
[2023.02.16-13.47.29:124][  0]LogConfig: Setting CVar [[r.EyeAdaptationQuality:2]]
[2023.02.16-13.47.29:124][  0]LogConfig: Setting CVar [[r.BloomQuality:5]]
[2023.02.16-13.47.29:124][  0]LogConfig: Setting CVar [[r.FastBlurThreshold:100]]
[2023.02.16-13.47.29:124][  0]LogConfig: Setting CVar [[r.Upscale.Quality:3]]
[2023.02.16-13.47.29:124][  0]LogConfig: Setting CVar [[r.Tonemapper.GrainQuantization:1]]
[2023.02.16-13.47.29:124][  0]LogConfig: Setting CVar [[r.LightShaftQuality:1]]
[2023.02.16-13.47.29:124][  0]LogConfig: Setting CVar [[r.Filter.SizeScale:1]]
[2023.02.16-13.47.29:124][  0]LogConfig: Setting CVar [[r.Tonemapper.Quality:5]]
[2023.02.16-13.47.29:124][  0]LogConfig: Setting CVar [[r.DOF.Gather.AccumulatorQuality:1        ; higher gathering accumulator quality]]
[2023.02.16-13.47.29:124][  0]LogConfig: Setting CVar [[r.DOF.Gather.PostfilterMethod:1          ; Median3x3 postfilering method]]
[2023.02.16-13.47.29:124][  0]LogConfig: Setting CVar [[r.DOF.Gather.EnableBokehSettings:0       ; no bokeh simulation when gathering]]
[2023.02.16-13.47.29:124][  0]LogConfig: Setting CVar [[r.DOF.Gather.RingCount:4                 ; medium number of samples when gathering]]
[2023.02.16-13.47.29:124][  0]LogConfig: Setting CVar [[r.DOF.Scatter.ForegroundCompositing:1    ; additive foreground scattering]]
[2023.02.16-13.47.29:124][  0]LogConfig: Setting CVar [[r.DOF.Scatter.BackgroundCompositing:2    ; additive background scattering]]
[2023.02.16-13.47.29:124][  0]LogConfig: Setting CVar [[r.DOF.Scatter.EnableBokehSettings:1      ; bokeh simulation when scattering]]
[2023.02.16-13.47.29:124][  0]LogConfig: Setting CVar [[r.DOF.Scatter.MaxSpriteRatio:0.1         ; only a maximum of 10% of scattered bokeh]]
[2023.02.16-13.47.29:124][  0]LogConfig: Setting CVar [[r.DOF.Recombine.Quality:1                ; cheap slight out of focus]]
[2023.02.16-13.47.29:124][  0]LogConfig: Setting CVar [[r.DOF.Recombine.EnableBokehSettings:0    ; no bokeh simulation on slight out of focus]]
[2023.02.16-13.47.29:124][  0]LogConfig: Setting CVar [[r.DOF.TemporalAAQuality:1                ; more stable temporal accumulation]]
[2023.02.16-13.47.29:124][  0]LogConfig: Setting CVar [[r.DOF.Kernel.MaxForegroundRadius:0.025]]
[2023.02.16-13.47.29:124][  0]LogConfig: Setting CVar [[r.DOF.Kernel.MaxBackgroundRadius:0.025]]
[2023.02.16-13.47.29:124][  0]LogConfig: Applying CVar settings from Section [TextureQuality@3] File [D:/UE_Projects/Unreal_Reposit/Project_One/Saved/Config/Windows/Scalability.ini]
[2023.02.16-13.47.29:124][  0]LogConfig: Setting CVar [[r.Streaming.MipBias:0]]
[2023.02.16-13.47.29:124][  0]LogConfig: Setting CVar [[r.Streaming.AmortizeCPUToGPUCopy:0]]
[2023.02.16-13.47.29:124][  0]LogConfig: Setting CVar [[r.Streaming.MaxNumTexturesToStreamPerFrame:0]]
[2023.02.16-13.47.29:124][  0]LogConfig: Setting CVar [[r.Streaming.Boost:1]]
[2023.02.16-13.47.29:124][  0]LogConfig: Setting CVar [[r.MaxAnisotropy:8]]
[2023.02.16-13.47.29:124][  0]LogConfig: Setting CVar [[r.VT.MaxAnisotropy:8]]
[2023.02.16-13.47.29:124][  0]LogConfig: Setting CVar [[r.Streaming.LimitPoolSizeToVRAM:0]]
[2023.02.16-13.47.29:124][  0]LogConfig: Setting CVar [[r.Streaming.PoolSize:1000]]
[2023.02.16-13.47.29:124][  0]LogConfig: Setting CVar [[r.Streaming.MaxEffectiveScreenSize:0]]
[2023.02.16-13.47.29:124][  0]LogConfig: Applying CVar settings from Section [EffectsQuality@3] File [D:/UE_Projects/Unreal_Reposit/Project_One/Saved/Config/Windows/Scalability.ini]
[2023.02.16-13.47.29:124][  0]LogConfig: Setting CVar [[r.TranslucencyLightingVolumeDim:64]]
[2023.02.16-13.47.29:124][  0]LogConfig: Setting CVar [[r.RefractionQuality:2]]
[2023.02.16-13.47.29:124][  0]LogConfig: Setting CVar [[r.SSR.Quality:3]]
[2023.02.16-13.47.29:124][  0]LogConfig: Setting CVar [[r.SSR.HalfResSceneColor:0]]
[2023.02.16-13.47.29:124][  0]LogConfig: Setting CVar [[r.SceneColorFormat:4]]
[2023.02.16-13.47.29:124][  0]LogConfig: Setting CVar [[r.DetailMode:2]]
[2023.02.16-13.47.29:124][  0]LogConfig: Setting CVar [[r.TranslucencyVolumeBlur:1]]
[2023.02.16-13.47.29:124][  0]LogConfig: Setting CVar [[r.MaterialQualityLevel:1 ; High quality]]
[2023.02.16-13.47.29:124][  0]LogConfig: Setting CVar [[r.AnisotropicMaterials:1]]
[2023.02.16-13.47.29:124][  0]LogConfig: Setting CVar [[r.SSS.Scale:1]]
[2023.02.16-13.47.29:124][  0]LogConfig: Setting CVar [[r.SSS.SampleSet:2]]
[2023.02.16-13.47.29:124][  0]LogConfig: Setting CVar [[r.SSS.Quality:1]]
[2023.02.16-13.47.29:124][  0]LogConfig: Setting CVar [[r.SSS.HalfRes:0]]
[2023.02.16-13.47.29:124][  0]LogConfig: Setting CVar [[r.SSGI.Quality:3]]
[2023.02.16-13.47.29:124][  0]LogConfig: Setting CVar [[r.EmitterSpawnRateScale:1.0]]
[2023.02.16-13.47.29:125][  0]LogConfig: Setting CVar [[r.ParticleLightQuality:2]]
[2023.02.16-13.47.29:125][  0]LogConfig: Setting CVar [[r.SkyAtmosphere.AerialPerspectiveLUT.FastApplyOnOpaque:1 ; Always have FastSkyLUT 1 in this case to avoid wrong sky]]
[2023.02.16-13.47.29:125][  0]LogConfig: Setting CVar [[r.SkyAtmosphere.AerialPerspectiveLUT.SampleCountMaxPerSlice:4]]
[2023.02.16-13.47.29:125][  0]LogConfig: Setting CVar [[r.SkyAtmosphere.AerialPerspectiveLUT.DepthResolution:16.0]]
[2023.02.16-13.47.29:125][  0]LogConfig: Setting CVar [[r.SkyAtmosphere.FastSkyLUT:1]]
[2023.02.16-13.47.29:125][  0]LogConfig: Setting CVar [[r.SkyAtmosphere.FastSkyLUT.SampleCountMin:4.0]]
[2023.02.16-13.47.29:125][  0]LogConfig: Setting CVar [[r.SkyAtmosphere.FastSkyLUT.SampleCountMax:128.0]]
[2023.02.16-13.47.29:125][  0]LogConfig: Setting CVar [[r.SkyAtmosphere.SampleCountMin:4.0]]
[2023.02.16-13.47.29:125][  0]LogConfig: Setting CVar [[r.SkyAtmosphere.SampleCountMax:128.0]]
[2023.02.16-13.47.29:125][  0]LogConfig: Setting CVar [[r.SkyAtmosphere.TransmittanceLUT.UseSmallFormat:0]]
[2023.02.16-13.47.29:125][  0]LogConfig: Setting CVar [[r.SkyAtmosphere.TransmittanceLUT.SampleCount:10.0]]
[2023.02.16-13.47.29:125][  0]LogConfig: Setting CVar [[r.SkyAtmosphere.MultiScatteringLUT.SampleCount:15.0]]
[2023.02.16-13.47.29:125][  0]LogConfig: Setting CVar [[r.SkyLight.RealTimeReflectionCapture:1]]
[2023.02.16-13.47.29:125][  0]LogConfig: Applying CVar settings from Section [FoliageQuality@3] File [D:/UE_Projects/Unreal_Reposit/Project_One/Saved/Config/Windows/Scalability.ini]
[2023.02.16-13.47.29:125][  0]LogConfig: Setting CVar [[foliage.DensityScale:1.0]]
[2023.02.16-13.47.29:125][  0]LogConfig: Setting CVar [[grass.DensityScale:1.0]]
[2023.02.16-13.47.29:125][  0]LogConfig: Applying CVar settings from Section [ShadingQuality@3] File [D:/UE_Projects/Unreal_Reposit/Project_One/Saved/Config/Windows/Scalability.ini]
[2023.02.16-13.47.29:125][  0]LogConfig: Setting CVar [[r.HairStrands.SkyLighting.IntegrationType:2]]
[2023.02.16-13.47.29:125][  0]LogConfig: Setting CVar [[r.HairStrands.SkyAO.SampleCount:4]]
[2023.02.16-13.47.29:125][  0]LogConfig: Setting CVar [[r.HairStrands.Visibility.MSAA.SamplePerPixel:4]]
[2023.02.16-13.47.29:125][  0]LogConfig: Applying CVar settings from Section [Startup] File [../../../Engine/Config/ConsoleVariables.ini]
[2023.02.16-13.47.29:125][  0]LogConfig: Setting CVar [[net.UseAdaptiveNetUpdateFrequency:0]]
[2023.02.16-13.47.29:125][  0]LogConfig: Setting CVar [[p.chaos.AllowCreatePhysxBodies:1]]
[2023.02.16-13.47.29:125][  0]LogConfig: Setting CVar [[fx.SkipVectorVMBackendOptimizations:1]]
[2023.02.16-13.47.29:125][  0]LogConfig: Applying CVar settings from Section [ConsoleVariables] File [D:/UE_Projects/Unreal_Reposit/Project_One/Saved/Config/Windows/Engine.ini]
[2023.02.16-13.47.29:125][  0]LogConfig: Applying CVar settings from Section [ConsoleVariables] File [D:/UE_Projects/Unreal_Reposit/Project_One/Saved/Config/Windows/Editor.ini]
[2023.02.16-13.47.29:126][  0]LogInit: Computer: DESKTOP-T1RPGN9
[2023.02.16-13.47.29:126][  0]LogInit: User: User
[2023.02.16-13.47.29:126][  0]LogInit: CPU Page size=4096, Cores=16
[2023.02.16-13.47.29:126][  0]LogInit: High frequency timer resolution =10.000000 MHz
[2023.02.16-13.47.29:126][  0]LogMemory: Memory total: Physical=127.9GB (128GB approx)
[2023.02.16-13.47.29:126][  0]LogMemory: Platform Memory Stats for Windows
[2023.02.16-13.47.29:126][  0]LogMemory: Process Physical Memory: 154.17 MB used, 154.17 MB peak
[2023.02.16-13.47.29:126][  0]LogMemory: Process Virtual Memory: 137.75 MB used, 137.75 MB peak
[2023.02.16-13.47.29:126][  0]LogMemory: Physical Memory: 10000.74 MB used,  120991.95 MB free, 130992.70 MB total
[2023.02.16-13.47.29:126][  0]LogMemory: Virtual Memory: 134081912.00 MB used,  135814.86 MB free, 134217728.00 MB total
[2023.02.16-13.47.29:129][  0]LogWindows: WindowsPlatformFeatures enabled
[2023.02.16-13.47.29:145][  0]LogInit: Physics initialised using underlying interface: PhysX
[2023.02.16-13.47.29:146][  0]LogInit: Using OS detected language (ru-RU).
[2023.02.16-13.47.29:146][  0]LogInit: Using OS detected locale (ru-RU).
[2023.02.16-13.47.29:148][  0]LogTextLocalizationManager: No specific localization for 'ru-RU' exists, so the 'ru' localization will be used.
[2023.02.16-13.47.29:149][  0]LogTextLocalizationResource: LocRes '../../../Engine/Content/Localization/Editor/ru/Editor.locres' could not be opened for reading!
[2023.02.16-13.47.29:149][  0]LogTextLocalizationResource: LocRes '../../../Engine/Content/Localization/EditorTutorials/ru/EditorTutorials.locres' could not be opened for reading!
[2023.02.16-13.47.29:149][  0]LogTextLocalizationResource: LocRes '../../../Engine/Content/Localization/Keywords/ru/Keywords.locres' could not be opened for reading!
[2023.02.16-13.47.29:149][  0]LogTextLocalizationResource: LocRes '../../../Engine/Content/Localization/Category/ru/Category.locres' could not be opened for reading!
[2023.02.16-13.47.29:149][  0]LogTextLocalizationResource: LocRes '../../../Engine/Content/Localization/ToolTips/ru/ToolTips.locres' could not be opened for reading!
[2023.02.16-13.47.29:149][  0]LogTextLocalizationResource: LocRes '../../../Engine/Content/Localization/PropertyNames/ru/PropertyNames.locres' could not be opened for reading!
[2023.02.16-13.47.29:149][  0]LogTextLocalizationResource: LocRes '../../../Engine/Content/Localization/Engine/ru/Engine.locres' could not be opened for reading!
[2023.02.16-13.47.29:150][  0]LogInit: Setting process to per monitor DPI aware
[2023.02.16-13.47.29:158][  0]LogWindowsTextInputMethodSystem: Display: IME system deactivated.
[2023.02.16-13.47.29:170][  0]LogSlate: New Slate User Created.  User Index 0, Is Virtual User: 0
[2023.02.16-13.47.29:170][  0]LogSlate: Slate User Registered.  User Index 0, Is Virtual User: 0
[2023.02.16-13.47.29:254][  0]LogD3D12RHI: Aftermath initialized
[2023.02.16-13.47.29:254][  0]LogD3D12RHI: Loading WinPixEventRuntime.dll for PIX profiling (from ../../../Engine/Binaries/ThirdParty/Windows/WinPixEventRuntime/x64).
[2023.02.16-13.47.29:258][  0]LogHMD: Failed to initialize OpenVR with code 110
[2023.02.16-13.47.29:374][  0]LogD3D12RHI: Found D3D12 adapter 0: NVIDIA GeForce RTX 4080 (Max supported Feature Level 12_1)
[2023.02.16-13.47.29:374][  0]LogD3D12RHI: Adapter has 16064MB of dedicated video memory, 0MB of dedicated system memory, and 65496MB of shared system memory, 2 output[s]
[2023.02.16-13.47.29:379][  0]LogD3D12RHI: Found D3D12 adapter 1: Microsoft Basic Render Driver (Max supported Feature Level 12_1)
[2023.02.16-13.47.29:379][  0]LogD3D12RHI: Adapter has 0MB of dedicated video memory, 0MB of dedicated system memory, and 65496MB of shared system memory, 0 output[s]
[2023.02.16-13.47.29:379][  0]LogD3D12RHI: Forcing D3D12.AsyncDeferredDeletion=0 as a workaround for a deadlock.
[2023.02.16-13.47.29:379][  0]LogD3D12RHI: Chosen D3D12 Adapter Id = 0
[2023.02.16-13.47.29:384][  0]LogD3D12RHI: InitD3DDevice: -D3DDebug = off -D3D12GPUValidation = off
[2023.02.16-13.47.29:384][  0]LogD3D12RHI: Emitting draw events for PIX profiling.
[2023.02.16-13.47.29:444][  0]LogD3D12RHI: The system supports ID3D12Device1.
[2023.02.16-13.47.29:444][  0]LogD3D12RHI: The system supports ID3D12Device2.
[2023.02.16-13.47.29:444][  0]LogD3D12RHI: The system supports ID3D12Device5.
[2023.02.16-13.47.29:444][  0]LogD3D12RHI: The system supports ID3D12Device7.
[2023.02.16-13.47.29:444][  0]LogD3D12RHI: D3D12 ray tracing 1.0 is supported.
[2023.02.16-13.47.29:444][  0]LogD3D12RHI: D3D12 ray tracing 1.1 is supported.
[2023.02.16-13.47.29:468][  0]LogD3D12RHI: [GPUBreadCrumb] Successfully setup breadcrumb resource for 3D Queue 0
[2023.02.16-13.47.29:474][  0]LogD3D12RHI: [GPUBreadCrumb] Successfully setup breadcrumb resource for Copy Queue 0
[2023.02.16-13.47.29:484][  0]LogD3D12RHI: [GPUBreadCrumb] Successfully setup breadcrumb resource for Compute Queue 0
[2023.02.16-13.47.29:519][  0]LogD3D12RHI: Display: Not using pipeline state disk cache per r.D3D12.PSO.DiskCache=0
[2023.02.16-13.47.29:519][  0]LogD3D12RHI: Display: Not using driver-optimized pipeline state disk cache per r.D3D12.PSO.DriverOptimizedDiskCache=0
[2023.02.16-13.47.29:539][  0]LogD3D12RHI:     GPU DeviceId: 0x2704 (for the marketing name, search the web for "GPU Device Id")
[2023.02.16-13.47.29:539][  0]LogWindows: EnumDisplayDevices:
[2023.02.16-13.47.29:539][  0]LogWindows:    0. 'NVIDIA GeForce RTX 4080' (P:1 D:1)
[2023.02.16-13.47.29:539][  0]LogWindows:    1. 'NVIDIA GeForce RTX 4080' (P:0 D:1)
[2023.02.16-13.47.29:540][  0]LogWindows:    2. 'NVIDIA GeForce RTX 4080' (P:0 D:0)
[2023.02.16-13.47.29:540][  0]LogWindows:    3. 'NVIDIA GeForce RTX 4080' (P:0 D:0)
[2023.02.16-13.47.29:540][  0]LogWindows: DebugString: FoundDriverCount:4 
[2023.02.16-13.47.29:540][  0]LogD3D12RHI:     Adapter Name: NVIDIA GeForce RTX 4080
[2023.02.16-13.47.29:540][  0]LogD3D12RHI:   Driver Version: 527.56 (internal:31.0.15.2756, unified:527.56)
[2023.02.16-13.47.29:540][  0]LogD3D12RHI:      Driver Date: 12-5-2022
[2023.02.16-13.47.29:540][  0]LogRHI: Texture pool is 9636 MB (70% of 13766 MB)
[2023.02.16-13.47.29:540][  0]LogD3D12RHI: Async texture creation enabled
[2023.02.16-13.47.29:540][  0]LogD3D12RHI: RHI has support for 64 bit atomics
[2023.02.16-13.47.29:546][  0]LogRHI: GeForceNow SDK initialized: 0
[2023.02.16-13.47.29:751][  0]LogTargetPlatformManager: Display: Loaded TargetPlatform 'AllDesktop'
[2023.02.16-13.47.29:768][  0]LogTargetPlatformManager: Display: Loaded TargetPlatform 'Android'
[2023.02.16-13.47.29:768][  0]LogTargetPlatformManager: Display: Loaded TargetPlatform 'Android_ASTC'
[2023.02.16-13.47.29:768][  0]LogTargetPlatformManager: Display: Loaded TargetPlatform 'Android_DXT'
[2023.02.16-13.47.29:768][  0]LogTargetPlatformManager: Display: Loaded TargetPlatform 'Android_ETC2'
[2023.02.16-13.47.29:768][  0]LogTargetPlatformManager: Display: Loaded TargetPlatform 'AndroidClient'
[2023.02.16-13.47.29:768][  0]LogTargetPlatformManager: Display: Loaded TargetPlatform 'Android_ASTCClient'
[2023.02.16-13.47.29:768][  0]LogTargetPlatformManager: Display: Loaded TargetPlatform 'Android_DXTClient'
[2023.02.16-13.47.29:768][  0]LogTargetPlatformManager: Display: Loaded TargetPlatform 'Android_ETC2Client'
[2023.02.16-13.47.29:768][  0]LogTargetPlatformManager: Display: Loaded TargetPlatform 'Android_Multi'
[2023.02.16-13.47.29:768][  0]LogTargetPlatformManager: Display: Loaded TargetPlatform 'Android_MultiClient'
[2023.02.16-13.47.29:782][  0]LogTargetPlatformManager: Display: Loaded TargetPlatform 'IOSClient'
[2023.02.16-13.47.29:782][  0]LogTargetPlatformManager: Display: Loaded TargetPlatform 'IOS'
[2023.02.16-13.47.29:789][  0]LogTargetPlatformManager: Display: Loaded TargetPlatform 'Linux'
[2023.02.16-13.47.29:793][  0]LogTargetPlatformManager: Display: Loaded TargetPlatform 'LinuxNoEditor'
[2023.02.16-13.47.29:796][  0]LogTargetPlatformManager: Display: Loaded TargetPlatform 'LinuxClient'
[2023.02.16-13.47.29:799][  0]LogTargetPlatformManager: Display: Loaded TargetPlatform 'LinuxServer'
[2023.02.16-13.47.29:806][  0]LogTargetPlatformManager: Display: Loaded TargetPlatform 'LinuxAArch64NoEditor'
[2023.02.16-13.47.29:810][  0]LogTargetPlatformManager: Display: Loaded TargetPlatform 'LinuxAArch64Client'
[2023.02.16-13.47.29:813][  0]LogTargetPlatformManager: Display: Loaded TargetPlatform 'LinuxAArch64Server'
[2023.02.16-13.47.29:832][  0]LogTargetPlatformManager: Display: Loaded TargetPlatform 'Lumin'
[2023.02.16-13.47.29:832][  0]LogTargetPlatformManager: Display: Loaded TargetPlatform 'LuminClient'
[2023.02.16-13.47.29:839][  0]LogTargetPlatformManager: Display: Loaded TargetPlatform 'MacNoEditor'
[2023.02.16-13.47.29:843][  0]LogTargetPlatformManager: Display: Loaded TargetPlatform 'Mac'
[2023.02.16-13.47.29:846][  0]LogTargetPlatformManager: Display: Loaded TargetPlatform 'MacClient'
[2023.02.16-13.47.29:849][  0]LogTargetPlatformManager: Display: Loaded TargetPlatform 'MacServer'
[2023.02.16-13.47.29:857][  0]LogTargetPlatformManager: Display: Loaded TargetPlatform 'TVOSClient'
[2023.02.16-13.47.29:857][  0]LogTargetPlatformManager: Display: Loaded TargetPlatform 'TVOS'
[2023.02.16-13.47.29:864][  0]LogTargetPlatformManager: Display: Loaded TargetPlatform 'WindowsNoEditor'
[2023.02.16-13.47.29:868][  0]LogTargetPlatformManager: Display: Loaded TargetPlatform 'Windows'
[2023.02.16-13.47.29:871][  0]LogTargetPlatformManager: Display: Loaded TargetPlatform 'WindowsClient'
[2023.02.16-13.47.29:875][  0]LogTargetPlatformManager: Display: Loaded TargetPlatform 'WindowsServer'
[2023.02.16-13.47.29:875][  0]LogTargetPlatformManager: Display: Building Assets For Windows
[2023.02.16-13.47.29:880][  0]LogAudioDebug: Display: Lib vorbis DLL was dynamically loaded.
[2023.02.16-13.47.29:903][  0]LogTextureFormatOodle: Display: Oodle Texture 2.9.0 init RDO Off
[2023.02.16-13.47.29:926][  0]LogRendererCore: Ray tracing is enabled for the editor. Reason: r.RayTracing=1.
[2023.02.16-13.47.29:926][  0]LogShaderCompilers: Guid format shader working directory is 3 characters bigger than the processId version (D:/UE_Projects/Unreal_Reposit/Project_One/Intermediate/Shaders/WorkingDirectory/13240/).
[2023.02.16-13.47.29:926][  0]LogShaderCompilers: Cleaned the shader compiler working directory 'C:/Users/User/AppData/Local/Temp/UnrealShaderWorkingDir/6FB2BE6346EA3CEBD535AA948BF5A725/'.
[2023.02.16-13.47.29:926][  0]LogXGEController: Cannot use XGE Controller as Incredibuild is not installed on this machine.
[2023.02.16-13.47.29:926][  0]LogShaderCompilers: Cannot use XGE Shader Compiler as Incredibuild is not installed on this machine.
[2023.02.16-13.47.29:926][  0]LogShaderCompilers: Display: Using Local Shader Compiler.
[2023.02.16-13.47.30:455][  0]LogDerivedDataCache: Display: Max Cache Size: 512 MB
[2023.02.16-13.47.30:500][  0]LogDerivedDataCache: Loaded boot cache 0.05s 132MB C:/Users/User/AppData/Local/UnrealEngine/4.27/DerivedDataCache/Boot.ddc.
[2023.02.16-13.47.30:501][  0]LogDerivedDataCache: Display: Loaded Boot cache: C:/Users/User/AppData/Local/UnrealEngine/4.27/DerivedDataCache/Boot.ddc
[2023.02.16-13.47.30:501][  0]LogDerivedDataCache: FDerivedDataBackendGraph:  Pak pak cache file D:/UE_Projects/Unreal_Reposit/Project_One/DerivedDataCache/DDC.ddp not found, will not use a pak cache.
[2023.02.16-13.47.30:501][  0]LogDerivedDataCache: Unable to find inner node Pak for hierarchical cache Hierarchy.
[2023.02.16-13.47.30:501][  0]LogDerivedDataCache: FDerivedDataBackendGraph:  CompressedPak pak cache file D:/UE_Projects/Unreal_Reposit/Project_One/DerivedDataCache/Compressed.ddp not found, will not use a pak cache.
[2023.02.16-13.47.30:501][  0]LogDerivedDataCache: Unable to find inner node CompressedPak for hierarchical cache Hierarchy.
[2023.02.16-13.47.30:514][  0]LogDerivedDataCache: Display: Pak cache opened for reading ../../../Engine/DerivedDataCache/Compressed.ddp.
[2023.02.16-13.47.30:514][  0]LogDerivedDataCache: FDerivedDataBackendGraph:  EnterprisePak pak cache file ../../../Enterprise/DerivedDataCache/Compressed.ddp not found, will not use a pak cache.
[2023.02.16-13.47.30:514][  0]LogDerivedDataCache: Unable to find inner node EnterprisePak for hierarchical cache Hierarchy.
[2023.02.16-13.47.30:520][  0]LogDerivedDataCache: Speed tests for C:/Users/User/AppData/Local/UnrealEngine/Common/DerivedDataCache took 0.01 seconds
[2023.02.16-13.47.30:520][  0]LogDerivedDataCache: Display: Performance to C:/Users/User/AppData/Local/UnrealEngine/Common/DerivedDataCache: Latency=0.02ms. RandomReadSpeed=443.66MBs, RandomWriteSpeed=249.06MBs. Assigned SpeedClass 'Local'
[2023.02.16-13.47.30:521][  0]LogDerivedDataCache: Using Local data cache path C:/Users/User/AppData/Local/UnrealEngine/Common/DerivedDataCache: Writable
[2023.02.16-13.47.30:521][  0]LogDerivedDataCache: Shared data cache path not found in *engine.ini, will not use an Shared cache.
[2023.02.16-13.47.30:521][  0]LogDerivedDataCache: Unable to find inner node Shared for hierarchical cache Hierarchy.
[2023.02.16-13.47.30:558][  0]LogSlate: Using FreeType 2.10.0
[2023.02.16-13.47.30:558][  0]LogSlate: SlateFontServices - WITH_FREETYPE: 1, WITH_HARFBUZZ: 1
[2023.02.16-13.47.30:575][  0]LogAssetRegistry: FAssetRegistry took 0.0024 seconds to start up
[2023.02.16-13.47.30:731][  0]LogInit: Selected Device Profile: [Windows]
[2023.02.16-13.47.30:731][  0]LogInit: Active device profile: [0000026B53F02D00][0000026B50D44A40 49] Windows
[2023.02.16-13.47.30:731][  0]LogInit: Profiles: [0000026B53F02D00][0000026B50D44A40 49] Windows, [0000026B53EA9700][0000026B50D4CBC0 49] WindowsNoEditor, [0000026B53F02200][0000026B521C6D40 49] WindowsServer, [0000026B53EAA100][0000026B521CAEC0 49] WindowsClient, [0000026B53F00400][0000026B521CF040 49] IOS, [0000026B53EAB400][0000026B521D31C0 49] iPadAir, [0000026B53F00600][0000026B521D7340 49] iPadAir2, [0000026B53E3D000][0000026B535D1600 49] IPadPro, [0000026B53E3D100][0000026B521DB640 49] iPadAir3, [0000026B53EAAC00][0000026B535D57C0 49] iPadAir4, [0000026B53E3DE00][0000026B535D9940 49] iPadMini2, [0000026B53EA8700][0000026B535DDAC0 49] iPadMini3, [0000026B53E3E900][0000026B535E00C0 49] iPadMini4, [0000026B53EAB800][0000026B50D48200 49] iPadMini5, [0000026B53E88900][0000026B535E8440 49] iPhone6, [0000026B53E88A00][0000026B535E4480 49] iPodTouch6, [0000026B53F01700][0000026B5529C700 49] iPhone7, [0000026B53F00C00][0000026B54600740 49] iPodTouch7, [0000026B53E88200][0000026B4D58C8C0 49] iPhone5S, [0000026B53E3DC00][0000026B4D5D8A40 49] iPhone6Plus, [0000026B53E8BA00][0000026B4D5E0BC0 49] iPhone6S, [0000026B53E3CE00][0000026B4FE1CD40 49] iPhone6SPlus, [0000026B53E8B300][0000026B4FE20EC0 49] iPhone7Plus, [0000026B53E3EC00][0000026B4FE25040 49] iPhoneSE, [0000026B53E89E00][0000026B4FE291C0 49] iPhone8, [0000026B53E3D900][0000026B4FE39340 49] iPhone8Plus, [0000026B53E89A00][0000026B4FE414C0 49] iPhoneX, [0000026B53E3E600][0000026B51EA7640 49] iPhoneXS, [0000026B53F02B00][0000026B51EAB7C0 49] iPhoneXSMax, [0000026B53E3F400][0000026B51EAF940 49] iPhoneXR, [0000026B53F03900][0000026B51EB7AC0 49] iPhone11, [0000026B53E3E700][0000026B51ED60C0 49] iPhone11Pro, [0000026B53F00D00][0000026B4FE9E240 49] iPhone11ProMax, [0000026B53E3C800][0000026B4FEA23C0 49] iPhoneSE2, [0000026B53F02300][0000026B54608500 49] iPhone12Mini, [0000026B53E3E200][0000026B4FEA6640 49] iPhone12, [0000026B53F03800][0000026B55294780 49] iPhone12Pro, [0000026B53E3FB00][0000026B4D174900 49] iPhone12ProMax, [0000026B53F00B00][0000026B55614A80 49] iPadPro105, [0000026B53E3D500][0000026B55618C00 49] iPadPro129, [0000026B53F01A00][0000026B5561CD80 49] iPadPro97, [0000026B53E3CF00][0000026B51EBAF00 49] iPadPro2_129, [0000026B53F01500][0000026B55621080 49] iPad5, [0000026B53E3D400][0000026B55625200 49] iPad6, [0000026B53F02500][0000026B55629380 49] iPad7, [0000026B53E3C900][0000026B5562D500 49] iPad8, [0000026B53F02100][0000026B4D18D680 49] iPadPro11, [0000026B53E3E300][0000026B4D191800 49] iPadPro2_11, [0000026B53F00F00][0000026B5499D980 49] iPadPro3_129, [0000026B53E3EB00][0000026B549A1B00 49] iPadPro4_129, [0000026B53F02400][0000026B549A4100 49] AppleTV, [0000026B53E3F900][0000026B549A8280 49] AppleTV4K, [0000026B53F01F00][0000026B549B0400 49] TVOS, [0000026B53E3D700][0000026B549B4580 49] Mac, [0000026B53F02000][0000026B552986C0 49] MacClient, [0000026B53E3C200][0000026B549C2800 49] MacNoEditor, [0000026B53F03C00][0000026B549C6940 49] MacServer, [0000026B53E3FD00][0000026B549CEAC0 49] Linux, [0000026B53F01800][0000026B549D2C40 49] LinuxAArch64, [0000026B53E3F700][0000026B549E0DC0 49] LinuxNoEditor, [0000026B53F03400][0000026B549F0F40 49] LinuxAArch64NoEditor, [0000026B53E3DF00][0000026B553DF0C0 49] LinuxClient, [0000026B53F03600][0000026B55433240 49] LinuxAArch64Client, [0000026B53E3ED00][0000026B554633C0 49] LinuxServer, [0000026B53F00700][0000026B55467540 49] LinuxAArch64Server, [0000026B53E3F600][0000026B5546B6C0 49] Android, [0000026B53F01400][0000026B5546F840 49] Android_Low, [0000026B53E3E400][0000026B554779C0 49] Android_Mid, [0000026B53F02900][0000026B5547BB40 49] Android_High, [0000026B53E3F800][0000026B554AA140 49] Android_Default, [0000026B53F01100][0000026B4D5382C0 49] Android_Adreno4xx, [0000026B53E3CD00][0000026B55274440 49] Android_Adreno5xx_Low, [0000026B53EA9800][0000026B552785C0 49] Android_Adreno5xx, [0000026B53E8B900][0000026B5527C740 49] Android_Adreno6xx, [0000026B53EA9900][0000026B549CA880 49] Android_Adreno6xx_Vulkan, [0000026B53E88800][0000026B5560C9C0 49] Android_Mali_T6xx, [0000026B53EAAD00][0000026B55472B00 49] Android_Mali_T7xx, [0000026B53E88C00][0000026B55610C40 49] Android_Mali_T8xx, [0000026B53EAB300][0000026B55290DC0 49] Android_Mali_G71, [0000026B53E89D00][0000026B5481CF40 49] Android_Mali_G72, [0000026B53EAB200][0000026B5545F0C0 49] Android_Mali_G72_Vulkan, [0000026B53E88700][0000026B51EB3240 49] Android_Mali_G76, [0000026B53EA9300][0000026B554A73C0 49] Android_Mali_G76_Vulkan, [0000026B53E88300][0000026B54821540 49] Android_Mali_G77, [0000026B53EAB700][0000026B4D5536C0 49] Android_Mali_G77_Vulkan, [0000026B53E8AA00][0000026B4D557840 49] Android_Mali_G78, [0000026B53EA8900][0000026B4D55B9C0 49] Android_Mali_G78_Vulkan, [0000026B53E89000][0000026B4D55FB40 49] Android_Mali_G710, [0000026B53EA8300][0000026B4D562140 49] Android_Mali_G710_Vulkan, [0000026B53E8A300][0000026B4D5662C0 49] Android_Vulkan_SM5, [0000026B53EA9D00][0000026B4D56A440 49] Android_PowerVR_G6xxx, [0000026B53E8B100][0000026B4D56E5C0 49] Android_PowerVR_GT7xxx, [0000026B53EABE00][0000026B4D572740 49] Android_PowerVR_GE8xxx, [0000026B53E89C00][0000026B4D5768C0 49] Android_PowerVR_GM9xxx, [0000026B53EABC00][0000026B5528CA00 49] Android_PowerVR_GM9xxx_Vulkan, [0000026B53E8A600][0000026B4D57AB40 49] Android_TegraK1, [0000026B53EA8E00][0000026B4D57EC80 49] Android_Unknown_Vulkan, [0000026B53E88B00][0000026B4D582DC0 49] Lumin, [0000026B53EA8C00][0000026B54790F40 49] Lumin_Desktop, [0000026B53E3DA00][0000026B547950C0 49] HoloLens, 
[2023.02.16-13.47.30:824][  0]LogMeshReduction: Using QuadricMeshReduction for automatic static mesh reduction
[2023.02.16-13.47.30:824][  0]LogMeshReduction: Using SimplygonMeshReduction for automatic skeletal mesh reduction
[2023.02.16-13.47.30:824][  0]LogMeshReduction: Using ProxyLODMeshReduction for automatic mesh merging
[2023.02.16-13.47.30:824][  0]LogMeshReduction: No distributed automatic mesh merging module available
[2023.02.16-13.47.30:824][  0]LogMeshMerging: No distributed automatic mesh merging module available
[2023.02.16-13.47.31:014][  0]LogNetVersion: First_Project 1.0.0, NetCL: 17155196, EngineNetVer: 17, GameNetVer: 0 (Checksum: 343774825)
[2023.02.16-13.47.31:255][  0]LogTexture: Default maximum texture size for cubemaps generated from long-lat sources has been changed from 512 to unlimited. In order to preserve old behaiour for '/Engine/MapTemplates/Sky/DaylightAmbientCubemap.DaylightAmbientCubemap', its maximum texture size has been explicitly set to 512.
[2023.02.16-13.47.31:288][  0]LogHMD: PokeAHoleMaterial loaded successfully
[2023.02.16-13.47.31:293][  0]LogUObjectArray: 17178 objects as part of root set at end of initial load.
[2023.02.16-13.47.31:293][  0]LogUObjectAllocator: 4302048 out of 0 bytes used by permanent object pool.
[2023.02.16-13.47.31:293][  0]LogUObjectArray: CloseDisregardForGC: 0/0 objects in disregard for GC pool
[2023.02.16-13.47.31:401][  0]LogD3D12RHI: Creating RTPSO with 3 shaders (0 cached, 3 new) took 34.27 ms. Compile time 6.04 ms, link time 28.21 ms.
[2023.02.16-13.47.31:415][  0]LogD3D12RHI: Creating RTPSO with 3 shaders (1 cached, 2 new) took 13.55 ms. Compile time 1.74 ms, link time 11.80 ms.
[2023.02.16-13.47.31:534][  0]LogNiagaraDebuggerClient: Niagara Debugger Client Initialized | Session: 00AA97A74053DB5E9B0BBB9E75FB20A3 | Instance: 15ED3B514281BB2F6BBB888149ACF7C1 (DESKTOP-T1RPGN9-13240).
[2023.02.16-13.47.31:617][  0]LogPython: Using Python 3.7.7
[2023.02.16-13.47.31:944][  0]LogTcpMessaging: Initializing TcpMessaging bridge
[2023.02.16-13.47.31:950][  0]LogUdpMessaging: Initializing bridge on interface 0.0.0.0:0 to multicast group 230.0.0.1:6666.
[2023.02.16-13.47.32:045][  0]SourceControl: Source control is disabled
[2023.02.16-13.47.32:334][  0]LogUProjectInfo: Found projects:
[2023.02.16-13.47.32:351][  0]LogVSAccessor: Display: Unable to create Visual Studio setup instance: 80040154
[2023.02.16-13.47.32:351][  0]LogVSAccessor: Display: Unable to create Visual Studio setup instance: 80040154
[2023.02.16-13.47.32:352][  0]LogVSAccessor: Display: Unable to create Visual Studio setup instance: 80040154
[2023.02.16-13.47.32:488][  0]LogOpenImageDenoise: OIDN starting up
[2023.02.16-13.47.32:509][  0]LogAndroidPermission: UAndroidPermissionCallbackProxy::GetInstance
[2023.02.16-13.47.32:521][  0]LogAudioCaptureCore: Display: No Audio Capture implementations found. Audio input will be silent.
[2023.02.16-13.47.32:521][  0]LogAudioCaptureCore: Display: No Audio Capture implementations found. Audio input will be silent.
[2023.02.16-13.47.32:604][  0]LogCollectionManager: Loaded 0 collections in 0.001259 seconds
[2023.02.16-13.47.32:622][  0]LogFileCache: Scanning file cache for directory 'D:/UE_Projects/Unreal_Reposit/Project_One/Saved/Collections/' took 0.00s
[2023.02.16-13.47.32:622][  0]LogFileCache: Scanning file cache for directory 'D:/UE_Projects/Unreal_Reposit/Project_One/Content/Developers/User/Collections/' took 0.00s
[2023.02.16-13.47.32:622][  0]LogFileCache: Scanning file cache for directory 'D:/UE_Projects/Unreal_Reposit/Project_One/Content/Collections/' took 0.00s
[2023.02.16-13.47.32:622][  0]LogOcInput: OculusInput pre-init called
[2023.02.16-13.47.32:777][  0]LogEngine: Initializing Engine...
[2023.02.16-13.47.32:778][  0]LogHMD: Failed to enumerate extensions. Please check that you have a valid OpenXR runtime installed.
[2023.02.16-13.47.32:778][  0]LogHMD: Failed to initialize OpenVR with code 110
[2023.02.16-13.47.32:778][  0]LogMagicLeap: Warning: VR disabled because ZI is not enabled.  To enable, in the editor, Edit -> Project Settings -> Plugins -> Magic Leap Plugin -> Enable Zero Iteration
[2023.02.16-13.47.32:779][  0]LogStats: UGameplayTagsManager::InitializeManager -  0.000 s
[2023.02.16-13.47.32:864][  0]LogInit: Initializing FReadOnlyCVARCache
[2023.02.16-13.47.32:870][  0]LogAIModule: Creating AISystem for world Untitled
[2023.02.16-13.47.32:871][  0]LogAudio: Display: Initializing Audio Device Manager...
[2023.02.16-13.47.32:873][  0]LogAudio: Display: Loading Default Audio Settings Objects...
[2023.02.16-13.47.32:874][  0]LogAudio: Display: No default SoundConcurrencyObject specified (or failed to load).
[2023.02.16-13.47.32:874][  0]LogAudio: Display: Audio Device Manager Initialized
[2023.02.16-13.47.32:874][  0]LogAudio: Display: Creating Audio Device:                 Id: 1, Scope: Shared, Realtime: True
[2023.02.16-13.47.32:874][  0]LogAudioMixer: Display: Audio Mixer Platform Settings:
[2023.02.16-13.47.32:874][  0]LogAudioMixer: Display: 	Sample Rate:						  48000
[2023.02.16-13.47.32:874][  0]LogAudioMixer: Display: 	Callback Buffer Frame Size Requested: 1024
[2023.02.16-13.47.32:874][  0]LogAudioMixer: Display: 	Callback Buffer Frame Size To Use:	  1024
[2023.02.16-13.47.32:874][  0]LogAudioMixer: Display: 	Number of buffers to queue:			  2
[2023.02.16-13.47.32:874][  0]LogAudioMixer: Display: 	Max Channels (voices):				  32
[2023.02.16-13.47.32:874][  0]LogAudioMixer: Display: 	Number of Async Source Workers:		  0
[2023.02.16-13.47.32:874][  0]LogAudio: Display: AudioDevice MaxSources: 32
[2023.02.16-13.47.32:874][  0]LogAudio: Display: Audio Spatialization Plugin: None (built-in).
[2023.02.16-13.47.32:874][  0]LogAudio: Display: Audio Reverb Plugin: None (built-in).
[2023.02.16-13.47.32:874][  0]LogAudio: Display: Audio Occlusion Plugin: None (built-in).
[2023.02.16-13.47.32:874][  0]LogAudioMixer: Display: Initializing audio mixer.
[2023.02.16-13.47.32:882][  0]LogAudioMixer: Display: 0: FrontLeft
[2023.02.16-13.47.32:882][  0]LogAudioMixer: Display: 1: FrontRight
[2023.02.16-13.47.32:902][  0]LogAudioMixer: Display: Using Audio Device PHL 288E2 (NVIDIA High Definition Audio)
[2023.02.16-13.47.32:903][  0]LogAudioMixer: Display: Initializing Sound Submixes...
[2023.02.16-13.47.32:904][  0]LogAudioMixer: Display: Creating Master Submix 'MasterSubmixDefault'
[2023.02.16-13.47.32:904][  0]LogAudioMixer: Display: Creating Master Submix 'MasterReverbSubmixDefault'
[2023.02.16-13.47.32:905][  0]LogAudioMixer: Display: Creating Master Submix 'MasterEQSubmixDefault'
[2023.02.16-13.47.32:905][  0]LogAudioMixer: FMixerPlatformXAudio2::StartAudioStream() called
[2023.02.16-13.47.32:905][  0]LogAudioMixer: Display: Output buffers initialized: Frames=1024, Channels=2, Samples=2048
[2023.02.16-13.47.32:906][  0]LogAudioMixer: Display: Starting AudioMixerPlatformInterface::RunInternal()
[2023.02.16-13.47.32:906][  0]LogAudioMixer: Display: FMixerPlatformXAudio2::SubmitBuffer() called for the first time
[2023.02.16-13.47.32:906][  0]LogInit: FAudioDevice initialized.
[2023.02.16-13.47.32:906][  0]LogAudio: Display: Audio Device (ID: 1) registered with world 'Untitled'.
[2023.02.16-13.47.32:906][  0]LogNetVersion: Set ProjectVersion to 1.0.0.0. Version Checksum will be recalculated on next use.
[2023.02.16-13.47.32:986][  0]LogDerivedDataCache: Saved boot cache 0.08s 132MB C:/Users/User/AppData/Local/UnrealEngine/4.27/DerivedDataCache/Boot.ddc.
[2023.02.16-13.47.32:987][  0]LogInit: Texture streaming: Enabled
[2023.02.16-13.47.32:996][  0]LogAnalytics: Display: [UEEditor.Rocket.Release] APIServer = https://datarouter.ol.epicgames.com/. AppVersion = 4.27.2-18319896+++UE4+Release-4.27
[2023.02.16-13.47.32:999][  0]LogEngineSessionManager: EngineSessionManager initialized
[2023.02.16-13.47.32:999][  0]LogEditorSessionSummary: Verbose: Initializing EditorSessionSummaryWriter for editor session tracking
[2023.02.16-13.47.33:000][  0]LogEditorSessionSummary: EditorSessionSummaryWriter initialized
[2023.02.16-13.47.33:017][  0]LogInit: Transaction tracking system initialized
[2023.02.16-13.47.33:031][  0]BlueprintLog: New page: Editor Load
[2023.02.16-13.47.33:072][  0]LocalizationService: Localization service is disabled
[2023.02.16-13.47.33:087][  0]TimingProfiler: Initialize
[2023.02.16-13.47.33:087][  0]TimingProfiler: OnSessionChanged
[2023.02.16-13.47.33:087][  0]LoadingProfiler: Initialize
[2023.02.16-13.47.33:087][  0]LoadingProfiler: OnSessionChanged
[2023.02.16-13.47.33:087][  0]NetworkingProfiler: Initialize
[2023.02.16-13.47.33:087][  0]NetworkingProfiler: OnSessionChanged
[2023.02.16-13.47.33:087][  0]MemoryProfiler: Initialize
[2023.02.16-13.47.33:087][  0]MemoryProfiler: OnSessionChanged
[2023.02.16-13.47.33:122][  0]LogVSAccessor: Display: Unable to create Visual Studio setup instance: 80040154
[2023.02.16-13.47.33:122][  0]LogVSAccessor: Display: Unable to create Visual Studio setup instance: 80040154
[2023.02.16-13.47.33:122][  0]LogVSAccessor: Display: Unable to create Visual Studio setup instance: 80040154
[2023.02.16-13.47.33:180][  0]LogCook: Display: CookSettings for Memory: MemoryMaxUsedVirtual 0MiB, MemoryMaxUsedPhysical 16384MiB, MemoryMinFreeVirtual 0MiB, MemoryMinFreePhysical 1024MiB
[2023.02.16-13.47.33:181][  0]LogCook: Display: Mobile HDR setting 1
[2023.02.16-13.47.33:294][  0]LogFileCache: Scanning file cache for directory 'D:/UE_Projects/Unreal_Reposit/Project_One/Content/' took 0.00s
[2023.02.16-13.47.33:397][  0]LogInit: Display: Engine is initialized. Leaving FEngineLoop::Init()
[2023.02.16-13.47.33:399][  0]LogUnrealEdMisc: Loading editor; pre map load, took 5.051
[2023.02.16-13.47.33:400][  0]Cmd: MAP LOAD FILE="D:/UE_Projects/Unreal_Reposit/Project_One/Content/ThirdPersonBP/Maps/ThirdPersonExampleMap.umap" TEMPLATE=0 SHOWPROGRESS=1 FEATURELEVEL=3
[2023.02.16-13.47.33:400][  0]LightingResults: New page: Lighting Build
[2023.02.16-13.47.33:401][  0]LogWorld: UWorld::CleanupWorld for Untitled, bSessionEnded=true, bCleanupResources=true
[2023.02.16-13.47.33:401][  0]LogSlate: InvalidateAllWidgets triggered.  All widgets were invalidated
[2023.02.16-13.47.33:401][  0]MapCheck: New page: Map Check
[2023.02.16-13.47.33:401][  0]LightingResults: New page: Lighting Build
[2023.02.16-13.47.33:414][  0]LogAudio: Display: Audio Device unregistered from world 'None'.
[2023.02.16-13.47.33:416][  0]LogUObjectHash: Compacting FUObjectHashTables data took   0.60ms
[2023.02.16-13.47.33:605][  0]LogAudio: Display: Audio Device (ID: 1) registered with world 'ThirdPersonExampleMap'.
[2023.02.16-13.47.33:606][  0]LogAIModule: Creating AISystem for world ThirdPersonExampleMap
[2023.02.16-13.47.33:612][  0]LogEditorServer: Finished looking for orphan Actors (0.000 secs)
[2023.02.16-13.47.33:621][  0]LogUObjectHash: Compacting FUObjectHashTables data took   0.70ms
[2023.02.16-13.47.33:621][  0]Cmd: MAP CHECKDEP NOCLEARLOG
[2023.02.16-13.47.33:621][  0]MapCheck: Map check complete: 0 Error(s), 0 Warning(s), took 0,057ms to complete.
[2023.02.16-13.47.33:621][  0]LogFileHelpers: Loading map 'ThirdPersonExampleMap' took 0.222
[2023.02.16-13.47.33:622][  0]LogUnrealEdMisc: Total Editor Startup Time, took 5.275
[2023.02.16-13.47.33:739][  0]LogSlate: Updating window title bar state: overlay mode, drag disabled, window buttons hidden, title bar hidden
[2023.02.16-13.47.33:743][  0]LogSlate: Updating window title bar state: overlay mode, drag disabled, window buttons hidden, title bar hidden
[2023.02.16-13.47.33:747][  0]LogSlate: Updating window title bar state: overlay mode, drag disabled, window buttons hidden, title bar hidden
[2023.02.16-13.47.33:751][  0]LogSlate: Updating window title bar state: overlay mode, drag disabled, window buttons hidden, title bar hidden
[2023.02.16-13.47.33:761][  0]LogNativeClassHierarchy: Verbose: Native class hierarchy populated in 0.0074 seconds. Added 3822 classes and 928 folders.
[2023.02.16-13.47.33:763][  0]LogNativeClassHierarchy: Verbose: Native class hierarchy updated for 'WidgetCarousel' in 0.0002 seconds. Added 0 classes and 0 folders.
[2023.02.16-13.47.33:763][  0]LogPakFile: PakFile PrimaryIndexSize=187
[2023.02.16-13.47.33:763][  0]LogPakFile: PakFile PathHashIndexSize=101
[2023.02.16-13.47.33:763][  0]LogPakFile: PakFile FullDirectoryIndexSize=148
[2023.02.16-13.47.33:763][  0]LogShaderLibrary: Display: ShaderCodeLibraryPakFileMountedCallback: PakFile 'C:/Program Files/Epic Games/UE_4.27/FeaturePacks/FP_FirstPerson.upack' (chunk index -1, root 'root:/') mounted
[2023.02.16-13.47.33:763][  0]LogShaderLibrary: Display: ShaderCodeLibraryPakFileMountedCallback: pending pak file info (ChunkID:-1 Root:root:/ File:C:/Program Files/Epic Games/UE_4.27/FeaturePacks/FP_FirstPerson.upack)
[2023.02.16-13.47.33:763][  0]LogPakFile: OnPakFileMounted2Time == 0.000038
[2023.02.16-13.47.33:764][  0]LogPakFile: PakFile PrimaryIndexSize=189
[2023.02.16-13.47.33:764][  0]LogPakFile: PakFile PathHashIndexSize=101
[2023.02.16-13.47.33:764][  0]LogPakFile: PakFile FullDirectoryIndexSize=152
[2023.02.16-13.47.33:764][  0]LogShaderLibrary: Display: ShaderCodeLibraryPakFileMountedCallback: PakFile 'C:/Program Files/Epic Games/UE_4.27/FeaturePacks/FP_FirstPersonBP.upack' (chunk index -1, root 'root:/') mounted
[2023.02.16-13.47.33:764][  0]LogShaderLibrary: Display: ShaderCodeLibraryPakFileMountedCallback: pending pak file info (ChunkID:-1 Root:root:/ File:C:/Program Files/Epic Games/UE_4.27/FeaturePacks/FP_FirstPersonBP.upack)
[2023.02.16-13.47.33:764][  0]LogPakFile: OnPakFileMounted2Time == 0.000025
[2023.02.16-13.47.33:764][  0]LogPakFile: PakFile PrimaryIndexSize=191
[2023.02.16-13.47.33:764][  0]LogPakFile: PakFile PathHashIndexSize=101
[2023.02.16-13.47.33:764][  0]LogPakFile: PakFile FullDirectoryIndexSize=160
[2023.02.16-13.47.33:764][  0]LogShaderLibrary: Display: ShaderCodeLibraryPakFileMountedCallback: PakFile 'C:/Program Files/Epic Games/UE_4.27/FeaturePacks/MobileStarterContent.upack' (chunk index -1, root 'root:/') mounted
[2023.02.16-13.47.33:764][  0]LogShaderLibrary: Display: ShaderCodeLibraryPakFileMountedCallback: pending pak file info (ChunkID:-1 Root:root:/ File:C:/Program Files/Epic Games/UE_4.27/FeaturePacks/MobileStarterContent.upack)
[2023.02.16-13.47.33:764][  0]LogPakFile: OnPakFileMounted2Time == 0.000022
[2023.02.16-13.47.33:765][  0]LogPakFile: PakFile PrimaryIndexSize=185
[2023.02.16-13.47.33:765][  0]LogPakFile: PakFile PathHashIndexSize=101
[2023.02.16-13.47.33:765][  0]LogPakFile: PakFile FullDirectoryIndexSize=148
[2023.02.16-13.47.33:765][  0]LogShaderLibrary: Display: ShaderCodeLibraryPakFileMountedCallback: PakFile 'C:/Program Files/Epic Games/UE_4.27/FeaturePacks/StarterContent.upack' (chunk index -1, root 'root:/') mounted
[2023.02.16-13.47.33:765][  0]LogShaderLibrary: Display: ShaderCodeLibraryPakFileMountedCallback: pending pak file info (ChunkID:-1 Root:root:/ File:C:/Program Files/Epic Games/UE_4.27/FeaturePacks/StarterContent.upack)
[2023.02.16-13.47.33:765][  0]LogPakFile: OnPakFileMounted2Time == 0.000023
[2023.02.16-13.47.33:765][  0]LogPakFile: PakFile PrimaryIndexSize=190
[2023.02.16-13.47.33:765][  0]LogPakFile: PakFile PathHashIndexSize=101
[2023.02.16-13.47.33:765][  0]LogPakFile: PakFile FullDirectoryIndexSize=154
[2023.02.16-13.47.33:765][  0]LogShaderLibrary: Display: ShaderCodeLibraryPakFileMountedCallback: PakFile 'C:/Program Files/Epic Games/UE_4.27/FeaturePacks/TP_2DSideScroller.upack' (chunk index -1, root 'root:/') mounted
[2023.02.16-13.47.33:765][  0]LogShaderLibrary: Display: ShaderCodeLibraryPakFileMountedCallback: pending pak file info (ChunkID:-1 Root:root:/ File:C:/Program Files/Epic Games/UE_4.27/FeaturePacks/TP_2DSideScroller.upack)
[2023.02.16-13.47.33:765][  0]LogPakFile: OnPakFileMounted2Time == 0.000022
[2023.02.16-13.47.33:765][  0]LogPakFile: PakFile PrimaryIndexSize=192
[2023.02.16-13.47.33:765][  0]LogPakFile: PakFile PathHashIndexSize=101
[2023.02.16-13.47.33:765][  0]LogPakFile: PakFile FullDirectoryIndexSize=158
[2023.02.16-13.47.33:765][  0]LogShaderLibrary: Display: ShaderCodeLibraryPakFileMountedCallback: PakFile 'C:/Program Files/Epic Games/UE_4.27/FeaturePacks/TP_2DSideScrollerBP.upack' (chunk index -1, root 'root:/') mounted
[2023.02.16-13.47.33:765][  0]LogShaderLibrary: Display: ShaderCodeLibraryPakFileMountedCallback: pending pak file info (ChunkID:-1 Root:root:/ File:C:/Program Files/Epic Games/UE_4.27/FeaturePacks/TP_2DSideScrollerBP.upack)
[2023.02.16-13.47.33:765][  0]LogPakFile: OnPakFileMounted2Time == 0.000021
[2023.02.16-13.47.33:766][  0]LogPakFile: PakFile PrimaryIndexSize=182
[2023.02.16-13.47.33:766][  0]LogPakFile: PakFile PathHashIndexSize=101
[2023.02.16-13.47.33:766][  0]LogPakFile: PakFile FullDirectoryIndexSize=138
[2023.02.16-13.47.33:766][  0]LogShaderLibrary: Display: ShaderCodeLibraryPakFileMountedCallback: PakFile 'C:/Program Files/Epic Games/UE_4.27/FeaturePacks/TP_Flying.upack' (chunk index -1, root 'root:/') mounted
[2023.02.16-13.47.33:766][  0]LogShaderLibrary: Display: ShaderCodeLibraryPakFileMountedCallback: pending pak file info (ChunkID:-1 Root:root:/ File:C:/Program Files/Epic Games/UE_4.27/FeaturePacks/TP_Flying.upack)
[2023.02.16-13.47.33:766][  0]LogPakFile: OnPakFileMounted2Time == 0.000022
[2023.02.16-13.47.33:766][  0]LogPakFile: PakFile PrimaryIndexSize=184
[2023.02.16-13.47.33:766][  0]LogPakFile: PakFile PathHashIndexSize=101
[2023.02.16-13.47.33:766][  0]LogPakFile: PakFile FullDirectoryIndexSize=142
[2023.02.16-13.47.33:766][  0]LogShaderLibrary: Display: ShaderCodeLibraryPakFileMountedCallback: PakFile 'C:/Program Files/Epic Games/UE_4.27/FeaturePacks/TP_FlyingBP.upack' (chunk index -1, root 'root:/') mounted
[2023.02.16-13.47.33:766][  0]LogShaderLibrary: Display: ShaderCodeLibraryPakFileMountedCallback: pending pak file info (ChunkID:-1 Root:root:/ File:C:/Program Files/Epic Games/UE_4.27/FeaturePacks/TP_FlyingBP.upack)
[2023.02.16-13.47.33:766][  0]LogPakFile: OnPakFileMounted2Time == 0.000021
[2023.02.16-13.47.33:766][  0]LogPakFile: PakFile PrimaryIndexSize=188
[2023.02.16-13.47.33:766][  0]LogPakFile: PakFile PathHashIndexSize=101
[2023.02.16-13.47.33:766][  0]LogPakFile: PakFile FullDirectoryIndexSize=150
[2023.02.16-13.47.33:766][  0]LogShaderLibrary: Display: ShaderCodeLibraryPakFileMountedCallback: PakFile 'C:/Program Files/Epic Games/UE_4.27/FeaturePacks/TP_HandheldARBP.upack' (chunk index -1, root 'root:/') mounted
[2023.02.16-13.47.33:766][  0]LogShaderLibrary: Display: ShaderCodeLibraryPakFileMountedCallback: pending pak file info (ChunkID:-1 Root:root:/ File:C:/Program Files/Epic Games/UE_4.27/FeaturePacks/TP_HandheldARBP.upack)
[2023.02.16-13.47.33:766][  0]LogPakFile: OnPakFileMounted2Time == 0.000021
[2023.02.16-13.47.33:767][  0]LogPakFile: PakFile PrimaryIndexSize=182
[2023.02.16-13.47.33:767][  0]LogPakFile: PakFile PathHashIndexSize=101
[2023.02.16-13.47.33:767][  0]LogPakFile: PakFile FullDirectoryIndexSize=138
[2023.02.16-13.47.33:767][  0]LogShaderLibrary: Display: ShaderCodeLibraryPakFileMountedCallback: PakFile 'C:/Program Files/Epic Games/UE_4.27/FeaturePacks/TP_Puzzle.upack' (chunk index -1, root 'root:/') mounted
[2023.02.16-13.47.33:767][  0]LogShaderLibrary: Display: ShaderCodeLibraryPakFileMountedCallback: pending pak file info (ChunkID:-1 Root:root:/ File:C:/Program Files/Epic Games/UE_4.27/FeaturePacks/TP_Puzzle.upack)
[2023.02.16-13.47.33:767][  0]LogPakFile: OnPakFileMounted2Time == 0.000021
[2023.02.16-13.47.33:767][  0]LogPakFile: PakFile PrimaryIndexSize=184
[2023.02.16-13.47.33:767][  0]LogPakFile: PakFile PathHashIndexSize=101
[2023.02.16-13.47.33:767][  0]LogPakFile: PakFile FullDirectoryIndexSize=142
[2023.02.16-13.47.33:767][  0]LogShaderLibrary: Display: ShaderCodeLibraryPakFileMountedCallback: PakFile 'C:/Program Files/Epic Games/UE_4.27/FeaturePacks/TP_PuzzleBP.upack' (chunk index -1, root 'root:/') mounted
[2023.02.16-13.47.33:767][  0]LogShaderLibrary: Display: ShaderCodeLibraryPakFileMountedCallback: pending pak file info (ChunkID:-1 Root:root:/ File:C:/Program Files/Epic Games/UE_4.27/FeaturePacks/TP_PuzzleBP.upack)
[2023.02.16-13.47.33:767][  0]LogPakFile: OnPakFileMounted2Time == 0.000021
[2023.02.16-13.47.33:767][  0]LogPakFile: PakFile PrimaryIndexSize=183
[2023.02.16-13.47.33:768][  0]LogPakFile: PakFile PathHashIndexSize=101
[2023.02.16-13.47.33:768][  0]LogPakFile: PakFile FullDirectoryIndexSize=140
[2023.02.16-13.47.33:768][  0]LogShaderLibrary: Display: ShaderCodeLibraryPakFileMountedCallback: PakFile 'C:/Program Files/Epic Games/UE_4.27/FeaturePacks/TP_Rolling.upack' (chunk index -1, root 'root:/') mounted
[2023.02.16-13.47.33:768][  0]LogShaderLibrary: Display: ShaderCodeLibraryPakFileMountedCallback: pending pak file info (ChunkID:-1 Root:root:/ File:C:/Program Files/Epic Games/UE_4.27/FeaturePacks/TP_Rolling.upack)
[2023.02.16-13.47.33:768][  0]LogPakFile: OnPakFileMounted2Time == 0.000021
[2023.02.16-13.47.33:768][  0]LogPakFile: PakFile PrimaryIndexSize=185
[2023.02.16-13.47.33:768][  0]LogPakFile: PakFile PathHashIndexSize=101
[2023.02.16-13.47.33:768][  0]LogPakFile: PakFile FullDirectoryIndexSize=144
[2023.02.16-13.47.33:768][  0]LogShaderLibrary: Display: ShaderCodeLibraryPakFileMountedCallback: PakFile 'C:/Program Files/Epic Games/UE_4.27/FeaturePacks/TP_RollingBP.upack' (chunk index -1, root 'root:/') mounted
[2023.02.16-13.47.33:768][  0]LogShaderLibrary: Display: ShaderCodeLibraryPakFileMountedCallback: pending pak file info (ChunkID:-1 Root:root:/ File:C:/Program Files/Epic Games/UE_4.27/FeaturePacks/TP_RollingBP.upack)
[2023.02.16-13.47.33:768][  0]LogPakFile: OnPakFileMounted2Time == 0.000022
[2023.02.16-13.47.33:768][  0]LogPakFile: PakFile PrimaryIndexSize=188
[2023.02.16-13.47.33:768][  0]LogPakFile: PakFile PathHashIndexSize=101
[2023.02.16-13.47.33:768][  0]LogPakFile: PakFile FullDirectoryIndexSize=150
[2023.02.16-13.47.33:768][  0]LogShaderLibrary: Display: ShaderCodeLibraryPakFileMountedCallback: PakFile 'C:/Program Files/Epic Games/UE_4.27/FeaturePacks/TP_SideScroller.upack' (chunk index -1, root 'root:/') mounted
[2023.02.16-13.47.33:768][  0]LogShaderLibrary: Display: ShaderCodeLibraryPakFileMountedCallback: pending pak file info (ChunkID:-1 Root:root:/ File:C:/Program Files/Epic Games/UE_4.27/FeaturePacks/TP_SideScroller.upack)
[2023.02.16-13.47.33:768][  0]LogPakFile: OnPakFileMounted2Time == 0.000022
[2023.02.16-13.47.33:769][  0]LogPakFile: PakFile PrimaryIndexSize=190
[2023.02.16-13.47.33:769][  0]LogPakFile: PakFile PathHashIndexSize=101
[2023.02.16-13.47.33:769][  0]LogPakFile: PakFile FullDirectoryIndexSize=154
[2023.02.16-13.47.33:769][  0]LogShaderLibrary: Display: ShaderCodeLibraryPakFileMountedCallback: PakFile 'C:/Program Files/Epic Games/UE_4.27/FeaturePacks/TP_SideScrollerBP.upack' (chunk index -1, root 'root:/') mounted
[2023.02.16-13.47.33:769][  0]LogShaderLibrary: Display: ShaderCodeLibraryPakFileMountedCallback: pending pak file info (ChunkID:-1 Root:root:/ File:C:/Program Files/Epic Games/UE_4.27/FeaturePacks/TP_SideScrollerBP.upack)
[2023.02.16-13.47.33:769][  0]LogPakFile: OnPakFileMounted2Time == 0.000021
[2023.02.16-13.47.33:769][  0]LogPakFile: PakFile PrimaryIndexSize=187
[2023.02.16-13.47.33:769][  0]LogPakFile: PakFile PathHashIndexSize=101
[2023.02.16-13.47.33:769][  0]LogPakFile: PakFile FullDirectoryIndexSize=148
[2023.02.16-13.47.33:769][  0]LogShaderLibrary: Display: ShaderCodeLibraryPakFileMountedCallback: PakFile 'C:/Program Files/Epic Games/UE_4.27/FeaturePacks/TP_ThirdPerson.upack' (chunk index -1, root 'root:/') mounted
[2023.02.16-13.47.33:769][  0]LogShaderLibrary: Display: ShaderCodeLibraryPakFileMountedCallback: pending pak file info (ChunkID:-1 Root:root:/ File:C:/Program Files/Epic Games/UE_4.27/FeaturePacks/TP_ThirdPerson.upack)
[2023.02.16-13.47.33:769][  0]LogPakFile: OnPakFileMounted2Time == 0.000021
[2023.02.16-13.47.33:769][  0]LogPakFile: PakFile PrimaryIndexSize=189
[2023.02.16-13.47.33:769][  0]LogPakFile: PakFile PathHashIndexSize=101
[2023.02.16-13.47.33:769][  0]LogPakFile: PakFile FullDirectoryIndexSize=152
[2023.02.16-13.47.33:769][  0]LogShaderLibrary: Display: ShaderCodeLibraryPakFileMountedCallback: PakFile 'C:/Program Files/Epic Games/UE_4.27/FeaturePacks/TP_ThirdPersonBP.upack' (chunk index -1, root 'root:/') mounted
[2023.02.16-13.47.33:769][  0]LogShaderLibrary: Display: ShaderCodeLibraryPakFileMountedCallback: pending pak file info (ChunkID:-1 Root:root:/ File:C:/Program Files/Epic Games/UE_4.27/FeaturePacks/TP_ThirdPersonBP.upack)
[2023.02.16-13.47.33:769][  0]LogPakFile: OnPakFileMounted2Time == 0.000022
[2023.02.16-13.47.33:770][  0]LogPakFile: PakFile PrimaryIndexSize=183
[2023.02.16-13.47.33:770][  0]LogPakFile: PakFile PathHashIndexSize=101
[2023.02.16-13.47.33:770][  0]LogPakFile: PakFile FullDirectoryIndexSize=140
[2023.02.16-13.47.33:770][  0]LogShaderLibrary: Display: ShaderCodeLibraryPakFileMountedCallback: PakFile 'C:/Program Files/Epic Games/UE_4.27/FeaturePacks/TP_TopDown.upack' (chunk index -1, root 'root:/') mounted
[2023.02.16-13.47.33:770][  0]LogShaderLibrary: Display: ShaderCodeLibraryPakFileMountedCallback: pending pak file info (ChunkID:-1 Root:root:/ File:C:/Program Files/Epic Games/UE_4.27/FeaturePacks/TP_TopDown.upack)
[2023.02.16-13.47.33:770][  0]LogPakFile: OnPakFileMounted2Time == 0.000027
[2023.02.16-13.47.33:770][  0]LogPakFile: PakFile PrimaryIndexSize=185
[2023.02.16-13.47.33:770][  0]LogPakFile: PakFile PathHashIndexSize=101
[2023.02.16-13.47.33:770][  0]LogPakFile: PakFile FullDirectoryIndexSize=144
[2023.02.16-13.47.33:770][  0]LogShaderLibrary: Display: ShaderCodeLibraryPakFileMountedCallback: PakFile 'C:/Program Files/Epic Games/UE_4.27/FeaturePacks/TP_TopDownBP.upack' (chunk index -1, root 'root:/') mounted
[2023.02.16-13.47.33:770][  0]LogShaderLibrary: Display: ShaderCodeLibraryPakFileMountedCallback: pending pak file info (ChunkID:-1 Root:root:/ File:C:/Program Files/Epic Games/UE_4.27/FeaturePacks/TP_TopDownBP.upack)
[2023.02.16-13.47.33:770][  0]LogPakFile: OnPakFileMounted2Time == 0.000021
[2023.02.16-13.47.33:770][  0]LogPakFile: PakFile PrimaryIndexSize=185
[2023.02.16-13.47.33:770][  0]LogPakFile: PakFile PathHashIndexSize=101
[2023.02.16-13.47.33:770][  0]LogPakFile: PakFile FullDirectoryIndexSize=144
[2023.02.16-13.47.33:770][  0]LogShaderLibrary: Display: ShaderCodeLibraryPakFileMountedCallback: PakFile 'C:/Program Files/Epic Games/UE_4.27/FeaturePacks/TP_TwinStick.upack' (chunk index -1, root 'root:/') mounted
[2023.02.16-13.47.33:770][  0]LogShaderLibrary: Display: ShaderCodeLibraryPakFileMountedCallback: pending pak file info (ChunkID:-1 Root:root:/ File:C:/Program Files/Epic Games/UE_4.27/FeaturePacks/TP_TwinStick.upack)
[2023.02.16-13.47.33:770][  0]LogPakFile: OnPakFileMounted2Time == 0.000021
[2023.02.16-13.47.33:771][  0]LogPakFile: PakFile PrimaryIndexSize=187
[2023.02.16-13.47.33:771][  0]LogPakFile: PakFile PathHashIndexSize=101
[2023.02.16-13.47.33:771][  0]LogPakFile: PakFile FullDirectoryIndexSize=148
[2023.02.16-13.47.33:771][  0]LogShaderLibrary: Display: ShaderCodeLibraryPakFileMountedCallback: PakFile 'C:/Program Files/Epic Games/UE_4.27/FeaturePacks/TP_TwinStickBP.upack' (chunk index -1, root 'root:/') mounted
[2023.02.16-13.47.33:771][  0]LogShaderLibrary: Display: ShaderCodeLibraryPakFileMountedCallback: pending pak file info (ChunkID:-1 Root:root:/ File:C:/Program Files/Epic Games/UE_4.27/FeaturePacks/TP_TwinStickBP.upack)
[2023.02.16-13.47.33:771][  0]LogPakFile: OnPakFileMounted2Time == 0.000022
[2023.02.16-13.47.33:771][  0]LogPakFile: PakFile PrimaryIndexSize=183
[2023.02.16-13.47.33:771][  0]LogPakFile: PakFile PathHashIndexSize=101
[2023.02.16-13.47.33:771][  0]LogPakFile: PakFile FullDirectoryIndexSize=140
[2023.02.16-13.47.33:771][  0]LogShaderLibrary: Display: ShaderCodeLibraryPakFileMountedCallback: PakFile 'C:/Program Files/Epic Games/UE_4.27/FeaturePacks/TP_Vehicle.upack' (chunk index -1, root 'root:/') mounted
[2023.02.16-13.47.33:771][  0]LogShaderLibrary: Display: ShaderCodeLibraryPakFileMountedCallback: pending pak file info (ChunkID:-1 Root:root:/ File:C:/Program Files/Epic Games/UE_4.27/FeaturePacks/TP_Vehicle.upack)
[2023.02.16-13.47.33:771][  0]LogPakFile: OnPakFileMounted2Time == 0.000024
[2023.02.16-13.47.33:771][  0]LogPakFile: PakFile PrimaryIndexSize=186
[2023.02.16-13.47.33:771][  0]LogPakFile: PakFile PathHashIndexSize=101
[2023.02.16-13.47.33:771][  0]LogPakFile: PakFile FullDirectoryIndexSize=146
[2023.02.16-13.47.33:771][  0]LogShaderLibrary: Display: ShaderCodeLibraryPakFileMountedCallback: PakFile 'C:/Program Files/Epic Games/UE_4.27/FeaturePacks/TP_VehicleAdv.upack' (chunk index -1, root 'root:/') mounted
[2023.02.16-13.47.33:771][  0]LogShaderLibrary: Display: ShaderCodeLibraryPakFileMountedCallback: pending pak file info (ChunkID:-1 Root:root:/ File:C:/Program Files/Epic Games/UE_4.27/FeaturePacks/TP_VehicleAdv.upack)
[2023.02.16-13.47.33:771][  0]LogPakFile: OnPakFileMounted2Time == 0.000022
[2023.02.16-13.47.33:772][  0]LogPakFile: PakFile PrimaryIndexSize=188
[2023.02.16-13.47.33:772][  0]LogPakFile: PakFile PathHashIndexSize=101
[2023.02.16-13.47.33:772][  0]LogPakFile: PakFile FullDirectoryIndexSize=150
[2023.02.16-13.47.33:772][  0]LogShaderLibrary: Display: ShaderCodeLibraryPakFileMountedCallback: PakFile 'C:/Program Files/Epic Games/UE_4.27/FeaturePacks/TP_VehicleAdvBP.upack' (chunk index -1, root 'root:/') mounted
[2023.02.16-13.47.33:772][  0]LogShaderLibrary: Display: ShaderCodeLibraryPakFileMountedCallback: pending pak file info (ChunkID:-1 Root:root:/ File:C:/Program Files/Epic Games/UE_4.27/FeaturePacks/TP_VehicleAdvBP.upack)
[2023.02.16-13.47.33:772][  0]LogPakFile: OnPakFileMounted2Time == 0.000021
[2023.02.16-13.47.33:772][  0]LogPakFile: PakFile PrimaryIndexSize=185
[2023.02.16-13.47.33:772][  0]LogPakFile: PakFile PathHashIndexSize=101
[2023.02.16-13.47.33:772][  0]LogPakFile: PakFile FullDirectoryIndexSize=144
[2023.02.16-13.47.33:772][  0]LogShaderLibrary: Display: ShaderCodeLibraryPakFileMountedCallback: PakFile 'C:/Program Files/Epic Games/UE_4.27/FeaturePacks/TP_VehicleBP.upack' (chunk index -1, root 'root:/') mounted
[2023.02.16-13.47.33:772][  0]LogShaderLibrary: Display: ShaderCodeLibraryPakFileMountedCallback: pending pak file info (ChunkID:-1 Root:root:/ File:C:/Program Files/Epic Games/UE_4.27/FeaturePacks/TP_VehicleBP.upack)
[2023.02.16-13.47.33:772][  0]LogPakFile: OnPakFileMounted2Time == 0.000022
[2023.02.16-13.47.33:772][  0]LogPakFile: PakFile PrimaryIndexSize=192
[2023.02.16-13.47.33:772][  0]LogPakFile: PakFile PathHashIndexSize=101
[2023.02.16-13.47.33:772][  0]LogPakFile: PakFile FullDirectoryIndexSize=158
[2023.02.16-13.47.33:772][  0]LogShaderLibrary: Display: ShaderCodeLibraryPakFileMountedCallback: PakFile 'C:/Program Files/Epic Games/UE_4.27/FeaturePacks/TP_VirtualRealityBP.upack' (chunk index -1, root 'root:/') mounted
[2023.02.16-13.47.33:772][  0]LogShaderLibrary: Display: ShaderCodeLibraryPakFileMountedCallback: pending pak file info (ChunkID:-1 Root:root:/ File:C:/Program Files/Epic Games/UE_4.27/FeaturePacks/TP_VirtualRealityBP.upack)
[2023.02.16-13.47.33:772][  0]LogPakFile: OnPakFileMounted2Time == 0.000022
[2023.02.16-13.47.33:805][  0]LogNativeClassHierarchy: Verbose: Native class hierarchy updated for 'AddContentDialog' in 0.0002 seconds. Added 0 classes and 0 folders.
[2023.02.16-13.47.33:885][  0]LogSlate: Took 0.000095 seconds to synchronously load lazily loaded font '../../../Engine/Content/Slate/Fonts/Roboto-Regular.ttf' (155K)
[2023.02.16-13.47.33:886][  0]LogSlate: Took 0.000069 seconds to synchronously load lazily loaded font '../../../Engine/Content/Editor/Slate/Fonts/FontAwesome.ttf' (139K)
[2023.02.16-13.47.33:887][  0]LogSlate: Took 0.000068 seconds to synchronously load lazily loaded font '../../../Engine/Content/Slate/Fonts/Roboto-Bold.ttf' (160K)
[2023.02.16-13.47.33:958][  0]LogRenderer: Reallocating scene render targets to support 1808x996 Format 10 NumSamples 1 (Frame:1).
[2023.02.16-13.47.34:119][  0]LogD3D12RHI: Creating RTPSO with 133 shaders (0 cached, 133 new) took 125.81 ms. Compile time 112.03 ms, link time 13.62 ms.
[2023.02.16-13.47.34:220][  0]LogD3D12RHI: Creating RT View Heap with 250000 entries
[2023.02.16-13.47.34:223][  0]LogD3D12RHI: Creating RT Sampler Heap with 2048 entries
[2023.02.16-13.47.34:242][  0]LogD3D12RHI: Creating RTPSO with 8 shaders (0 cached, 8 new) took 17.69 ms. Compile time 16.51 ms, link time 1.16 ms.
[2023.02.16-13.47.34:242][  0]LogD3D12RHI: Creating RT View Heap with 250000 entries
[2023.02.16-13.47.34:244][  0]LogD3D12RHI: Creating RT Sampler Heap with 2048 entries
[2023.02.16-13.47.34:309][  0]LogD3D12RHI: Creating RTPSO with 3 shaders (2 cached, 1 new) took 63.66 ms. Compile time 0.62 ms, link time 63.02 ms.
[2023.02.16-13.47.34:309][  0]LogD3D12RHI: Creating RT View Heap with 250000 entries
[2023.02.16-13.47.34:312][  0]LogD3D12RHI: Creating RT Sampler Heap with 2048 entries
[2023.02.16-13.47.34:444][  0]LogNativeClassHierarchy: Verbose: Native class hierarchy updated for 'HierarchicalLODOutliner' in 0.0002 seconds. Added 0 classes and 0 folders.
[2023.02.16-13.47.34:444][  0]LogInput: Warning: Action Jump uses invalid key OculusGo_Left_Trigger_Click.
[2023.02.16-13.47.34:444][  0]LogInput: Warning: Action ResetVR uses invalid key OculusGo_Left_Trackpad_Click.
[2023.02.16-13.47.34:444][  0]LogInput: Warning: Use -RemoveInvalidKeys to remove instances of these keys from the action mapping.
[2023.02.16-13.47.34:444][  0]LogLoad: (Engine Initialization) Total time: 6.10 seconds
[2023.02.16-13.47.34:444][  0]LogLoad: (Engine Initialization) Total Blueprint compile time: 0.00 seconds
[2023.02.16-13.47.34:475][  0]LogAssetRegistry: Asset discovery search completed in 3.9002 seconds
[2023.02.16-13.47.34:478][  0]LogCollectionManager: Fixed up redirectors for 0 collections in 0.000003 seconds (updated 0 objects)
[2023.02.16-13.47.34:479][  0]LogContentStreaming: Texture pool size now 1000 MB
[2023.02.16-13.47.34:660][  6]LogD3D12RHI: Creating RT View Heap with 250000 entries
[2023.02.16-13.47.34:690][  6]LogD3D12RHI: Creating RT Sampler Heap with 2048 entries
[2023.02.16-13.47.34:692][  6]LogD3D12RHI: Creating RT View Heap with 250000 entries
[2023.02.16-13.47.34:693][  6]LogD3D12RHI: Creating RT Sampler Heap with 2048 entries
[2023.02.16-13.47.34:695][  6]LogD3D12RHI: Creating RT View Heap with 250000 entries
[2023.02.16-13.47.34:697][  6]LogD3D12RHI: Creating RT Sampler Heap with 2048 entries
